{"numFailedTestSuites":4,"numFailedTests":26,"numPassedTestSuites":7,"numPassedTests":108,"numPendingTestSuites":0,"numPendingTests":0,"numRuntimeErrorTestSuites":1,"numTodoTests":0,"numTotalTestSuites":11,"numTotalTests":134,"openHandles":[],"snapshot":{"added":0,"didUpdate":false,"failure":false,"filesAdded":0,"filesRemoved":0,"filesRemovedList":[],"filesUnmatched":0,"filesUpdated":0,"matched":0,"total":0,"unchecked":0,"uncheckedKeysByFile":[],"unmatched":0,"updated":0},"startTime":1770076475621,"success":false,"testResults":[{"assertionResults":[{"ancestorTitles":["Posts API Integration Tests","POST /api/posts"],"duration":32,"failing":false,"failureDetails":[{}],"failureMessages":["TypeError: Cannot read properties of undefined (reading 'id')\n    at Object.<anonymous> (D:\\SoftWare\\OnlyJs\\Backend\\backend-projects\\blog-api\\__tests__\\integration\\posts.test.ts:26:41)\n    at processTicksAndRejections (node:internal/process/task_queues:105:5)"],"fullName":"Posts API Integration Tests POST /api/posts should create a new post with valid token","invocations":1,"location":null,"numPassingAsserts":0,"retryReasons":[],"startAt":1770076478429,"status":"failed","title":"should create a new post with valid token"},{"ancestorTitles":["Posts API Integration Tests","POST /api/posts"],"duration":6,"failing":false,"failureDetails":[{}],"failureMessages":["TypeError: Cannot read properties of undefined (reading 'id')\n    at Object.<anonymous> (D:\\SoftWare\\OnlyJs\\Backend\\backend-projects\\blog-api\\__tests__\\integration\\posts.test.ts:26:41)\n    at processTicksAndRejections (node:internal/process/task_queues:105:5)"],"fullName":"Posts API Integration Tests POST /api/posts should return 401 without authentication","invocations":1,"location":null,"numPassingAsserts":0,"retryReasons":[],"startAt":1770076478471,"status":"failed","title":"should return 401 without authentication"},{"ancestorTitles":["Posts API Integration Tests","POST /api/posts"],"duration":5,"failing":false,"failureDetails":[{}],"failureMessages":["TypeError: Cannot read properties of undefined (reading 'id')\n    at Object.<anonymous> (D:\\SoftWare\\OnlyJs\\Backend\\backend-projects\\blog-api\\__tests__\\integration\\posts.test.ts:26:41)\n    at processTicksAndRejections (node:internal/process/task_queues:105:5)"],"fullName":"Posts API Integration Tests POST /api/posts should return 400 for short title","invocations":1,"location":null,"numPassingAsserts":0,"retryReasons":[],"startAt":1770076478478,"status":"failed","title":"should return 400 for short title"},{"ancestorTitles":["Posts API Integration Tests","POST /api/posts"],"duration":6,"failing":false,"failureDetails":[{}],"failureMessages":["TypeError: Cannot read properties of undefined (reading 'id')\n    at Object.<anonymous> (D:\\SoftWare\\OnlyJs\\Backend\\backend-projects\\blog-api\\__tests__\\integration\\posts.test.ts:26:41)\n    at processTicksAndRejections (node:internal/process/task_queues:105:5)"],"fullName":"Posts API Integration Tests POST /api/posts should return 400 for short content","invocations":1,"location":null,"numPassingAsserts":0,"retryReasons":[],"startAt":1770076478484,"status":"failed","title":"should return 400 for short content"},{"ancestorTitles":["Posts API Integration Tests","GET /api/posts"],"duration":7,"failing":false,"failureDetails":[{}],"failureMessages":["TypeError: Cannot read properties of undefined (reading 'id')\n    at Object.<anonymous> (D:\\SoftWare\\OnlyJs\\Backend\\backend-projects\\blog-api\\__tests__\\integration\\posts.test.ts:26:41)\n    at processTicksAndRejections (node:internal/process/task_queues:105:5)"],"fullName":"Posts API Integration Tests GET /api/posts should get all posts","invocations":1,"location":null,"numPassingAsserts":0,"retryReasons":[],"startAt":1770076478491,"status":"failed","title":"should get all posts"},{"ancestorTitles":["Posts API Integration Tests","GET /api/posts"],"duration":6,"failing":false,"failureDetails":[{}],"failureMessages":["TypeError: Cannot read properties of undefined (reading 'id')\n    at Object.<anonymous> (D:\\SoftWare\\OnlyJs\\Backend\\backend-projects\\blog-api\\__tests__\\integration\\posts.test.ts:26:41)\n    at processTicksAndRejections (node:internal/process/task_queues:105:5)"],"fullName":"Posts API Integration Tests GET /api/posts should filter published posts","invocations":1,"location":null,"numPassingAsserts":0,"retryReasons":[],"startAt":1770076478499,"status":"failed","title":"should filter published posts"},{"ancestorTitles":["Posts API Integration Tests","GET /api/posts"],"duration":5,"failing":false,"failureDetails":[{}],"failureMessages":["TypeError: Cannot read properties of undefined (reading 'id')\n    at Object.<anonymous> (D:\\SoftWare\\OnlyJs\\Backend\\backend-projects\\blog-api\\__tests__\\integration\\posts.test.ts:26:41)\n    at processTicksAndRejections (node:internal/process/task_queues:105:5)"],"fullName":"Posts API Integration Tests GET /api/posts should support pagination","invocations":1,"location":null,"numPassingAsserts":0,"retryReasons":[],"startAt":1770076478506,"status":"failed","title":"should support pagination"},{"ancestorTitles":["Posts API Integration Tests","GET /api/posts/:id"],"duration":8,"failing":false,"failureDetails":[{}],"failureMessages":["TypeError: Cannot read properties of undefined (reading 'id')\n    at Object.<anonymous> (D:\\SoftWare\\OnlyJs\\Backend\\backend-projects\\blog-api\\__tests__\\integration\\posts.test.ts:26:41)\n    at processTicksAndRejections (node:internal/process/task_queues:105:5)"],"fullName":"Posts API Integration Tests GET /api/posts/:id should get post by id","invocations":1,"location":null,"numPassingAsserts":0,"retryReasons":[],"startAt":1770076478514,"status":"failed","title":"should get post by id"},{"ancestorTitles":["Posts API Integration Tests","GET /api/posts/:id"],"duration":10,"failing":false,"failureDetails":[{}],"failureMessages":["TypeError: Cannot read properties of undefined (reading 'id')\n    at Object.<anonymous> (D:\\SoftWare\\OnlyJs\\Backend\\backend-projects\\blog-api\\__tests__\\integration\\posts.test.ts:26:41)\n    at processTicksAndRejections (node:internal/process/task_queues:105:5)"],"fullName":"Posts API Integration Tests GET /api/posts/:id should return 404 for non-existent post","invocations":1,"location":null,"numPassingAsserts":0,"retryReasons":[],"startAt":1770076478524,"status":"failed","title":"should return 404 for non-existent post"},{"ancestorTitles":["Posts API Integration Tests","PUT /api/posts/:id"],"duration":8,"failing":false,"failureDetails":[{}],"failureMessages":["TypeError: Cannot read properties of undefined (reading 'id')\n    at Object.<anonymous> (D:\\SoftWare\\OnlyJs\\Backend\\backend-projects\\blog-api\\__tests__\\integration\\posts.test.ts:26:41)\n    at processTicksAndRejections (node:internal/process/task_queues:105:5)"],"fullName":"Posts API Integration Tests PUT /api/posts/:id should update own post","invocations":1,"location":null,"numPassingAsserts":0,"retryReasons":[],"startAt":1770076478535,"status":"failed","title":"should update own post"},{"ancestorTitles":["Posts API Integration Tests","PUT /api/posts/:id"],"duration":5,"failing":false,"failureDetails":[{}],"failureMessages":["TypeError: Cannot read properties of undefined (reading 'id')\n    at Object.<anonymous> (D:\\SoftWare\\OnlyJs\\Backend\\backend-projects\\blog-api\\__tests__\\integration\\posts.test.ts:26:41)\n    at processTicksAndRejections (node:internal/process/task_queues:105:5)"],"fullName":"Posts API Integration Tests PUT /api/posts/:id should return 403 when updating others post","invocations":1,"location":null,"numPassingAsserts":0,"retryReasons":[],"startAt":1770076478543,"status":"failed","title":"should return 403 when updating others post"},{"ancestorTitles":["Posts API Integration Tests","PUT /api/posts/:id"],"duration":8,"failing":false,"failureDetails":[{}],"failureMessages":["TypeError: Cannot read properties of undefined (reading 'id')\n    at Object.<anonymous> (D:\\SoftWare\\OnlyJs\\Backend\\backend-projects\\blog-api\\__tests__\\integration\\posts.test.ts:26:41)\n    at processTicksAndRejections (node:internal/process/task_queues:105:5)"],"fullName":"Posts API Integration Tests PUT /api/posts/:id should return 401 without authentication","invocations":1,"location":null,"numPassingAsserts":0,"retryReasons":[],"startAt":1770076478548,"status":"failed","title":"should return 401 without authentication"},{"ancestorTitles":["Posts API Integration Tests","DELETE /api/posts/:id"],"duration":5,"failing":false,"failureDetails":[{}],"failureMessages":["TypeError: Cannot read properties of undefined (reading 'id')\n    at Object.<anonymous> (D:\\SoftWare\\OnlyJs\\Backend\\backend-projects\\blog-api\\__tests__\\integration\\posts.test.ts:26:41)\n    at processTicksAndRejections (node:internal/process/task_queues:105:5)"],"fullName":"Posts API Integration Tests DELETE /api/posts/:id should delete own post","invocations":1,"location":null,"numPassingAsserts":0,"retryReasons":[],"startAt":1770076478557,"status":"failed","title":"should delete own post"},{"ancestorTitles":["Posts API Integration Tests","DELETE /api/posts/:id"],"duration":5,"failing":false,"failureDetails":[{}],"failureMessages":["TypeError: Cannot read properties of undefined (reading 'id')\n    at Object.<anonymous> (D:\\SoftWare\\OnlyJs\\Backend\\backend-projects\\blog-api\\__tests__\\integration\\posts.test.ts:26:41)\n    at processTicksAndRejections (node:internal/process/task_queues:105:5)"],"fullName":"Posts API Integration Tests DELETE /api/posts/:id should return 403 when deleting others post","invocations":1,"location":null,"numPassingAsserts":0,"retryReasons":[],"startAt":1770076478562,"status":"failed","title":"should return 403 when deleting others post"},{"ancestorTitles":["Posts API Integration Tests","DELETE /api/posts/:id"],"duration":5,"failing":false,"failureDetails":[{}],"failureMessages":["TypeError: Cannot read properties of undefined (reading 'id')\n    at Object.<anonymous> (D:\\SoftWare\\OnlyJs\\Backend\\backend-projects\\blog-api\\__tests__\\integration\\posts.test.ts:26:41)\n    at processTicksAndRejections (node:internal/process/task_queues:105:5)"],"fullName":"Posts API Integration Tests DELETE /api/posts/:id should return 401 without authentication","invocations":1,"location":null,"numPassingAsserts":0,"retryReasons":[],"startAt":1770076478568,"status":"failed","title":"should return 401 without authentication"}],"endTime":1770076478615,"message":"\u001b[1m\u001b[31m  \u001b[1m● \u001b[22m\u001b[1mPosts API Integration Tests › POST /api/posts › should create a new post with valid token\u001b[39m\u001b[22m\n\n    TypeError: Cannot read properties of undefined (reading 'id')\n\u001b[2m\u001b[22m\n\u001b[2m    \u001b[0m \u001b[90m 24 |\u001b[39m     \u001b[22m\n\u001b[2m     \u001b[90m 25 |\u001b[39m     authToken \u001b[33m=\u001b[39m registerResponse\u001b[33m.\u001b[39mbody\u001b[33m.\u001b[39mtoken\u001b[33m;\u001b[39m\u001b[22m\n\u001b[2m    \u001b[31m\u001b[1m>\u001b[22m\u001b[2m\u001b[39m\u001b[90m 26 |\u001b[39m     userId \u001b[33m=\u001b[39m registerResponse\u001b[33m.\u001b[39mbody\u001b[33m.\u001b[39muser\u001b[33m.\u001b[39mid\u001b[33m;\u001b[39m\u001b[22m\n\u001b[2m     \u001b[90m    |\u001b[39m                                         \u001b[31m\u001b[1m^\u001b[22m\u001b[2m\u001b[39m\u001b[22m\n\u001b[2m     \u001b[90m 27 |\u001b[39m   })\u001b[33m;\u001b[39m\u001b[22m\n\u001b[2m     \u001b[90m 28 |\u001b[39m\u001b[22m\n\u001b[2m     \u001b[90m 29 |\u001b[39m   afterAll(\u001b[36masync\u001b[39m () \u001b[33m=>\u001b[39m {\u001b[0m\u001b[22m\n\u001b[2m\u001b[22m\n\u001b[2m      \u001b[2mat Object.<anonymous> (\u001b[22m\u001b[2m\u001b[0m\u001b[36m__tests__/integration/posts.test.ts\u001b[39m\u001b[0m\u001b[2m:26:41)\u001b[22m\u001b[2m\u001b[22m\n\n\u001b[1m\u001b[31m  \u001b[1m● \u001b[22m\u001b[1mPosts API Integration Tests › POST /api/posts › should return 401 without authentication\u001b[39m\u001b[22m\n\n    TypeError: Cannot read properties of undefined (reading 'id')\n\u001b[2m\u001b[22m\n\u001b[2m    \u001b[0m \u001b[90m 24 |\u001b[39m     \u001b[22m\n\u001b[2m     \u001b[90m 25 |\u001b[39m     authToken \u001b[33m=\u001b[39m registerResponse\u001b[33m.\u001b[39mbody\u001b[33m.\u001b[39mtoken\u001b[33m;\u001b[39m\u001b[22m\n\u001b[2m    \u001b[31m\u001b[1m>\u001b[22m\u001b[2m\u001b[39m\u001b[90m 26 |\u001b[39m     userId \u001b[33m=\u001b[39m registerResponse\u001b[33m.\u001b[39mbody\u001b[33m.\u001b[39muser\u001b[33m.\u001b[39mid\u001b[33m;\u001b[39m\u001b[22m\n\u001b[2m     \u001b[90m    |\u001b[39m                                         \u001b[31m\u001b[1m^\u001b[22m\u001b[2m\u001b[39m\u001b[22m\n\u001b[2m     \u001b[90m 27 |\u001b[39m   })\u001b[33m;\u001b[39m\u001b[22m\n\u001b[2m     \u001b[90m 28 |\u001b[39m\u001b[22m\n\u001b[2m     \u001b[90m 29 |\u001b[39m   afterAll(\u001b[36masync\u001b[39m () \u001b[33m=>\u001b[39m {\u001b[0m\u001b[22m\n\u001b[2m\u001b[22m\n\u001b[2m      \u001b[2mat Object.<anonymous> (\u001b[22m\u001b[2m\u001b[0m\u001b[36m__tests__/integration/posts.test.ts\u001b[39m\u001b[0m\u001b[2m:26:41)\u001b[22m\u001b[2m\u001b[22m\n\n\u001b[1m\u001b[31m  \u001b[1m● \u001b[22m\u001b[1mPosts API Integration Tests › POST /api/posts › should return 400 for short title\u001b[39m\u001b[22m\n\n    TypeError: Cannot read properties of undefined (reading 'id')\n\u001b[2m\u001b[22m\n\u001b[2m    \u001b[0m \u001b[90m 24 |\u001b[39m     \u001b[22m\n\u001b[2m     \u001b[90m 25 |\u001b[39m     authToken \u001b[33m=\u001b[39m registerResponse\u001b[33m.\u001b[39mbody\u001b[33m.\u001b[39mtoken\u001b[33m;\u001b[39m\u001b[22m\n\u001b[2m    \u001b[31m\u001b[1m>\u001b[22m\u001b[2m\u001b[39m\u001b[90m 26 |\u001b[39m     userId \u001b[33m=\u001b[39m registerResponse\u001b[33m.\u001b[39mbody\u001b[33m.\u001b[39muser\u001b[33m.\u001b[39mid\u001b[33m;\u001b[39m\u001b[22m\n\u001b[2m     \u001b[90m    |\u001b[39m                                         \u001b[31m\u001b[1m^\u001b[22m\u001b[2m\u001b[39m\u001b[22m\n\u001b[2m     \u001b[90m 27 |\u001b[39m   })\u001b[33m;\u001b[39m\u001b[22m\n\u001b[2m     \u001b[90m 28 |\u001b[39m\u001b[22m\n\u001b[2m     \u001b[90m 29 |\u001b[39m   afterAll(\u001b[36masync\u001b[39m () \u001b[33m=>\u001b[39m {\u001b[0m\u001b[22m\n\u001b[2m\u001b[22m\n\u001b[2m      \u001b[2mat Object.<anonymous> (\u001b[22m\u001b[2m\u001b[0m\u001b[36m__tests__/integration/posts.test.ts\u001b[39m\u001b[0m\u001b[2m:26:41)\u001b[22m\u001b[2m\u001b[22m\n\n\u001b[1m\u001b[31m  \u001b[1m● \u001b[22m\u001b[1mPosts API Integration Tests › POST /api/posts › should return 400 for short content\u001b[39m\u001b[22m\n\n    TypeError: Cannot read properties of undefined (reading 'id')\n\u001b[2m\u001b[22m\n\u001b[2m    \u001b[0m \u001b[90m 24 |\u001b[39m     \u001b[22m\n\u001b[2m     \u001b[90m 25 |\u001b[39m     authToken \u001b[33m=\u001b[39m registerResponse\u001b[33m.\u001b[39mbody\u001b[33m.\u001b[39mtoken\u001b[33m;\u001b[39m\u001b[22m\n\u001b[2m    \u001b[31m\u001b[1m>\u001b[22m\u001b[2m\u001b[39m\u001b[90m 26 |\u001b[39m     userId \u001b[33m=\u001b[39m registerResponse\u001b[33m.\u001b[39mbody\u001b[33m.\u001b[39muser\u001b[33m.\u001b[39mid\u001b[33m;\u001b[39m\u001b[22m\n\u001b[2m     \u001b[90m    |\u001b[39m                                         \u001b[31m\u001b[1m^\u001b[22m\u001b[2m\u001b[39m\u001b[22m\n\u001b[2m     \u001b[90m 27 |\u001b[39m   })\u001b[33m;\u001b[39m\u001b[22m\n\u001b[2m     \u001b[90m 28 |\u001b[39m\u001b[22m\n\u001b[2m     \u001b[90m 29 |\u001b[39m   afterAll(\u001b[36masync\u001b[39m () \u001b[33m=>\u001b[39m {\u001b[0m\u001b[22m\n\u001b[2m\u001b[22m\n\u001b[2m      \u001b[2mat Object.<anonymous> (\u001b[22m\u001b[2m\u001b[0m\u001b[36m__tests__/integration/posts.test.ts\u001b[39m\u001b[0m\u001b[2m:26:41)\u001b[22m\u001b[2m\u001b[22m\n\n\u001b[1m\u001b[31m  \u001b[1m● \u001b[22m\u001b[1mPosts API Integration Tests › GET /api/posts › should get all posts\u001b[39m\u001b[22m\n\n    TypeError: Cannot read properties of undefined (reading 'id')\n\u001b[2m\u001b[22m\n\u001b[2m    \u001b[0m \u001b[90m 24 |\u001b[39m     \u001b[22m\n\u001b[2m     \u001b[90m 25 |\u001b[39m     authToken \u001b[33m=\u001b[39m registerResponse\u001b[33m.\u001b[39mbody\u001b[33m.\u001b[39mtoken\u001b[33m;\u001b[39m\u001b[22m\n\u001b[2m    \u001b[31m\u001b[1m>\u001b[22m\u001b[2m\u001b[39m\u001b[90m 26 |\u001b[39m     userId \u001b[33m=\u001b[39m registerResponse\u001b[33m.\u001b[39mbody\u001b[33m.\u001b[39muser\u001b[33m.\u001b[39mid\u001b[33m;\u001b[39m\u001b[22m\n\u001b[2m     \u001b[90m    |\u001b[39m                                         \u001b[31m\u001b[1m^\u001b[22m\u001b[2m\u001b[39m\u001b[22m\n\u001b[2m     \u001b[90m 27 |\u001b[39m   })\u001b[33m;\u001b[39m\u001b[22m\n\u001b[2m     \u001b[90m 28 |\u001b[39m\u001b[22m\n\u001b[2m     \u001b[90m 29 |\u001b[39m   afterAll(\u001b[36masync\u001b[39m () \u001b[33m=>\u001b[39m {\u001b[0m\u001b[22m\n\u001b[2m\u001b[22m\n\u001b[2m      \u001b[2mat Object.<anonymous> (\u001b[22m\u001b[2m\u001b[0m\u001b[36m__tests__/integration/posts.test.ts\u001b[39m\u001b[0m\u001b[2m:26:41)\u001b[22m\u001b[2m\u001b[22m\n\n\u001b[1m\u001b[31m  \u001b[1m● \u001b[22m\u001b[1mPosts API Integration Tests › GET /api/posts › should filter published posts\u001b[39m\u001b[22m\n\n    TypeError: Cannot read properties of undefined (reading 'id')\n\u001b[2m\u001b[22m\n\u001b[2m    \u001b[0m \u001b[90m 24 |\u001b[39m     \u001b[22m\n\u001b[2m     \u001b[90m 25 |\u001b[39m     authToken \u001b[33m=\u001b[39m registerResponse\u001b[33m.\u001b[39mbody\u001b[33m.\u001b[39mtoken\u001b[33m;\u001b[39m\u001b[22m\n\u001b[2m    \u001b[31m\u001b[1m>\u001b[22m\u001b[2m\u001b[39m\u001b[90m 26 |\u001b[39m     userId \u001b[33m=\u001b[39m registerResponse\u001b[33m.\u001b[39mbody\u001b[33m.\u001b[39muser\u001b[33m.\u001b[39mid\u001b[33m;\u001b[39m\u001b[22m\n\u001b[2m     \u001b[90m    |\u001b[39m                                         \u001b[31m\u001b[1m^\u001b[22m\u001b[2m\u001b[39m\u001b[22m\n\u001b[2m     \u001b[90m 27 |\u001b[39m   })\u001b[33m;\u001b[39m\u001b[22m\n\u001b[2m     \u001b[90m 28 |\u001b[39m\u001b[22m\n\u001b[2m     \u001b[90m 29 |\u001b[39m   afterAll(\u001b[36masync\u001b[39m () \u001b[33m=>\u001b[39m {\u001b[0m\u001b[22m\n\u001b[2m\u001b[22m\n\u001b[2m      \u001b[2mat Object.<anonymous> (\u001b[22m\u001b[2m\u001b[0m\u001b[36m__tests__/integration/posts.test.ts\u001b[39m\u001b[0m\u001b[2m:26:41)\u001b[22m\u001b[2m\u001b[22m\n\n\u001b[1m\u001b[31m  \u001b[1m● \u001b[22m\u001b[1mPosts API Integration Tests › GET /api/posts › should support pagination\u001b[39m\u001b[22m\n\n    TypeError: Cannot read properties of undefined (reading 'id')\n\u001b[2m\u001b[22m\n\u001b[2m    \u001b[0m \u001b[90m 24 |\u001b[39m     \u001b[22m\n\u001b[2m     \u001b[90m 25 |\u001b[39m     authToken \u001b[33m=\u001b[39m registerResponse\u001b[33m.\u001b[39mbody\u001b[33m.\u001b[39mtoken\u001b[33m;\u001b[39m\u001b[22m\n\u001b[2m    \u001b[31m\u001b[1m>\u001b[22m\u001b[2m\u001b[39m\u001b[90m 26 |\u001b[39m     userId \u001b[33m=\u001b[39m registerResponse\u001b[33m.\u001b[39mbody\u001b[33m.\u001b[39muser\u001b[33m.\u001b[39mid\u001b[33m;\u001b[39m\u001b[22m\n\u001b[2m     \u001b[90m    |\u001b[39m                                         \u001b[31m\u001b[1m^\u001b[22m\u001b[2m\u001b[39m\u001b[22m\n\u001b[2m     \u001b[90m 27 |\u001b[39m   })\u001b[33m;\u001b[39m\u001b[22m\n\u001b[2m     \u001b[90m 28 |\u001b[39m\u001b[22m\n\u001b[2m     \u001b[90m 29 |\u001b[39m   afterAll(\u001b[36masync\u001b[39m () \u001b[33m=>\u001b[39m {\u001b[0m\u001b[22m\n\u001b[2m\u001b[22m\n\u001b[2m      \u001b[2mat Object.<anonymous> (\u001b[22m\u001b[2m\u001b[0m\u001b[36m__tests__/integration/posts.test.ts\u001b[39m\u001b[0m\u001b[2m:26:41)\u001b[22m\u001b[2m\u001b[22m\n\n\u001b[1m\u001b[31m  \u001b[1m● \u001b[22m\u001b[1mPosts API Integration Tests › GET /api/posts/:id › should get post by id\u001b[39m\u001b[22m\n\n    TypeError: Cannot read properties of undefined (reading 'id')\n\u001b[2m\u001b[22m\n\u001b[2m    \u001b[0m \u001b[90m 24 |\u001b[39m     \u001b[22m\n\u001b[2m     \u001b[90m 25 |\u001b[39m     authToken \u001b[33m=\u001b[39m registerResponse\u001b[33m.\u001b[39mbody\u001b[33m.\u001b[39mtoken\u001b[33m;\u001b[39m\u001b[22m\n\u001b[2m    \u001b[31m\u001b[1m>\u001b[22m\u001b[2m\u001b[39m\u001b[90m 26 |\u001b[39m     userId \u001b[33m=\u001b[39m registerResponse\u001b[33m.\u001b[39mbody\u001b[33m.\u001b[39muser\u001b[33m.\u001b[39mid\u001b[33m;\u001b[39m\u001b[22m\n\u001b[2m     \u001b[90m    |\u001b[39m                                         \u001b[31m\u001b[1m^\u001b[22m\u001b[2m\u001b[39m\u001b[22m\n\u001b[2m     \u001b[90m 27 |\u001b[39m   })\u001b[33m;\u001b[39m\u001b[22m\n\u001b[2m     \u001b[90m 28 |\u001b[39m\u001b[22m\n\u001b[2m     \u001b[90m 29 |\u001b[39m   afterAll(\u001b[36masync\u001b[39m () \u001b[33m=>\u001b[39m {\u001b[0m\u001b[22m\n\u001b[2m\u001b[22m\n\u001b[2m      \u001b[2mat Object.<anonymous> (\u001b[22m\u001b[2m\u001b[0m\u001b[36m__tests__/integration/posts.test.ts\u001b[39m\u001b[0m\u001b[2m:26:41)\u001b[22m\u001b[2m\u001b[22m\n\n\u001b[1m\u001b[31m  \u001b[1m● \u001b[22m\u001b[1mPosts API Integration Tests › GET /api/posts/:id › should return 404 for non-existent post\u001b[39m\u001b[22m\n\n    TypeError: Cannot read properties of undefined (reading 'id')\n\u001b[2m\u001b[22m\n\u001b[2m    \u001b[0m \u001b[90m 24 |\u001b[39m     \u001b[22m\n\u001b[2m     \u001b[90m 25 |\u001b[39m     authToken \u001b[33m=\u001b[39m registerResponse\u001b[33m.\u001b[39mbody\u001b[33m.\u001b[39mtoken\u001b[33m;\u001b[39m\u001b[22m\n\u001b[2m    \u001b[31m\u001b[1m>\u001b[22m\u001b[2m\u001b[39m\u001b[90m 26 |\u001b[39m     userId \u001b[33m=\u001b[39m registerResponse\u001b[33m.\u001b[39mbody\u001b[33m.\u001b[39muser\u001b[33m.\u001b[39mid\u001b[33m;\u001b[39m\u001b[22m\n\u001b[2m     \u001b[90m    |\u001b[39m                                         \u001b[31m\u001b[1m^\u001b[22m\u001b[2m\u001b[39m\u001b[22m\n\u001b[2m     \u001b[90m 27 |\u001b[39m   })\u001b[33m;\u001b[39m\u001b[22m\n\u001b[2m     \u001b[90m 28 |\u001b[39m\u001b[22m\n\u001b[2m     \u001b[90m 29 |\u001b[39m   afterAll(\u001b[36masync\u001b[39m () \u001b[33m=>\u001b[39m {\u001b[0m\u001b[22m\n\u001b[2m\u001b[22m\n\u001b[2m      \u001b[2mat Object.<anonymous> (\u001b[22m\u001b[2m\u001b[0m\u001b[36m__tests__/integration/posts.test.ts\u001b[39m\u001b[0m\u001b[2m:26:41)\u001b[22m\u001b[2m\u001b[22m\n\n\u001b[1m\u001b[31m  \u001b[1m● \u001b[22m\u001b[1mPosts API Integration Tests › PUT /api/posts/:id › should update own post\u001b[39m\u001b[22m\n\n    TypeError: Cannot read properties of undefined (reading 'id')\n\u001b[2m\u001b[22m\n\u001b[2m    \u001b[0m \u001b[90m 24 |\u001b[39m     \u001b[22m\n\u001b[2m     \u001b[90m 25 |\u001b[39m     authToken \u001b[33m=\u001b[39m registerResponse\u001b[33m.\u001b[39mbody\u001b[33m.\u001b[39mtoken\u001b[33m;\u001b[39m\u001b[22m\n\u001b[2m    \u001b[31m\u001b[1m>\u001b[22m\u001b[2m\u001b[39m\u001b[90m 26 |\u001b[39m     userId \u001b[33m=\u001b[39m registerResponse\u001b[33m.\u001b[39mbody\u001b[33m.\u001b[39muser\u001b[33m.\u001b[39mid\u001b[33m;\u001b[39m\u001b[22m\n\u001b[2m     \u001b[90m    |\u001b[39m                                         \u001b[31m\u001b[1m^\u001b[22m\u001b[2m\u001b[39m\u001b[22m\n\u001b[2m     \u001b[90m 27 |\u001b[39m   })\u001b[33m;\u001b[39m\u001b[22m\n\u001b[2m     \u001b[90m 28 |\u001b[39m\u001b[22m\n\u001b[2m     \u001b[90m 29 |\u001b[39m   afterAll(\u001b[36masync\u001b[39m () \u001b[33m=>\u001b[39m {\u001b[0m\u001b[22m\n\u001b[2m\u001b[22m\n\u001b[2m      \u001b[2mat Object.<anonymous> (\u001b[22m\u001b[2m\u001b[0m\u001b[36m__tests__/integration/posts.test.ts\u001b[39m\u001b[0m\u001b[2m:26:41)\u001b[22m\u001b[2m\u001b[22m\n\n\u001b[1m\u001b[31m  \u001b[1m● \u001b[22m\u001b[1mPosts API Integration Tests › PUT /api/posts/:id › should return 403 when updating others post\u001b[39m\u001b[22m\n\n    TypeError: Cannot read properties of undefined (reading 'id')\n\u001b[2m\u001b[22m\n\u001b[2m    \u001b[0m \u001b[90m 24 |\u001b[39m     \u001b[22m\n\u001b[2m     \u001b[90m 25 |\u001b[39m     authToken \u001b[33m=\u001b[39m registerResponse\u001b[33m.\u001b[39mbody\u001b[33m.\u001b[39mtoken\u001b[33m;\u001b[39m\u001b[22m\n\u001b[2m    \u001b[31m\u001b[1m>\u001b[22m\u001b[2m\u001b[39m\u001b[90m 26 |\u001b[39m     userId \u001b[33m=\u001b[39m registerResponse\u001b[33m.\u001b[39mbody\u001b[33m.\u001b[39muser\u001b[33m.\u001b[39mid\u001b[33m;\u001b[39m\u001b[22m\n\u001b[2m     \u001b[90m    |\u001b[39m                                         \u001b[31m\u001b[1m^\u001b[22m\u001b[2m\u001b[39m\u001b[22m\n\u001b[2m     \u001b[90m 27 |\u001b[39m   })\u001b[33m;\u001b[39m\u001b[22m\n\u001b[2m     \u001b[90m 28 |\u001b[39m\u001b[22m\n\u001b[2m     \u001b[90m 29 |\u001b[39m   afterAll(\u001b[36masync\u001b[39m () \u001b[33m=>\u001b[39m {\u001b[0m\u001b[22m\n\u001b[2m\u001b[22m\n\u001b[2m      \u001b[2mat Object.<anonymous> (\u001b[22m\u001b[2m\u001b[0m\u001b[36m__tests__/integration/posts.test.ts\u001b[39m\u001b[0m\u001b[2m:26:41)\u001b[22m\u001b[2m\u001b[22m\n\n\u001b[1m\u001b[31m  \u001b[1m● \u001b[22m\u001b[1mPosts API Integration Tests › PUT /api/posts/:id › should return 401 without authentication\u001b[39m\u001b[22m\n\n    TypeError: Cannot read properties of undefined (reading 'id')\n\u001b[2m\u001b[22m\n\u001b[2m    \u001b[0m \u001b[90m 24 |\u001b[39m     \u001b[22m\n\u001b[2m     \u001b[90m 25 |\u001b[39m     authToken \u001b[33m=\u001b[39m registerResponse\u001b[33m.\u001b[39mbody\u001b[33m.\u001b[39mtoken\u001b[33m;\u001b[39m\u001b[22m\n\u001b[2m    \u001b[31m\u001b[1m>\u001b[22m\u001b[2m\u001b[39m\u001b[90m 26 |\u001b[39m     userId \u001b[33m=\u001b[39m registerResponse\u001b[33m.\u001b[39mbody\u001b[33m.\u001b[39muser\u001b[33m.\u001b[39mid\u001b[33m;\u001b[39m\u001b[22m\n\u001b[2m     \u001b[90m    |\u001b[39m                                         \u001b[31m\u001b[1m^\u001b[22m\u001b[2m\u001b[39m\u001b[22m\n\u001b[2m     \u001b[90m 27 |\u001b[39m   })\u001b[33m;\u001b[39m\u001b[22m\n\u001b[2m     \u001b[90m 28 |\u001b[39m\u001b[22m\n\u001b[2m     \u001b[90m 29 |\u001b[39m   afterAll(\u001b[36masync\u001b[39m () \u001b[33m=>\u001b[39m {\u001b[0m\u001b[22m\n\u001b[2m\u001b[22m\n\u001b[2m      \u001b[2mat Object.<anonymous> (\u001b[22m\u001b[2m\u001b[0m\u001b[36m__tests__/integration/posts.test.ts\u001b[39m\u001b[0m\u001b[2m:26:41)\u001b[22m\u001b[2m\u001b[22m\n\n\u001b[1m\u001b[31m  \u001b[1m● \u001b[22m\u001b[1mPosts API Integration Tests › DELETE /api/posts/:id › should delete own post\u001b[39m\u001b[22m\n\n    TypeError: Cannot read properties of undefined (reading 'id')\n\u001b[2m\u001b[22m\n\u001b[2m    \u001b[0m \u001b[90m 24 |\u001b[39m     \u001b[22m\n\u001b[2m     \u001b[90m 25 |\u001b[39m     authToken \u001b[33m=\u001b[39m registerResponse\u001b[33m.\u001b[39mbody\u001b[33m.\u001b[39mtoken\u001b[33m;\u001b[39m\u001b[22m\n\u001b[2m    \u001b[31m\u001b[1m>\u001b[22m\u001b[2m\u001b[39m\u001b[90m 26 |\u001b[39m     userId \u001b[33m=\u001b[39m registerResponse\u001b[33m.\u001b[39mbody\u001b[33m.\u001b[39muser\u001b[33m.\u001b[39mid\u001b[33m;\u001b[39m\u001b[22m\n\u001b[2m     \u001b[90m    |\u001b[39m                                         \u001b[31m\u001b[1m^\u001b[22m\u001b[2m\u001b[39m\u001b[22m\n\u001b[2m     \u001b[90m 27 |\u001b[39m   })\u001b[33m;\u001b[39m\u001b[22m\n\u001b[2m     \u001b[90m 28 |\u001b[39m\u001b[22m\n\u001b[2m     \u001b[90m 29 |\u001b[39m   afterAll(\u001b[36masync\u001b[39m () \u001b[33m=>\u001b[39m {\u001b[0m\u001b[22m\n\u001b[2m\u001b[22m\n\u001b[2m      \u001b[2mat Object.<anonymous> (\u001b[22m\u001b[2m\u001b[0m\u001b[36m__tests__/integration/posts.test.ts\u001b[39m\u001b[0m\u001b[2m:26:41)\u001b[22m\u001b[2m\u001b[22m\n\n\u001b[1m\u001b[31m  \u001b[1m● \u001b[22m\u001b[1mPosts API Integration Tests › DELETE /api/posts/:id › should return 403 when deleting others post\u001b[39m\u001b[22m\n\n    TypeError: Cannot read properties of undefined (reading 'id')\n\u001b[2m\u001b[22m\n\u001b[2m    \u001b[0m \u001b[90m 24 |\u001b[39m     \u001b[22m\n\u001b[2m     \u001b[90m 25 |\u001b[39m     authToken \u001b[33m=\u001b[39m registerResponse\u001b[33m.\u001b[39mbody\u001b[33m.\u001b[39mtoken\u001b[33m;\u001b[39m\u001b[22m\n\u001b[2m    \u001b[31m\u001b[1m>\u001b[22m\u001b[2m\u001b[39m\u001b[90m 26 |\u001b[39m     userId \u001b[33m=\u001b[39m registerResponse\u001b[33m.\u001b[39mbody\u001b[33m.\u001b[39muser\u001b[33m.\u001b[39mid\u001b[33m;\u001b[39m\u001b[22m\n\u001b[2m     \u001b[90m    |\u001b[39m                                         \u001b[31m\u001b[1m^\u001b[22m\u001b[2m\u001b[39m\u001b[22m\n\u001b[2m     \u001b[90m 27 |\u001b[39m   })\u001b[33m;\u001b[39m\u001b[22m\n\u001b[2m     \u001b[90m 28 |\u001b[39m\u001b[22m\n\u001b[2m     \u001b[90m 29 |\u001b[39m   afterAll(\u001b[36masync\u001b[39m () \u001b[33m=>\u001b[39m {\u001b[0m\u001b[22m\n\u001b[2m\u001b[22m\n\u001b[2m      \u001b[2mat Object.<anonymous> (\u001b[22m\u001b[2m\u001b[0m\u001b[36m__tests__/integration/posts.test.ts\u001b[39m\u001b[0m\u001b[2m:26:41)\u001b[22m\u001b[2m\u001b[22m\n\n\u001b[1m\u001b[31m  \u001b[1m● \u001b[22m\u001b[1mPosts API Integration Tests › DELETE /api/posts/:id › should return 401 without authentication\u001b[39m\u001b[22m\n\n    TypeError: Cannot read properties of undefined (reading 'id')\n\u001b[2m\u001b[22m\n\u001b[2m    \u001b[0m \u001b[90m 24 |\u001b[39m     \u001b[22m\n\u001b[2m     \u001b[90m 25 |\u001b[39m     authToken \u001b[33m=\u001b[39m registerResponse\u001b[33m.\u001b[39mbody\u001b[33m.\u001b[39mtoken\u001b[33m;\u001b[39m\u001b[22m\n\u001b[2m    \u001b[31m\u001b[1m>\u001b[22m\u001b[2m\u001b[39m\u001b[90m 26 |\u001b[39m     userId \u001b[33m=\u001b[39m registerResponse\u001b[33m.\u001b[39mbody\u001b[33m.\u001b[39muser\u001b[33m.\u001b[39mid\u001b[33m;\u001b[39m\u001b[22m\n\u001b[2m     \u001b[90m    |\u001b[39m                                         \u001b[31m\u001b[1m^\u001b[22m\u001b[2m\u001b[39m\u001b[22m\n\u001b[2m     \u001b[90m 27 |\u001b[39m   })\u001b[33m;\u001b[39m\u001b[22m\n\u001b[2m     \u001b[90m 28 |\u001b[39m\u001b[22m\n\u001b[2m     \u001b[90m 29 |\u001b[39m   afterAll(\u001b[36masync\u001b[39m () \u001b[33m=>\u001b[39m {\u001b[0m\u001b[22m\n\u001b[2m\u001b[22m\n\u001b[2m      \u001b[2mat Object.<anonymous> (\u001b[22m\u001b[2m\u001b[0m\u001b[36m__tests__/integration/posts.test.ts\u001b[39m\u001b[0m\u001b[2m:26:41)\u001b[22m\u001b[2m\u001b[22m\n","name":"D:\\SoftWare\\OnlyJs\\Backend\\backend-projects\\blog-api\\__tests__\\integration\\posts.test.ts","startTime":1770076475875,"status":"failed","summary":""},{"assertionResults":[{"ancestorTitles":["Auth API Integration Tests","POST /api/auth/register"],"duration":114,"failing":false,"failureDetails":[{}],"failureMessages":["Error: expected 201 \"Created\", got 409 \"Conflict\"\n    at Object.<anonymous> (D:\\SoftWare\\OnlyJs\\Backend\\backend-projects\\blog-api\\__tests__\\integration\\auth.test.ts:22:10)\n    at Promise.finally.completed (D:\\SoftWare\\OnlyJs\\Backend\\backend-projects\\blog-api\\node_modules\\jest-circus\\build\\jestAdapterInit.js:1557:28)\n    at new Promise (<anonymous>)\n    at callAsyncCircusFn (D:\\SoftWare\\OnlyJs\\Backend\\backend-projects\\blog-api\\node_modules\\jest-circus\\build\\jestAdapterInit.js:1497:10)\n    at _callCircusTest (D:\\SoftWare\\OnlyJs\\Backend\\backend-projects\\blog-api\\node_modules\\jest-circus\\build\\jestAdapterInit.js:1007:40)\n    at _runTest (D:\\SoftWare\\OnlyJs\\Backend\\backend-projects\\blog-api\\node_modules\\jest-circus\\build\\jestAdapterInit.js:947:3)\n    at D:\\SoftWare\\OnlyJs\\Backend\\backend-projects\\blog-api\\node_modules\\jest-circus\\build\\jestAdapterInit.js:849:7\n    at _runTestsForDescribeBlock (D:\\SoftWare\\OnlyJs\\Backend\\backend-projects\\blog-api\\node_modules\\jest-circus\\build\\jestAdapterInit.js:862:11)\n    at _runTestsForDescribeBlock (D:\\SoftWare\\OnlyJs\\Backend\\backend-projects\\blog-api\\node_modules\\jest-circus\\build\\jestAdapterInit.js:857:11)\n    at _runTestsForDescribeBlock (D:\\SoftWare\\OnlyJs\\Backend\\backend-projects\\blog-api\\node_modules\\jest-circus\\build\\jestAdapterInit.js:857:11)\n    at run (D:\\SoftWare\\OnlyJs\\Backend\\backend-projects\\blog-api\\node_modules\\jest-circus\\build\\jestAdapterInit.js:761:3)\n    at runAndTransformResultsToJestFormat (D:\\SoftWare\\OnlyJs\\Backend\\backend-projects\\blog-api\\node_modules\\jest-circus\\build\\jestAdapterInit.js:1918:21)\n    at jestAdapter (D:\\SoftWare\\OnlyJs\\Backend\\backend-projects\\blog-api\\node_modules\\jest-circus\\build\\runner.js:101:19)\n    at runTestInternal (D:\\SoftWare\\OnlyJs\\Backend\\backend-projects\\blog-api\\node_modules\\jest-runner\\build\\index.js:275:16)\n    at runTest (D:\\SoftWare\\OnlyJs\\Backend\\backend-projects\\blog-api\\node_modules\\jest-runner\\build\\index.js:343:7)\n----\n    at Test._assertStatus (D:\\SoftWare\\OnlyJs\\Backend\\backend-projects\\blog-api\\node_modules\\supertest\\lib\\test.js:309:14)\n    at D:\\SoftWare\\OnlyJs\\Backend\\backend-projects\\blog-api\\node_modules\\supertest\\lib\\test.js:365:13\n    at Test._assertFunction (D:\\SoftWare\\OnlyJs\\Backend\\backend-projects\\blog-api\\node_modules\\supertest\\lib\\test.js:342:13)\n    at Test.assert (D:\\SoftWare\\OnlyJs\\Backend\\backend-projects\\blog-api\\node_modules\\supertest\\lib\\test.js:195:23)\n    at localAssert (D:\\SoftWare\\OnlyJs\\Backend\\backend-projects\\blog-api\\node_modules\\supertest\\lib\\test.js:138:14)\n    at Server.<anonymous> (D:\\SoftWare\\OnlyJs\\Backend\\backend-projects\\blog-api\\node_modules\\supertest\\lib\\test.js:152:11)\n    at Object.onceWrapper (node:events:633:28)\n    at Server.emit (node:events:519:28)\n    at emitCloseNT (node:net:2419:8)\n    at processTicksAndRejections (node:internal/process/task_queues:89:21)"],"fullName":"Auth API Integration Tests POST /api/auth/register should register a new user with valid data","invocations":1,"location":null,"numPassingAsserts":0,"retryReasons":[],"startAt":1770076479037,"status":"failed","title":"should register a new user with valid data"},{"ancestorTitles":["Auth API Integration Tests","POST /api/auth/register"],"duration":6,"failing":false,"failureDetails":[],"failureMessages":[],"fullName":"Auth API Integration Tests POST /api/auth/register should return 400 for invalid email","invocations":1,"location":null,"numPassingAsserts":1,"retryReasons":[],"startAt":1770076479153,"status":"passed","title":"should return 400 for invalid email"},{"ancestorTitles":["Auth API Integration Tests","POST /api/auth/register"],"duration":5,"failing":false,"failureDetails":[],"failureMessages":[],"fullName":"Auth API Integration Tests POST /api/auth/register should return 400 for weak password","invocations":1,"location":null,"numPassingAsserts":1,"retryReasons":[],"startAt":1770076479160,"status":"passed","title":"should return 400 for weak password"},{"ancestorTitles":["Auth API Integration Tests","POST /api/auth/register"],"duration":4,"failing":false,"failureDetails":[],"failureMessages":[],"fullName":"Auth API Integration Tests POST /api/auth/register should return 400 for short name","invocations":1,"location":null,"numPassingAsserts":1,"retryReasons":[],"startAt":1770076479166,"status":"passed","title":"should return 400 for short name"},{"ancestorTitles":["Auth API Integration Tests","POST /api/auth/register"],"duration":9,"failing":false,"failureDetails":[{}],"failureMessages":["Error: expected 201 \"Created\", got 409 \"Conflict\"\n    at Object.<anonymous> (D:\\SoftWare\\OnlyJs\\Backend\\backend-projects\\blog-api\\__tests__\\integration\\auth.test.ts:87:10)\n    at Promise.finally.completed (D:\\SoftWare\\OnlyJs\\Backend\\backend-projects\\blog-api\\node_modules\\jest-circus\\build\\jestAdapterInit.js:1557:28)\n    at new Promise (<anonymous>)\n    at callAsyncCircusFn (D:\\SoftWare\\OnlyJs\\Backend\\backend-projects\\blog-api\\node_modules\\jest-circus\\build\\jestAdapterInit.js:1497:10)\n    at _callCircusTest (D:\\SoftWare\\OnlyJs\\Backend\\backend-projects\\blog-api\\node_modules\\jest-circus\\build\\jestAdapterInit.js:1007:40)\n    at processTicksAndRejections (node:internal/process/task_queues:105:5)\n    at _runTest (D:\\SoftWare\\OnlyJs\\Backend\\backend-projects\\blog-api\\node_modules\\jest-circus\\build\\jestAdapterInit.js:947:3)\n    at D:\\SoftWare\\OnlyJs\\Backend\\backend-projects\\blog-api\\node_modules\\jest-circus\\build\\jestAdapterInit.js:849:7\n    at _runTestsForDescribeBlock (D:\\SoftWare\\OnlyJs\\Backend\\backend-projects\\blog-api\\node_modules\\jest-circus\\build\\jestAdapterInit.js:862:11)\n    at _runTestsForDescribeBlock (D:\\SoftWare\\OnlyJs\\Backend\\backend-projects\\blog-api\\node_modules\\jest-circus\\build\\jestAdapterInit.js:857:11)\n    at _runTestsForDescribeBlock (D:\\SoftWare\\OnlyJs\\Backend\\backend-projects\\blog-api\\node_modules\\jest-circus\\build\\jestAdapterInit.js:857:11)\n    at run (D:\\SoftWare\\OnlyJs\\Backend\\backend-projects\\blog-api\\node_modules\\jest-circus\\build\\jestAdapterInit.js:761:3)\n    at runAndTransformResultsToJestFormat (D:\\SoftWare\\OnlyJs\\Backend\\backend-projects\\blog-api\\node_modules\\jest-circus\\build\\jestAdapterInit.js:1918:21)\n    at jestAdapter (D:\\SoftWare\\OnlyJs\\Backend\\backend-projects\\blog-api\\node_modules\\jest-circus\\build\\runner.js:101:19)\n    at runTestInternal (D:\\SoftWare\\OnlyJs\\Backend\\backend-projects\\blog-api\\node_modules\\jest-runner\\build\\index.js:275:16)\n    at runTest (D:\\SoftWare\\OnlyJs\\Backend\\backend-projects\\blog-api\\node_modules\\jest-runner\\build\\index.js:343:7)\n----\n    at Test._assertStatus (D:\\SoftWare\\OnlyJs\\Backend\\backend-projects\\blog-api\\node_modules\\supertest\\lib\\test.js:309:14)\n    at D:\\SoftWare\\OnlyJs\\Backend\\backend-projects\\blog-api\\node_modules\\supertest\\lib\\test.js:365:13\n    at Test._assertFunction (D:\\SoftWare\\OnlyJs\\Backend\\backend-projects\\blog-api\\node_modules\\supertest\\lib\\test.js:342:13)\n    at Test.assert (D:\\SoftWare\\OnlyJs\\Backend\\backend-projects\\blog-api\\node_modules\\supertest\\lib\\test.js:195:23)\n    at localAssert (D:\\SoftWare\\OnlyJs\\Backend\\backend-projects\\blog-api\\node_modules\\supertest\\lib\\test.js:138:14)\n    at Server.<anonymous> (D:\\SoftWare\\OnlyJs\\Backend\\backend-projects\\blog-api\\node_modules\\supertest\\lib\\test.js:152:11)\n    at Object.onceWrapper (node:events:633:28)\n    at Server.emit (node:events:519:28)\n    at emitCloseNT (node:net:2419:8)\n    at processTicksAndRejections (node:internal/process/task_queues:89:21)"],"fullName":"Auth API Integration Tests POST /api/auth/register should return 409 for duplicate email","invocations":1,"location":null,"numPassingAsserts":0,"retryReasons":[],"startAt":1770076479171,"status":"failed","title":"should return 409 for duplicate email"},{"ancestorTitles":["Auth API Integration Tests","POST /api/auth/login"],"duration":84,"failing":false,"failureDetails":[],"failureMessages":[],"fullName":"Auth API Integration Tests POST /api/auth/login should login with correct credentials","invocations":1,"location":null,"numPassingAsserts":5,"retryReasons":[],"startAt":1770076479181,"status":"passed","title":"should login with correct credentials"},{"ancestorTitles":["Auth API Integration Tests","POST /api/auth/login"],"duration":80,"failing":false,"failureDetails":[],"failureMessages":[],"fullName":"Auth API Integration Tests POST /api/auth/login should return 401 for wrong password","invocations":1,"location":null,"numPassingAsserts":1,"retryReasons":[],"startAt":1770076479266,"status":"passed","title":"should return 401 for wrong password"},{"ancestorTitles":["Auth API Integration Tests","POST /api/auth/login"],"duration":10,"failing":false,"failureDetails":[],"failureMessages":[],"fullName":"Auth API Integration Tests POST /api/auth/login should return 401 for non-existent user","invocations":1,"location":null,"numPassingAsserts":1,"retryReasons":[],"startAt":1770076479347,"status":"passed","title":"should return 401 for non-existent user"},{"ancestorTitles":["Auth API Integration Tests","POST /api/auth/login"],"duration":9,"failing":false,"failureDetails":[],"failureMessages":[],"fullName":"Auth API Integration Tests POST /api/auth/login should return 400 for missing credentials","invocations":1,"location":null,"numPassingAsserts":1,"retryReasons":[],"startAt":1770076479358,"status":"passed","title":"should return 400 for missing credentials"},{"ancestorTitles":["Auth API Integration Tests","GET /api/auth/profile"],"duration":5,"failing":false,"failureDetails":[{}],"failureMessages":["TypeError: Cannot read properties of undefined (reading 'id')\n    at Object.<anonymous> (D:\\SoftWare\\OnlyJs\\Backend\\backend-projects\\blog-api\\__tests__\\integration\\auth.test.ts:178:43)\n    at processTicksAndRejections (node:internal/process/task_queues:105:5)"],"fullName":"Auth API Integration Tests GET /api/auth/profile should return user profile with valid token","invocations":1,"location":null,"numPassingAsserts":0,"retryReasons":[],"startAt":1770076479368,"status":"failed","title":"should return user profile with valid token"},{"ancestorTitles":["Auth API Integration Tests","GET /api/auth/profile"],"duration":4,"failing":false,"failureDetails":[{}],"failureMessages":["TypeError: Cannot read properties of undefined (reading 'id')\n    at Object.<anonymous> (D:\\SoftWare\\OnlyJs\\Backend\\backend-projects\\blog-api\\__tests__\\integration\\auth.test.ts:178:43)\n    at processTicksAndRejections (node:internal/process/task_queues:105:5)"],"fullName":"Auth API Integration Tests GET /api/auth/profile should return 401 without token","invocations":1,"location":null,"numPassingAsserts":0,"retryReasons":[],"startAt":1770076479374,"status":"failed","title":"should return 401 without token"},{"ancestorTitles":["Auth API Integration Tests","GET /api/auth/profile"],"duration":5,"failing":false,"failureDetails":[{}],"failureMessages":["TypeError: Cannot read properties of undefined (reading 'id')\n    at Object.<anonymous> (D:\\SoftWare\\OnlyJs\\Backend\\backend-projects\\blog-api\\__tests__\\integration\\auth.test.ts:178:43)\n    at processTicksAndRejections (node:internal/process/task_queues:105:5)"],"fullName":"Auth API Integration Tests GET /api/auth/profile should return 401 with invalid token","invocations":1,"location":null,"numPassingAsserts":0,"retryReasons":[],"startAt":1770076479379,"status":"failed","title":"should return 401 with invalid token"},{"ancestorTitles":["Auth API Integration Tests","GET /api/auth/profile"],"duration":11,"failing":false,"failureDetails":[{}],"failureMessages":["TypeError: Cannot read properties of undefined (reading 'id')\n    at Object.<anonymous> (D:\\SoftWare\\OnlyJs\\Backend\\backend-projects\\blog-api\\__tests__\\integration\\auth.test.ts:178:43)\n    at processTicksAndRejections (node:internal/process/task_queues:105:5)"],"fullName":"Auth API Integration Tests GET /api/auth/profile should return 401 with malformed authorization header","invocations":1,"location":null,"numPassingAsserts":0,"retryReasons":[],"startAt":1770076479386,"status":"failed","title":"should return 401 with malformed authorization header"}],"endTime":1770076479434,"message":"\u001b[1m\u001b[31m  \u001b[1m● \u001b[22m\u001b[1mAuth API Integration Tests › POST /api/auth/register › should register a new user with valid data\u001b[39m\u001b[22m\n\n    expected 201 \"Created\", got 409 \"Conflict\"\n\u001b[2m\u001b[22m\n\u001b[2m    \u001b[0m \u001b[90m 20 |\u001b[39m         \u001b[33m.\u001b[39mpost(\u001b[32m'/api/auth/register'\u001b[39m)\u001b[22m\n\u001b[2m     \u001b[90m 21 |\u001b[39m         \u001b[33m.\u001b[39msend(userData)\u001b[22m\n\u001b[2m    \u001b[31m\u001b[1m>\u001b[22m\u001b[2m\u001b[39m\u001b[90m 22 |\u001b[39m         \u001b[33m.\u001b[39mexpect(\u001b[35m201\u001b[39m)\u001b[33m;\u001b[39m\u001b[22m\n\u001b[2m     \u001b[90m    |\u001b[39m          \u001b[31m\u001b[1m^\u001b[22m\u001b[2m\u001b[39m\u001b[22m\n\u001b[2m     \u001b[90m 23 |\u001b[39m\u001b[22m\n\u001b[2m     \u001b[90m 24 |\u001b[39m       expect(response\u001b[33m.\u001b[39mbody)\u001b[33m.\u001b[39mtoHaveProperty(\u001b[32m'message'\u001b[39m\u001b[33m,\u001b[39m \u001b[32m'User registered successfully'\u001b[39m)\u001b[33m;\u001b[39m\u001b[22m\n\u001b[2m     \u001b[90m 25 |\u001b[39m       expect(response\u001b[33m.\u001b[39mbody)\u001b[33m.\u001b[39mtoHaveProperty(\u001b[32m'user'\u001b[39m)\u001b[33m;\u001b[39m\u001b[0m\u001b[22m\n\u001b[2m\u001b[22m\n\u001b[2m      \u001b[2mat Object.<anonymous> (\u001b[22m\u001b[2m\u001b[0m\u001b[36m__tests__/integration/auth.test.ts\u001b[39m\u001b[0m\u001b[2m:22:10)\u001b[22m\u001b[2m\u001b[22m\n\u001b[2m      ----\u001b[22m\n\u001b[2m      \u001b[2mat Test._assertStatus (\u001b[22m\u001b[2mnode_modules/supertest/lib/test.js\u001b[2m:309:14)\u001b[22m\u001b[2m\u001b[22m\n\u001b[2m      \u001b[2mat \u001b[22m\u001b[2mnode_modules/supertest/lib/test.js\u001b[2m:365:13\u001b[22m\u001b[2m\u001b[22m\n\u001b[2m      \u001b[2mat Test._assertFunction (\u001b[22m\u001b[2mnode_modules/supertest/lib/test.js\u001b[2m:342:13)\u001b[22m\u001b[2m\u001b[22m\n\u001b[2m      \u001b[2mat Test.assert (\u001b[22m\u001b[2mnode_modules/supertest/lib/test.js\u001b[2m:195:23)\u001b[22m\u001b[2m\u001b[22m\n\u001b[2m      \u001b[2mat localAssert (\u001b[22m\u001b[2mnode_modules/supertest/lib/test.js\u001b[2m:138:14)\u001b[22m\u001b[2m\u001b[22m\n\u001b[2m      \u001b[2mat Server.<anonymous> (\u001b[22m\u001b[2mnode_modules/supertest/lib/test.js\u001b[2m:152:11)\u001b[22m\u001b[2m\u001b[22m\n\n\u001b[1m\u001b[31m  \u001b[1m● \u001b[22m\u001b[1mAuth API Integration Tests › POST /api/auth/register › should return 409 for duplicate email\u001b[39m\u001b[22m\n\n    expected 201 \"Created\", got 409 \"Conflict\"\n\u001b[2m\u001b[22m\n\u001b[2m    \u001b[0m \u001b[90m 85 |\u001b[39m         \u001b[33m.\u001b[39mpost(\u001b[32m'/api/auth/register'\u001b[39m)\u001b[22m\n\u001b[2m     \u001b[90m 86 |\u001b[39m         \u001b[33m.\u001b[39msend(userData)\u001b[22m\n\u001b[2m    \u001b[31m\u001b[1m>\u001b[22m\u001b[2m\u001b[39m\u001b[90m 87 |\u001b[39m         \u001b[33m.\u001b[39mexpect(\u001b[35m201\u001b[39m)\u001b[33m;\u001b[39m\u001b[22m\n\u001b[2m     \u001b[90m    |\u001b[39m          \u001b[31m\u001b[1m^\u001b[22m\u001b[2m\u001b[39m\u001b[22m\n\u001b[2m     \u001b[90m 88 |\u001b[39m       \u001b[36mconst\u001b[39m response \u001b[33m=\u001b[39m \u001b[36mawait\u001b[39m request(app)\u001b[22m\n\u001b[2m     \u001b[90m 89 |\u001b[39m         \u001b[33m.\u001b[39mpost(\u001b[32m'/api/auth/register'\u001b[39m)\u001b[22m\n\u001b[2m     \u001b[90m 90 |\u001b[39m         \u001b[33m.\u001b[39msend(userData)\u001b[0m\u001b[22m\n\u001b[2m\u001b[22m\n\u001b[2m      \u001b[2mat Object.<anonymous> (\u001b[22m\u001b[2m\u001b[0m\u001b[36m__tests__/integration/auth.test.ts\u001b[39m\u001b[0m\u001b[2m:87:10)\u001b[22m\u001b[2m\u001b[22m\n\u001b[2m      ----\u001b[22m\n\u001b[2m      \u001b[2mat Test._assertStatus (\u001b[22m\u001b[2mnode_modules/supertest/lib/test.js\u001b[2m:309:14)\u001b[22m\u001b[2m\u001b[22m\n\u001b[2m      \u001b[2mat \u001b[22m\u001b[2mnode_modules/supertest/lib/test.js\u001b[2m:365:13\u001b[22m\u001b[2m\u001b[22m\n\u001b[2m      \u001b[2mat Test._assertFunction (\u001b[22m\u001b[2mnode_modules/supertest/lib/test.js\u001b[2m:342:13)\u001b[22m\u001b[2m\u001b[22m\n\u001b[2m      \u001b[2mat Test.assert (\u001b[22m\u001b[2mnode_modules/supertest/lib/test.js\u001b[2m:195:23)\u001b[22m\u001b[2m\u001b[22m\n\u001b[2m      \u001b[2mat localAssert (\u001b[22m\u001b[2mnode_modules/supertest/lib/test.js\u001b[2m:138:14)\u001b[22m\u001b[2m\u001b[22m\n\u001b[2m      \u001b[2mat Server.<anonymous> (\u001b[22m\u001b[2mnode_modules/supertest/lib/test.js\u001b[2m:152:11)\u001b[22m\u001b[2m\u001b[22m\n\n\u001b[1m\u001b[31m  \u001b[1m● \u001b[22m\u001b[1mAuth API Integration Tests › GET /api/auth/profile › should return user profile with valid token\u001b[39m\u001b[22m\n\n    TypeError: Cannot read properties of undefined (reading 'id')\n\u001b[2m\u001b[22m\n\u001b[2m    \u001b[0m \u001b[90m 176 |\u001b[39m\u001b[22m\n\u001b[2m     \u001b[90m 177 |\u001b[39m       authToken \u001b[33m=\u001b[39m registerResponse\u001b[33m.\u001b[39mbody\u001b[33m.\u001b[39mtoken\u001b[33m;\u001b[39m\u001b[22m\n\u001b[2m    \u001b[31m\u001b[1m>\u001b[22m\u001b[2m\u001b[39m\u001b[90m 178 |\u001b[39m       userId \u001b[33m=\u001b[39m registerResponse\u001b[33m.\u001b[39mbody\u001b[33m.\u001b[39muser\u001b[33m.\u001b[39mid\u001b[33m;\u001b[39m\u001b[22m\n\u001b[2m     \u001b[90m     |\u001b[39m                                           \u001b[31m\u001b[1m^\u001b[22m\u001b[2m\u001b[39m\u001b[22m\n\u001b[2m     \u001b[90m 179 |\u001b[39m     })\u001b[33m;\u001b[39m\u001b[22m\n\u001b[2m     \u001b[90m 180 |\u001b[39m\u001b[22m\n\u001b[2m     \u001b[90m 181 |\u001b[39m     it(\u001b[32m'should return user profile with valid token'\u001b[39m\u001b[33m,\u001b[39m \u001b[36masync\u001b[39m () \u001b[33m=>\u001b[39m {\u001b[0m\u001b[22m\n\u001b[2m\u001b[22m\n\u001b[2m      \u001b[2mat Object.<anonymous> (\u001b[22m\u001b[2m\u001b[0m\u001b[36m__tests__/integration/auth.test.ts\u001b[39m\u001b[0m\u001b[2m:178:43)\u001b[22m\u001b[2m\u001b[22m\n\n\u001b[1m\u001b[31m  \u001b[1m● \u001b[22m\u001b[1mAuth API Integration Tests › GET /api/auth/profile › should return 401 without token\u001b[39m\u001b[22m\n\n    TypeError: Cannot read properties of undefined (reading 'id')\n\u001b[2m\u001b[22m\n\u001b[2m    \u001b[0m \u001b[90m 176 |\u001b[39m\u001b[22m\n\u001b[2m     \u001b[90m 177 |\u001b[39m       authToken \u001b[33m=\u001b[39m registerResponse\u001b[33m.\u001b[39mbody\u001b[33m.\u001b[39mtoken\u001b[33m;\u001b[39m\u001b[22m\n\u001b[2m    \u001b[31m\u001b[1m>\u001b[22m\u001b[2m\u001b[39m\u001b[90m 178 |\u001b[39m       userId \u001b[33m=\u001b[39m registerResponse\u001b[33m.\u001b[39mbody\u001b[33m.\u001b[39muser\u001b[33m.\u001b[39mid\u001b[33m;\u001b[39m\u001b[22m\n\u001b[2m     \u001b[90m     |\u001b[39m                                           \u001b[31m\u001b[1m^\u001b[22m\u001b[2m\u001b[39m\u001b[22m\n\u001b[2m     \u001b[90m 179 |\u001b[39m     })\u001b[33m;\u001b[39m\u001b[22m\n\u001b[2m     \u001b[90m 180 |\u001b[39m\u001b[22m\n\u001b[2m     \u001b[90m 181 |\u001b[39m     it(\u001b[32m'should return user profile with valid token'\u001b[39m\u001b[33m,\u001b[39m \u001b[36masync\u001b[39m () \u001b[33m=>\u001b[39m {\u001b[0m\u001b[22m\n\u001b[2m\u001b[22m\n\u001b[2m      \u001b[2mat Object.<anonymous> (\u001b[22m\u001b[2m\u001b[0m\u001b[36m__tests__/integration/auth.test.ts\u001b[39m\u001b[0m\u001b[2m:178:43)\u001b[22m\u001b[2m\u001b[22m\n\n\u001b[1m\u001b[31m  \u001b[1m● \u001b[22m\u001b[1mAuth API Integration Tests › GET /api/auth/profile › should return 401 with invalid token\u001b[39m\u001b[22m\n\n    TypeError: Cannot read properties of undefined (reading 'id')\n\u001b[2m\u001b[22m\n\u001b[2m    \u001b[0m \u001b[90m 176 |\u001b[39m\u001b[22m\n\u001b[2m     \u001b[90m 177 |\u001b[39m       authToken \u001b[33m=\u001b[39m registerResponse\u001b[33m.\u001b[39mbody\u001b[33m.\u001b[39mtoken\u001b[33m;\u001b[39m\u001b[22m\n\u001b[2m    \u001b[31m\u001b[1m>\u001b[22m\u001b[2m\u001b[39m\u001b[90m 178 |\u001b[39m       userId \u001b[33m=\u001b[39m registerResponse\u001b[33m.\u001b[39mbody\u001b[33m.\u001b[39muser\u001b[33m.\u001b[39mid\u001b[33m;\u001b[39m\u001b[22m\n\u001b[2m     \u001b[90m     |\u001b[39m                                           \u001b[31m\u001b[1m^\u001b[22m\u001b[2m\u001b[39m\u001b[22m\n\u001b[2m     \u001b[90m 179 |\u001b[39m     })\u001b[33m;\u001b[39m\u001b[22m\n\u001b[2m     \u001b[90m 180 |\u001b[39m\u001b[22m\n\u001b[2m     \u001b[90m 181 |\u001b[39m     it(\u001b[32m'should return user profile with valid token'\u001b[39m\u001b[33m,\u001b[39m \u001b[36masync\u001b[39m () \u001b[33m=>\u001b[39m {\u001b[0m\u001b[22m\n\u001b[2m\u001b[22m\n\u001b[2m      \u001b[2mat Object.<anonymous> (\u001b[22m\u001b[2m\u001b[0m\u001b[36m__tests__/integration/auth.test.ts\u001b[39m\u001b[0m\u001b[2m:178:43)\u001b[22m\u001b[2m\u001b[22m\n\n\u001b[1m\u001b[31m  \u001b[1m● \u001b[22m\u001b[1mAuth API Integration Tests › GET /api/auth/profile › should return 401 with malformed authorization header\u001b[39m\u001b[22m\n\n    TypeError: Cannot read properties of undefined (reading 'id')\n\u001b[2m\u001b[22m\n\u001b[2m    \u001b[0m \u001b[90m 176 |\u001b[39m\u001b[22m\n\u001b[2m     \u001b[90m 177 |\u001b[39m       authToken \u001b[33m=\u001b[39m registerResponse\u001b[33m.\u001b[39mbody\u001b[33m.\u001b[39mtoken\u001b[33m;\u001b[39m\u001b[22m\n\u001b[2m    \u001b[31m\u001b[1m>\u001b[22m\u001b[2m\u001b[39m\u001b[90m 178 |\u001b[39m       userId \u001b[33m=\u001b[39m registerResponse\u001b[33m.\u001b[39mbody\u001b[33m.\u001b[39muser\u001b[33m.\u001b[39mid\u001b[33m;\u001b[39m\u001b[22m\n\u001b[2m     \u001b[90m     |\u001b[39m                                           \u001b[31m\u001b[1m^\u001b[22m\u001b[2m\u001b[39m\u001b[22m\n\u001b[2m     \u001b[90m 179 |\u001b[39m     })\u001b[33m;\u001b[39m\u001b[22m\n\u001b[2m     \u001b[90m 180 |\u001b[39m\u001b[22m\n\u001b[2m     \u001b[90m 181 |\u001b[39m     it(\u001b[32m'should return user profile with valid token'\u001b[39m\u001b[33m,\u001b[39m \u001b[36masync\u001b[39m () \u001b[33m=>\u001b[39m {\u001b[0m\u001b[22m\n\u001b[2m\u001b[22m\n\u001b[2m      \u001b[2mat Object.<anonymous> (\u001b[22m\u001b[2m\u001b[0m\u001b[36m__tests__/integration/auth.test.ts\u001b[39m\u001b[0m\u001b[2m:178:43)\u001b[22m\u001b[2m\u001b[22m\n","name":"D:\\SoftWare\\OnlyJs\\Backend\\backend-projects\\blog-api\\__tests__\\integration\\auth.test.ts","startTime":1770076478640,"status":"failed","summary":""},{"assertionResults":[{"ancestorTitles":["Edge Cases & Error Scenarios","Invalid Input Handling"],"duration":24,"failing":false,"failureDetails":[],"failureMessages":[],"fullName":"Edge Cases & Error Scenarios Invalid Input Handling should handle missing request body","invocations":1,"location":null,"numPassingAsserts":0,"retryReasons":[],"startAt":1770076479864,"status":"passed","title":"should handle missing request body"},{"ancestorTitles":["Edge Cases & Error Scenarios","Invalid Input Handling"],"duration":5,"failing":false,"failureDetails":[],"failureMessages":[],"fullName":"Edge Cases & Error Scenarios Invalid Input Handling should handle malformed JSON","invocations":1,"location":null,"numPassingAsserts":0,"retryReasons":[],"startAt":1770076479889,"status":"passed","title":"should handle malformed JSON"},{"ancestorTitles":["Edge Cases & Error Scenarios","Invalid Input Handling"],"duration":5,"failing":false,"failureDetails":[],"failureMessages":[],"fullName":"Edge Cases & Error Scenarios Invalid Input Handling should handle null values","invocations":1,"location":null,"numPassingAsserts":1,"retryReasons":[],"startAt":1770076479894,"status":"passed","title":"should handle null values"},{"ancestorTitles":["Edge Cases & Error Scenarios","Invalid Input Handling"],"duration":8,"failing":false,"failureDetails":[],"failureMessages":[],"fullName":"Edge Cases & Error Scenarios Invalid Input Handling should handle empty strings","invocations":1,"location":null,"numPassingAsserts":1,"retryReasons":[],"startAt":1770076479899,"status":"passed","title":"should handle empty strings"},{"ancestorTitles":["Edge Cases & Error Scenarios","SQL Injection Prevention"],"duration":4,"failing":false,"failureDetails":[],"failureMessages":[],"fullName":"Edge Cases & Error Scenarios SQL Injection Prevention should handle SQL injection attempts in email","invocations":1,"location":null,"numPassingAsserts":1,"retryReasons":[],"startAt":1770076479907,"status":"passed","title":"should handle SQL injection attempts in email"},{"ancestorTitles":["Edge Cases & Error Scenarios","SQL Injection Prevention"],"duration":59,"failing":false,"failureDetails":[{"matcherResult":{"actual":1,"expected":0,"message":"\u001b[2mexpect(\u001b[22m\u001b[31mreceived\u001b[39m\u001b[2m).\u001b[22mtoBe\u001b[2m(\u001b[22m\u001b[32mexpected\u001b[39m\u001b[2m) // Object.is equality\u001b[22m\n\nExpected: \u001b[32m0\u001b[39m\nReceived: \u001b[31m1\u001b[39m","name":"toBe","pass":false}}],"failureMessages":["Error: \u001b[2mexpect(\u001b[22m\u001b[31mreceived\u001b[39m\u001b[2m).\u001b[22mtoBe\u001b[2m(\u001b[22m\u001b[32mexpected\u001b[39m\u001b[2m) // Object.is equality\u001b[22m\n\nExpected: \u001b[32m0\u001b[39m\nReceived: \u001b[31m1\u001b[39m\n    at Object.<anonymous> (D:\\SoftWare\\OnlyJs\\Backend\\backend-projects\\blog-api\\__tests__\\integration\\edge-cases.test.ts:85:21)"],"fullName":"Edge Cases & Error Scenarios SQL Injection Prevention should handle special characters in search","invocations":1,"location":null,"numPassingAsserts":0,"retryReasons":[],"startAt":1770076479912,"status":"failed","title":"should handle special characters in search"},{"ancestorTitles":["Edge Cases & Error Scenarios","JWT Token Edge Cases"],"duration":7,"failing":false,"failureDetails":[],"failureMessages":[],"fullName":"Edge Cases & Error Scenarios JWT Token Edge Cases should handle expired token","invocations":1,"location":null,"numPassingAsserts":0,"retryReasons":[],"startAt":1770076479972,"status":"passed","title":"should handle expired token"},{"ancestorTitles":["Edge Cases & Error Scenarios","JWT Token Edge Cases"],"duration":11,"failing":false,"failureDetails":[],"failureMessages":[],"fullName":"Edge Cases & Error Scenarios JWT Token Edge Cases should handle token with invalid signature","invocations":1,"location":null,"numPassingAsserts":0,"retryReasons":[],"startAt":1770076479979,"status":"passed","title":"should handle token with invalid signature"},{"ancestorTitles":["Edge Cases & Error Scenarios","JWT Token Edge Cases"],"duration":15,"failing":false,"failureDetails":[],"failureMessages":[],"fullName":"Edge Cases & Error Scenarios JWT Token Edge Cases should handle malformed token","invocations":1,"location":null,"numPassingAsserts":0,"retryReasons":[],"startAt":1770076479992,"status":"passed","title":"should handle malformed token"},{"ancestorTitles":["Edge Cases & Error Scenarios","JWT Token Edge Cases"],"duration":12,"failing":false,"failureDetails":[],"failureMessages":[],"fullName":"Edge Cases & Error Scenarios JWT Token Edge Cases should handle token without Bearer prefix","invocations":1,"location":null,"numPassingAsserts":0,"retryReasons":[],"startAt":1770076480009,"status":"passed","title":"should handle token without Bearer prefix"},{"ancestorTitles":["Edge Cases & Error Scenarios","Database Constraint Violations"],"duration":8,"failing":false,"failureDetails":[{}],"failureMessages":["Error: expected 201 \"Created\", got 409 \"Conflict\"\n    at Object.<anonymous> (D:\\SoftWare\\OnlyJs\\Backend\\backend-projects\\blog-api\\__tests__\\integration\\edge-cases.test.ts:141:10)\n    at Promise.finally.completed (D:\\SoftWare\\OnlyJs\\Backend\\backend-projects\\blog-api\\node_modules\\jest-circus\\build\\jestAdapterInit.js:1557:28)\n    at new Promise (<anonymous>)\n    at callAsyncCircusFn (D:\\SoftWare\\OnlyJs\\Backend\\backend-projects\\blog-api\\node_modules\\jest-circus\\build\\jestAdapterInit.js:1497:10)\n    at _callCircusTest (D:\\SoftWare\\OnlyJs\\Backend\\backend-projects\\blog-api\\node_modules\\jest-circus\\build\\jestAdapterInit.js:1007:40)\n    at processTicksAndRejections (node:internal/process/task_queues:105:5)\n    at _runTest (D:\\SoftWare\\OnlyJs\\Backend\\backend-projects\\blog-api\\node_modules\\jest-circus\\build\\jestAdapterInit.js:947:3)\n    at D:\\SoftWare\\OnlyJs\\Backend\\backend-projects\\blog-api\\node_modules\\jest-circus\\build\\jestAdapterInit.js:849:7\n    at _runTestsForDescribeBlock (D:\\SoftWare\\OnlyJs\\Backend\\backend-projects\\blog-api\\node_modules\\jest-circus\\build\\jestAdapterInit.js:862:11)\n    at _runTestsForDescribeBlock (D:\\SoftWare\\OnlyJs\\Backend\\backend-projects\\blog-api\\node_modules\\jest-circus\\build\\jestAdapterInit.js:857:11)\n    at _runTestsForDescribeBlock (D:\\SoftWare\\OnlyJs\\Backend\\backend-projects\\blog-api\\node_modules\\jest-circus\\build\\jestAdapterInit.js:857:11)\n    at run (D:\\SoftWare\\OnlyJs\\Backend\\backend-projects\\blog-api\\node_modules\\jest-circus\\build\\jestAdapterInit.js:761:3)\n    at runAndTransformResultsToJestFormat (D:\\SoftWare\\OnlyJs\\Backend\\backend-projects\\blog-api\\node_modules\\jest-circus\\build\\jestAdapterInit.js:1918:21)\n    at jestAdapter (D:\\SoftWare\\OnlyJs\\Backend\\backend-projects\\blog-api\\node_modules\\jest-circus\\build\\runner.js:101:19)\n    at runTestInternal (D:\\SoftWare\\OnlyJs\\Backend\\backend-projects\\blog-api\\node_modules\\jest-runner\\build\\index.js:275:16)\n    at runTest (D:\\SoftWare\\OnlyJs\\Backend\\backend-projects\\blog-api\\node_modules\\jest-runner\\build\\index.js:343:7)\n----\n    at Test._assertStatus (D:\\SoftWare\\OnlyJs\\Backend\\backend-projects\\blog-api\\node_modules\\supertest\\lib\\test.js:309:14)\n    at D:\\SoftWare\\OnlyJs\\Backend\\backend-projects\\blog-api\\node_modules\\supertest\\lib\\test.js:365:13\n    at Test._assertFunction (D:\\SoftWare\\OnlyJs\\Backend\\backend-projects\\blog-api\\node_modules\\supertest\\lib\\test.js:342:13)\n    at Test.assert (D:\\SoftWare\\OnlyJs\\Backend\\backend-projects\\blog-api\\node_modules\\supertest\\lib\\test.js:195:23)\n    at localAssert (D:\\SoftWare\\OnlyJs\\Backend\\backend-projects\\blog-api\\node_modules\\supertest\\lib\\test.js:138:14)\n    at Server.<anonymous> (D:\\SoftWare\\OnlyJs\\Backend\\backend-projects\\blog-api\\node_modules\\supertest\\lib\\test.js:152:11)\n    at Object.onceWrapper (node:events:633:28)\n    at Server.emit (node:events:519:28)\n    at emitCloseNT (node:net:2419:8)\n    at processTicksAndRejections (node:internal/process/task_queues:89:21)"],"fullName":"Edge Cases & Error Scenarios Database Constraint Violations should handle duplicate email registration","invocations":1,"location":null,"numPassingAsserts":0,"retryReasons":[],"startAt":1770076480023,"status":"failed","title":"should handle duplicate email registration"},{"ancestorTitles":["Edge Cases & Error Scenarios","Database Constraint Violations"],"duration":7,"failing":false,"failureDetails":[{"matcherResult":{"message":"\u001b[2mexpect(\u001b[22m\u001b[31mreceived\u001b[39m\u001b[2m).\u001b[22mtoContain\u001b[2m(\u001b[22m\u001b[32mexpected\u001b[39m\u001b[2m) // indexOf\u001b[22m\n\nExpected value: \u001b[32m409\u001b[39m\nReceived array: \u001b[31m[400, 201]\u001b[39m","pass":false}}],"failureMessages":["Error: \u001b[2mexpect(\u001b[22m\u001b[31mreceived\u001b[39m\u001b[2m).\u001b[22mtoContain\u001b[2m(\u001b[22m\u001b[32mexpected\u001b[39m\u001b[2m) // indexOf\u001b[22m\n\nExpected value: \u001b[32m409\u001b[39m\nReceived array: \u001b[31m[400, 201]\u001b[39m\n    at Object.<anonymous> (D:\\SoftWare\\OnlyJs\\Backend\\backend-projects\\blog-api\\__tests__\\integration\\edge-cases.test.ts:162:26)\n    at processTicksAndRejections (node:internal/process/task_queues:105:5)"],"fullName":"Edge Cases & Error Scenarios Database Constraint Violations should handle very long input strings","invocations":1,"location":null,"numPassingAsserts":0,"retryReasons":[],"startAt":1770076480032,"status":"failed","title":"should handle very long input strings"},{"ancestorTitles":["Edge Cases & Error Scenarios","Concurrent Request Handling"],"duration":18,"failing":false,"failureDetails":[{"matcherResult":{"actual":0,"expected":1,"message":"\u001b[2mexpect(\u001b[22m\u001b[31mreceived\u001b[39m\u001b[2m).\u001b[22mtoBe\u001b[2m(\u001b[22m\u001b[32mexpected\u001b[39m\u001b[2m) // Object.is equality\u001b[22m\n\nExpected: \u001b[32m1\u001b[39m\nReceived: \u001b[31m0\u001b[39m","name":"toBe","pass":false}}],"failureMessages":["Error: \u001b[2mexpect(\u001b[22m\u001b[31mreceived\u001b[39m\u001b[2m).\u001b[22mtoBe\u001b[2m(\u001b[22m\u001b[32mexpected\u001b[39m\u001b[2m) // Object.is equality\u001b[22m\n\nExpected: \u001b[32m1\u001b[39m\nReceived: \u001b[31m0\u001b[39m\n    at Object.<anonymous> (D:\\SoftWare\\OnlyJs\\Backend\\backend-projects\\blog-api\\__tests__\\integration\\edge-cases.test.ts:183:28)\n    at processTicksAndRejections (node:internal/process/task_queues:105:5)"],"fullName":"Edge Cases & Error Scenarios Concurrent Request Handling should handle concurrent registrations with same email","invocations":1,"location":null,"numPassingAsserts":0,"retryReasons":[],"startAt":1770076480040,"status":"failed","title":"should handle concurrent registrations with same email"},{"ancestorTitles":["Edge Cases & Error Scenarios","404 Handling"],"duration":4,"failing":false,"failureDetails":[],"failureMessages":[],"fullName":"Edge Cases & Error Scenarios 404 Handling should return 404 for unknown routes","invocations":1,"location":null,"numPassingAsserts":1,"retryReasons":[],"startAt":1770076480059,"status":"passed","title":"should return 404 for unknown routes"},{"ancestorTitles":["Edge Cases & Error Scenarios","404 Handling"],"duration":15,"failing":false,"failureDetails":[],"failureMessages":[],"fullName":"Edge Cases & Error Scenarios 404 Handling should return 404 for non-existent resource","invocations":1,"location":null,"numPassingAsserts":0,"retryReasons":[],"startAt":1770076480064,"status":"passed","title":"should return 404 for non-existent resource"},{"ancestorTitles":["Edge Cases & Error Scenarios","Request Size Limits"],"duration":11,"failing":false,"failureDetails":[],"failureMessages":[],"fullName":"Edge Cases & Error Scenarios Request Size Limits should handle extremely large payloads","invocations":1,"location":null,"numPassingAsserts":1,"retryReasons":[],"startAt":1770076480080,"status":"passed","title":"should handle extremely large payloads"},{"ancestorTitles":["Edge Cases & Error Scenarios","Pagination & Filtering Edge Cases"],"duration":4,"failing":false,"failureDetails":[],"failureMessages":[],"fullName":"Edge Cases & Error Scenarios Pagination & Filtering Edge Cases should handle non-numeric page parameter","invocations":1,"location":null,"numPassingAsserts":0,"retryReasons":[],"startAt":1770076480092,"status":"passed","title":"should handle non-numeric page parameter"},{"ancestorTitles":["Edge Cases & Error Scenarios","Pagination & Filtering Edge Cases"],"duration":5,"failing":false,"failureDetails":[],"failureMessages":[],"fullName":"Edge Cases & Error Scenarios Pagination & Filtering Edge Cases should handle negative limit parameter","invocations":1,"location":null,"numPassingAsserts":0,"retryReasons":[],"startAt":1770076480097,"status":"passed","title":"should handle negative limit parameter"},{"ancestorTitles":["Edge Cases & Error Scenarios","UUID Validation"],"duration":7,"failing":false,"failureDetails":[],"failureMessages":[],"fullName":"Edge Cases & Error Scenarios UUID Validation should handle malformed UUID in routes","invocations":1,"location":null,"numPassingAsserts":0,"retryReasons":[],"startAt":1770076480103,"status":"passed","title":"should handle malformed UUID in routes"},{"ancestorTitles":["Edge Cases & Error Scenarios","Security & Input Sanitization"],"duration":12,"failing":false,"failureDetails":[{"matcherResult":{"message":"\u001b[2mexpect(\u001b[22m\u001b[31mreceived\u001b[39m\u001b[2m).\u001b[22mtoContain\u001b[2m(\u001b[22m\u001b[32mexpected\u001b[39m\u001b[2m) // indexOf\u001b[22m\n\nExpected value: \u001b[32m409\u001b[39m\nReceived array: \u001b[31m[201, 400]\u001b[39m","pass":false}}],"failureMessages":["Error: \u001b[2mexpect(\u001b[22m\u001b[31mreceived\u001b[39m\u001b[2m).\u001b[22mtoContain\u001b[2m(\u001b[22m\u001b[32mexpected\u001b[39m\u001b[2m) // indexOf\u001b[22m\n\nExpected value: \u001b[32m409\u001b[39m\nReceived array: \u001b[31m[201, 400]\u001b[39m\n    at Object.<anonymous> (D:\\SoftWare\\OnlyJs\\Backend\\backend-projects\\blog-api\\__tests__\\integration\\edge-cases.test.ts:259:26)\n    at processTicksAndRejections (node:internal/process/task_queues:105:5)"],"fullName":"Edge Cases & Error Scenarios Security & Input Sanitization should store XSS payloads without executing (backend storage check)","invocations":1,"location":null,"numPassingAsserts":0,"retryReasons":[],"startAt":1770076480112,"status":"failed","title":"should store XSS payloads without executing (backend storage check)"},{"ancestorTitles":["Edge Cases & Error Scenarios","Security & Input Sanitization"],"duration":5,"failing":false,"failureDetails":[],"failureMessages":[],"fullName":"Edge Cases & Error Scenarios Security & Input Sanitization should reject requests with missing Content-Type for JSON body","invocations":1,"location":null,"numPassingAsserts":0,"retryReasons":[],"startAt":1770076480125,"status":"passed","title":"should reject requests with missing Content-Type for JSON body"}],"endTime":1770076480180,"message":"\u001b[1m\u001b[31m  \u001b[1m● \u001b[22m\u001b[1mEdge Cases & Error Scenarios › SQL Injection Prevention › should handle special characters in search\u001b[39m\u001b[22m\n\n    \u001b[2mexpect(\u001b[22m\u001b[31mreceived\u001b[39m\u001b[2m).\u001b[22mtoBe\u001b[2m(\u001b[22m\u001b[32mexpected\u001b[39m\u001b[2m) // Object.is equality\u001b[22m\n\n    Expected: \u001b[32m0\u001b[39m\n    Received: \u001b[31m1\u001b[39m\n\u001b[2m\u001b[22m\n\u001b[2m    \u001b[0m \u001b[90m 83 |\u001b[39m\u001b[22m\n\u001b[2m     \u001b[90m 84 |\u001b[39m       \u001b[36mconst\u001b[39m count \u001b[33m=\u001b[39m \u001b[36mawait\u001b[39m prisma\u001b[33m.\u001b[39mpost\u001b[33m.\u001b[39mcount()\u001b[33m;\u001b[39m\u001b[22m\n\u001b[2m    \u001b[31m\u001b[1m>\u001b[22m\u001b[2m\u001b[39m\u001b[90m 85 |\u001b[39m       expect(count)\u001b[33m.\u001b[39mtoBe(\u001b[35m0\u001b[39m)\u001b[33m;\u001b[39m\u001b[22m\n\u001b[2m     \u001b[90m    |\u001b[39m                     \u001b[31m\u001b[1m^\u001b[22m\u001b[2m\u001b[39m\u001b[22m\n\u001b[2m     \u001b[90m 86 |\u001b[39m     })\u001b[33m;\u001b[39m\u001b[22m\n\u001b[2m     \u001b[90m 87 |\u001b[39m   })\u001b[33m;\u001b[39m\u001b[22m\n\u001b[2m     \u001b[90m 88 |\u001b[39m\u001b[0m\u001b[22m\n\u001b[2m\u001b[22m\n\u001b[2m      \u001b[2mat Object.<anonymous> (\u001b[22m\u001b[2m\u001b[0m\u001b[36m__tests__/integration/edge-cases.test.ts\u001b[39m\u001b[0m\u001b[2m:85:21)\u001b[22m\u001b[2m\u001b[22m\n\n\u001b[1m\u001b[31m  \u001b[1m● \u001b[22m\u001b[1mEdge Cases & Error Scenarios › Database Constraint Violations › should handle duplicate email registration\u001b[39m\u001b[22m\n\n    expected 201 \"Created\", got 409 \"Conflict\"\n\u001b[2m\u001b[22m\n\u001b[2m    \u001b[0m \u001b[90m 139 |\u001b[39m         \u001b[33m.\u001b[39mpost(\u001b[32m'/api/auth/register'\u001b[39m)\u001b[22m\n\u001b[2m     \u001b[90m 140 |\u001b[39m         \u001b[33m.\u001b[39msend(userData)\u001b[22m\n\u001b[2m    \u001b[31m\u001b[1m>\u001b[22m\u001b[2m\u001b[39m\u001b[90m 141 |\u001b[39m         \u001b[33m.\u001b[39mexpect(\u001b[35m201\u001b[39m)\u001b[33m;\u001b[39m\u001b[22m\n\u001b[2m     \u001b[90m     |\u001b[39m          \u001b[31m\u001b[1m^\u001b[22m\u001b[2m\u001b[39m\u001b[22m\n\u001b[2m     \u001b[90m 142 |\u001b[39m\u001b[22m\n\u001b[2m     \u001b[90m 143 |\u001b[39m       \u001b[36mconst\u001b[39m response \u001b[33m=\u001b[39m \u001b[36mawait\u001b[39m request(app)\u001b[22m\n\u001b[2m     \u001b[90m 144 |\u001b[39m         \u001b[33m.\u001b[39mpost(\u001b[32m'/api/auth/register'\u001b[39m)\u001b[0m\u001b[22m\n\u001b[2m\u001b[22m\n\u001b[2m      \u001b[2mat Object.<anonymous> (\u001b[22m\u001b[2m\u001b[0m\u001b[36m__tests__/integration/edge-cases.test.ts\u001b[39m\u001b[0m\u001b[2m:141:10)\u001b[22m\u001b[2m\u001b[22m\n\u001b[2m      ----\u001b[22m\n\u001b[2m      \u001b[2mat Test._assertStatus (\u001b[22m\u001b[2mnode_modules/supertest/lib/test.js\u001b[2m:309:14)\u001b[22m\u001b[2m\u001b[22m\n\u001b[2m      \u001b[2mat \u001b[22m\u001b[2mnode_modules/supertest/lib/test.js\u001b[2m:365:13\u001b[22m\u001b[2m\u001b[22m\n\u001b[2m      \u001b[2mat Test._assertFunction (\u001b[22m\u001b[2mnode_modules/supertest/lib/test.js\u001b[2m:342:13)\u001b[22m\u001b[2m\u001b[22m\n\u001b[2m      \u001b[2mat Test.assert (\u001b[22m\u001b[2mnode_modules/supertest/lib/test.js\u001b[2m:195:23)\u001b[22m\u001b[2m\u001b[22m\n\u001b[2m      \u001b[2mat localAssert (\u001b[22m\u001b[2mnode_modules/supertest/lib/test.js\u001b[2m:138:14)\u001b[22m\u001b[2m\u001b[22m\n\u001b[2m      \u001b[2mat Server.<anonymous> (\u001b[22m\u001b[2mnode_modules/supertest/lib/test.js\u001b[2m:152:11)\u001b[22m\u001b[2m\u001b[22m\n\n\u001b[1m\u001b[31m  \u001b[1m● \u001b[22m\u001b[1mEdge Cases & Error Scenarios › Database Constraint Violations › should handle very long input strings\u001b[39m\u001b[22m\n\n    \u001b[2mexpect(\u001b[22m\u001b[31mreceived\u001b[39m\u001b[2m).\u001b[22mtoContain\u001b[2m(\u001b[22m\u001b[32mexpected\u001b[39m\u001b[2m) // indexOf\u001b[22m\n\n    Expected value: \u001b[32m409\u001b[39m\n    Received array: \u001b[31m[400, 201]\u001b[39m\n\u001b[2m\u001b[22m\n\u001b[2m    \u001b[0m \u001b[90m 160 |\u001b[39m         })\u001b[33m;\u001b[39m\u001b[22m\n\u001b[2m     \u001b[90m 161 |\u001b[39m\u001b[22m\n\u001b[2m    \u001b[31m\u001b[1m>\u001b[22m\u001b[2m\u001b[39m\u001b[90m 162 |\u001b[39m       expect([\u001b[35m400\u001b[39m\u001b[33m,\u001b[39m \u001b[35m201\u001b[39m])\u001b[33m.\u001b[39mtoContain(response\u001b[33m.\u001b[39mstatus)\u001b[33m;\u001b[39m\u001b[22m\n\u001b[2m     \u001b[90m     |\u001b[39m                          \u001b[31m\u001b[1m^\u001b[22m\u001b[2m\u001b[39m\u001b[22m\n\u001b[2m     \u001b[90m 163 |\u001b[39m     })\u001b[33m;\u001b[39m\u001b[22m\n\u001b[2m     \u001b[90m 164 |\u001b[39m   })\u001b[33m;\u001b[39m\u001b[22m\n\u001b[2m     \u001b[90m 165 |\u001b[39m\u001b[0m\u001b[22m\n\u001b[2m\u001b[22m\n\u001b[2m      \u001b[2mat Object.<anonymous> (\u001b[22m\u001b[2m\u001b[0m\u001b[36m__tests__/integration/edge-cases.test.ts\u001b[39m\u001b[0m\u001b[2m:162:26)\u001b[22m\u001b[2m\u001b[22m\n\n\u001b[1m\u001b[31m  \u001b[1m● \u001b[22m\u001b[1mEdge Cases & Error Scenarios › Concurrent Request Handling › should handle concurrent registrations with same email\u001b[39m\u001b[22m\n\n    \u001b[2mexpect(\u001b[22m\u001b[31mreceived\u001b[39m\u001b[2m).\u001b[22mtoBe\u001b[2m(\u001b[22m\u001b[32mexpected\u001b[39m\u001b[2m) // Object.is equality\u001b[22m\n\n    Expected: \u001b[32m1\u001b[39m\n    Received: \u001b[31m0\u001b[39m\n\u001b[2m\u001b[22m\n\u001b[2m    \u001b[0m \u001b[90m 181 |\u001b[39m\u001b[22m\n\u001b[2m     \u001b[90m 182 |\u001b[39m       \u001b[36mconst\u001b[39m successCount \u001b[33m=\u001b[39m results\u001b[33m.\u001b[39mfilter(r \u001b[33m=>\u001b[39m r\u001b[33m.\u001b[39mstatus \u001b[33m===\u001b[39m \u001b[35m201\u001b[39m)\u001b[33m.\u001b[39mlength\u001b[33m;\u001b[39m\u001b[22m\n\u001b[2m    \u001b[31m\u001b[1m>\u001b[22m\u001b[2m\u001b[39m\u001b[90m 183 |\u001b[39m       expect(successCount)\u001b[33m.\u001b[39mtoBe(\u001b[35m1\u001b[39m)\u001b[33m;\u001b[39m\u001b[22m\n\u001b[2m     \u001b[90m     |\u001b[39m                            \u001b[31m\u001b[1m^\u001b[22m\u001b[2m\u001b[39m\u001b[22m\n\u001b[2m     \u001b[90m 184 |\u001b[39m\u001b[22m\n\u001b[2m     \u001b[90m 185 |\u001b[39m       \u001b[36mconst\u001b[39m conflictCount \u001b[33m=\u001b[39m results\u001b[33m.\u001b[39mfilter(r \u001b[33m=>\u001b[39m r\u001b[33m.\u001b[39mstatus \u001b[33m===\u001b[39m \u001b[35m409\u001b[39m)\u001b[33m.\u001b[39mlength\u001b[33m;\u001b[39m\u001b[22m\n\u001b[2m     \u001b[90m 186 |\u001b[39m       expect(conflictCount)\u001b[33m.\u001b[39mtoBeGreaterThanOrEqual(\u001b[35m1\u001b[39m)\u001b[33m;\u001b[39m\u001b[0m\u001b[22m\n\u001b[2m\u001b[22m\n\u001b[2m      \u001b[2mat Object.<anonymous> (\u001b[22m\u001b[2m\u001b[0m\u001b[36m__tests__/integration/edge-cases.test.ts\u001b[39m\u001b[0m\u001b[2m:183:28)\u001b[22m\u001b[2m\u001b[22m\n\n\u001b[1m\u001b[31m  \u001b[1m● \u001b[22m\u001b[1mEdge Cases & Error Scenarios › Security & Input Sanitization › should store XSS payloads without executing (backend storage check)\u001b[39m\u001b[22m\n\n    \u001b[2mexpect(\u001b[22m\u001b[31mreceived\u001b[39m\u001b[2m).\u001b[22mtoContain\u001b[2m(\u001b[22m\u001b[32mexpected\u001b[39m\u001b[2m) // indexOf\u001b[22m\n\n    Expected value: \u001b[32m409\u001b[39m\n    Received array: \u001b[31m[201, 400]\u001b[39m\n\u001b[2m\u001b[22m\n\u001b[2m    \u001b[0m \u001b[90m 257 |\u001b[39m         \u001b[22m\n\u001b[2m     \u001b[90m 258 |\u001b[39m\u001b[22m\n\u001b[2m    \u001b[31m\u001b[1m>\u001b[22m\u001b[2m\u001b[39m\u001b[90m 259 |\u001b[39m       expect([\u001b[35m201\u001b[39m\u001b[33m,\u001b[39m \u001b[35m400\u001b[39m])\u001b[33m.\u001b[39mtoContain(response\u001b[33m.\u001b[39mstatus)\u001b[33m;\u001b[39m\u001b[22m\n\u001b[2m     \u001b[90m     |\u001b[39m                          \u001b[31m\u001b[1m^\u001b[22m\u001b[2m\u001b[39m\u001b[22m\n\u001b[2m     \u001b[90m 260 |\u001b[39m       \u001b[22m\n\u001b[2m     \u001b[90m 261 |\u001b[39m       \u001b[36mif\u001b[39m (response\u001b[33m.\u001b[39mstatus \u001b[33m===\u001b[39m \u001b[35m201\u001b[39m) {\u001b[22m\n\u001b[2m     \u001b[90m 262 |\u001b[39m          expect(response\u001b[33m.\u001b[39mbody\u001b[33m.\u001b[39muser\u001b[33m.\u001b[39mname)\u001b[33m.\u001b[39mtoBe(xssContent)\u001b[33m;\u001b[39m\u001b[0m\u001b[22m\n\u001b[2m\u001b[22m\n\u001b[2m      \u001b[2mat Object.<anonymous> (\u001b[22m\u001b[2m\u001b[0m\u001b[36m__tests__/integration/edge-cases.test.ts\u001b[39m\u001b[0m\u001b[2m:259:26)\u001b[22m\u001b[2m\u001b[22m\n","name":"D:\\SoftWare\\OnlyJs\\Backend\\backend-projects\\blog-api\\__tests__\\integration\\edge-cases.test.ts","startTime":1770076479458,"status":"failed","summary":""},{"assertionResults":[{"ancestorTitles":["Post Service","createPost"],"duration":4,"failing":false,"failureDetails":[],"failureMessages":[],"fullName":"Post Service createPost should create a new post with generated slug","invocations":1,"location":null,"numPassingAsserts":3,"retryReasons":[],"startAt":1770076480486,"status":"passed","title":"should create a new post with generated slug"},{"ancestorTitles":["Post Service","createPost"],"duration":1,"failing":false,"failureDetails":[],"failureMessages":[],"fullName":"Post Service createPost should create unique slug if slug already exists","invocations":1,"location":null,"numPassingAsserts":2,"retryReasons":[],"startAt":1770076480491,"status":"passed","title":"should create unique slug if slug already exists"},{"ancestorTitles":["Post Service","getPostById"],"duration":1,"failing":false,"failureDetails":[],"failureMessages":[],"fullName":"Post Service getPostById should return post with author and comments","invocations":1,"location":null,"numPassingAsserts":3,"retryReasons":[],"startAt":1770076480492,"status":"passed","title":"should return post with author and comments"},{"ancestorTitles":["Post Service","getPostById"],"duration":11,"failing":false,"failureDetails":[],"failureMessages":[],"fullName":"Post Service getPostById should throw error when post not found","invocations":1,"location":null,"numPassingAsserts":1,"retryReasons":[],"startAt":1770076480494,"status":"passed","title":"should throw error when post not found"},{"ancestorTitles":["Post Service","getAllPosts"],"duration":1,"failing":false,"failureDetails":[],"failureMessages":[],"fullName":"Post Service getAllPosts should return all posts with default pagination","invocations":1,"location":null,"numPassingAsserts":2,"retryReasons":[],"startAt":1770076480506,"status":"passed","title":"should return all posts with default pagination"},{"ancestorTitles":["Post Service","updatePost"],"duration":1,"failing":false,"failureDetails":[],"failureMessages":[],"fullName":"Post Service updatePost should update post when user is author","invocations":1,"location":null,"numPassingAsserts":2,"retryReasons":[
[...]
:69,"column":5}},"21":{"start":{"line":68,"column":6},"end":{"line":68,"column":47}},"22":{"start":{"line":71,"column":18},"end":{"line":71,"column":44}},"23":{"start":{"line":73,"column":4},"end":{"line":78,"column":7}},"24":{"start":{"line":81,"column":4},"end":{"line":81,"column":61}},"25":{"start":{"line":85,"column":22},"end":{"line":104,"column":1}},"26":{"start":{"line":86,"column":2},"end":{"line":103,"column":3}},"27":{"start":{"line":87,"column":19},"end":{"line":87,"column":29}},"28":{"start":{"line":88,"column":18},"end":{"line":88,"column":30}},"29":{"start":{"line":90,"column":4},"end":{"line":92,"column":5}},"30":{"start":{"line":91,"column":6},"end":{"line":91,"column":66}},"31":{"start":{"line":94,"column":17},"end":{"line":94,"column":48}},"32":{"start":{"line":96,"column":4},"end":{"line":96,"column":35}},"33":{"start":{"line":99,"column":4},"end":{"line":101,"column":5}},"34":{"start":{"line":100,"column":6},"end":{"line":100,"column":60}},"35":{"start":{"line":102,"column":4},"end":{"line":102,"column":61}},"36":{"start":{"line":107,"column":22},"end":{"line":133,"column":1}},"37":{"start":{"line":108,"column":2},"end":{"line":132,"column":3}},"38":{"start":{"line":109,"column":19},"end":{"line":109,"column":29}},"39":{"start":{"line":110,"column":42},"end":{"line":110,"column":50}},"40":{"start":{"line":112,"column":42},"end":{"line":112,"column":44}},"41":{"start":{"line":113,"column":4},"end":{"line":113,"column":54}},"42":{"start":{"line":113,"column":29},"end":{"line":113,"column":54}},"43":{"start":{"line":114,"column":4},"end":{"line":114,"column":60}},"44":{"start":{"line":114,"column":31},"end":{"line":114,"column":60}},"45":{"start":{"line":115,"column":4},"end":{"line":115,"column":66}},"46":{"start":{"line":115,"column":33},"end":{"line":115,"column":66}},"47":{"start":{"line":117,"column":17},"end":{"line":117,"column":72}},"48":{"start":{"line":119,"column":4},"end":{"line":122,"column":7}},"49":{"start":{"line":125,"column":4},"end":{"line":127,"column":5}},"50":{"start":{"line":126,"column":6},"end":{"line":126,"column":60}},"51":{"start":{"line":128,"column":4},"end":{"line":130,"column":5}},"52":{"start":{"line":129,"column":6},"end":{"line":129,"column":60}},"53":{"start":{"line":131,"column":4},"end":{"line":131,"column":61}},"54":{"start":{"line":138,"column":22},"end":{"line":155,"column":1}},"55":{"start":{"line":139,"column":2},"end":{"line":154,"column":3}},"56":{"start":{"line":140,"column":19},"end":{"line":140,"column":29}},"57":{"start":{"line":142,"column":19},"end":{"line":142,"column":62}},"58":{"start":{"line":144,"column":4},"end":{"line":144,"column":33}},"59":{"start":{"line":147,"column":4},"end":{"line":149,"column":5}},"60":{"start":{"line":148,"column":6},"end":{"line":148,"column":60}},"61":{"start":{"line":150,"column":4},"end":{"line":152,"column":5}},"62":{"start":{"line":151,"column":6},"end":{"line":151,"column":60}},"63":{"start":{"line":153,"column":4},"end":{"line":153,"column":61}}},"fnMap":{"0":{"name":"(anonymous_0)","decl":{"start":{"line":17,"column":22},"end":{"line":17,"column":27}},"loc":{"start":{"line":17,"column":60},"end":{"line":47,"column":1}}},"1":{"name":"(anonymous_1)","decl":{"start":{"line":49,"column":22},"end":{"line":49,"column":27}},"loc":{"start":{"line":49,"column":60},"end":{"line":83,"column":1}}},"2":{"name":"(anonymous_2)","decl":{"start":{"line":85,"column":22},"end":{"line":85,"column":27}},"loc":{"start":{"line":85,"column":60},"end":{"line":104,"column":1}}},"3":{"name":"(anonymous_3)","decl":{"start":{"line":107,"column":22},"end":{"line":107,"column":27}},"loc":{"start":{"line":107,"column":59},"end":{"line":133,"column":1}}},"4":{"name":"(anonymous_4)","decl":{"start":{"line":138,"column":22},"end":{"line":138,"column":27}},"loc":{"start":{"line":138,"column":60},"end":{"line":155,"column":1}}}},"branchMap":{"0":{"loc":{"start":{"line":21,"column":4},"end":{"line":25,"column":5}},"type":"if","locations":[{"start":{"line":21,"column":4},"end":{"line":25,"column":5}},{"start":{},"end":{}}]},"1":{"loc":{"start":{"line":21,"column":8},"end":{"line":21,"column":41}},"type":"binary-expr","locations":[{"start":{"line":21,"column":8},"end":{"line":21,"column":14}},{"start":{"line":21,"column":18},"end":{"line":21,"column":41}}]},"2":{"loc":{"start":{"line":27,"column":4},"end":{"line":31,"column":5}},"type":"if","locations":[{"start":{"line":27,"column":4},"end":{"line":31,"column":5}},{"start":{},"end":{}}]},"3":{"loc":{"start":{"line":27,"column":8},"end":{"line":27,"column":46}},"type":"binary-expr","locations":[{"start":{"line":27,"column":8},"end":{"line":27,"column":16}},{"start":{"line":27,"column":20},"end":{"line":27,"column":46}}]},"4":{"loc":{"start":{"line":36,"column":17},"end":{"line":36,"column":35}},"type":"binary-expr","locations":[{"start":{"line":36,"column":17},"end":{"line":36,"column":26}},{"start":{"line":36,"column":30},"end":{"line":36,"column":35}}]},"5":{"loc":{"start":{"line":51,"column":12},"end":{"line":51,"column":22}},"type":"default-arg","locations":[{"start":{"line":51,"column":19},"end":{"line":51,"column":22}}]},"6":{"loc":{"start":{"line":51,"column":24},"end":{"line":51,"column":36}},"type":"default-arg","locations":[{"start":{"line":51,"column":32},"end":{"line":51,"column":36}}]},"7":{"loc":{"start":{"line":56,"column":4},"end":{"line":60,"column":5}},"type":"if","locations":[{"start":{"line":56,"column":4},"end":{"line":60,"column":5}},{"start":{},"end":{}}]},"8":{"loc":{"start":{"line":56,"column":8},"end":{"line":56,"column":72}},"type":"binary-expr","locations":[{"start":{"line":56,"column":8},"end":{"line":56,"column":22}},{"start":{"line":56,"column":26},"end":{"line":56,"column":37}},{"start":{"line":56,"column":41},"end":{"line":56,"column":56}},{"start":{"line":56,"column":60},"end":{"line":56,"column":72}}]},"9":{"loc":{"start":{"line":67,"column":4},"end":{"line":69,"column":5}},"type":"if","locations":[{"start":{"line":67,"column":4},"end":{"line":69,"column":5}},{"start":{},"end":{}}]},"10":{"loc":{"start":{"line":90,"column":4},"end":{"line":92,"column":5}},"type":"if","locations":[{"start":{"line":90,"column":4},"end":{"line":92,"column":5}},{"start":{},"end":{}}]},"11":{"loc":{"start":{"line":99,"column":4},"end":{"line":101,"column":5}},"type":"if","locations":[{"start":{"line":99,"column":4},"end":{"line":101,"column":5}},{"start":{},"end":{}}]},"12":{"loc":{"start":{"line":99,"column":8},"end":{"line":99,"column":68}},"type":"binary-expr","locations":[{"start":{"line":99,"column":8},"end":{"line":99,"column":30}},{"start":{"line":99,"column":34},"end":{"line":99,"column":68}}]},"13":{"loc":{"start":{"line":113,"column":4},"end":{"line":113,"column":54}},"type":"if","locations":[{"start":{"line":113,"column":4},"end":{"line":113,"column":54}},{"start":{},"end":{}}]},"14":{"loc":{"start":{"line":114,"column":4},"end":{"line":114,"column":60}},"type":"if","locations":[{"start":{"line":114,"column":4},"end":{"line":114,"column":60}},{"start":{},"end":{}}]},"15":{"loc":{"start":{"line":115,"column":4},"end":{"line":115,"column":66}},"type":"if","locations":[{"start":{"line":115,"column":4},"end":{"line":115,"column":66}},{"start":{},"end":{}}]},"16":{"loc":{"start":{"line":125,"column":4},"end":{"line":127,"column":5}},"type":"if","locations":[{"start":{"line":125,"column":4},"end":{"line":127,"column":5}},{"start":{},"end":{}}]},"17":{"loc":{"start":{"line":125,"column":8},"end":{"line":125,"column":68}},"type":"binary-expr","locations":[{"start":{"line":125,"column":8},"end":{"line":125,"column":30}},{"start":{"line":125,"column":34},"end":{"line":125,"column":68}}]},"18":{"loc":{"start":{"line":128,"column":4},"end":{"line":130,"column":5}},"type":"if","locations":[{"start":{"line":128,"column":4},"end":{"line":130,"column":5}},{"start":{},"end":{}}]},"19":{"loc":{"start":{"line":128,"column":8},"end":{"line":128,"column":72}},"type":"binary-expr","locations":[{"start":{"line":128,"column":8},"end":{"line":128,"column":30}},{"start":{"line":128,"column":34},"end":{"line":128,"column":72}}]},"20":{"loc":{"start":{"line":147,"column":4},"end":{"line":149,"column":5}},"type":"if","locations":[{"start":{"line":147,"column":4},"end":{"line":149,"column":5}},{"start":{},"end":{}}]},"21":{"loc":{"start":{"line":147,"column":8},"end":{"line":147,"column":68}},"type":"binary-expr","locations":[{"start":{"line":147,"column":8},"end":{"line":147,"column":30}},{"start":{"line":147,"column":34},"end":{"line":147,"column":68}}]},"22":{"loc":{"start":{"line":150,"column":4},"end":{"line":152,"column":5}},"type":"if","locations":[{"start":{"line":150,"column":4},"end":{"line":152,"column":5}},{"start":{},"end":{}}]},"23":{"loc":{"start":{"line":150,"column":8},"end":{"line":150,"column":72}},"type":"binary-expr","locations":[{"start":{"line":150,"column":8},"end":{"line":150,"column":30}},{"start":{"line":150,"column":34},"end":{"line":150,"column":72}}]}},"s":{"0":3,"1":0,"2":0,"3":0,"4":0,"5":0,"6":0,"7":0,"8":0,"9":0,"10":3,"11":3,"12":3,"13":3,"14":3,"15":3,"16":2,"17":1,"18":1,"19":1,"20":1,"21":0,"22":1,"23":1,"24":0,"25":3,"26":2,"27":2,"28":2,"29":2,"30":1,"31":1,"32":0,"33":1,"34":1,"35":0,"36":3,"37":0,"38":0,"39":0,"40":0,"41":0,"42":0,"43":0,"44":0,"45":0,"46":0,"47":0,"48":0,"49":0,"50":0,"51":0,"52":0,"53":0,"54":3,"55":0,"56":0,"57":0,"58":0,"59":0,"60":0,"61":0,"62":0,"63":0},"f":{"0":0,"1":3,"2":2,"3":0,"4":0},"b":{"0":[0,0],"1":[0,0],"2":[0,0],"3":[0,0],"4":[0,0],"5":[2],"6":[2],"7":[2,1],"8":[3,2,2,2],"9":[0,1],"10":[1,1],"11":[1,0],"12":[1,1],"13":[0,0],"14":[0,0],"15":[0,0],"16":[0,0],"17":[0,0],"18":[0,0],"19":[0,0],"20":[0,0],"21":[0,0],"22":[0,0],"23":[0,0]}},"D:\\SoftWare\\OnlyJs\\Backend\\backend-projects\\blog-api\\src\\routes\\post.ts":{"path":"D:\\SoftWare\\OnlyJs\\Backend\\backend-projects\\blog-api\\src\\routes\\post.ts","statementMap":{"0":{"start":{"line":11,"column":15},"end":{"line":11,"column":31}},"1":{"start":{"line":13,"column":0},"end":{"line":13,"column":24}},"2":{"start":{"line":14,"column":0},"end":{"line":14,"column":27}},"3":{"start":{"line":16,"column":0},"end":{"line":16,"column":39}},"4":{"start":{"line":17,"column":0},"end":{"line":17,"column":41}},"5":{"start":{"line":18,"column":0},"end":{"line":18,"column":44}}},"fnMap":{},"branchMap":{},"s":{"0":3,"1":3,"2":3,"3":3,"4":3,"5":3},"f":{},"b":{}},"D:\\SoftWare\\OnlyJs\\Backend\\backend-projects\\blog-api\\src\\services\\comment.ts":{"path":"D:\\SoftWare\\OnlyJs\\Backend\\backend-projects\\blog-api\\src\\services\\comment.ts","statementMap":{"0":{"start":{"line":3,"column":29},"end":{"line":30,"column":1}},"1":{"start":{"line":5,"column":17},"end":{"line":7,"column":6}},"2":{"start":{"line":9,"column":4},"end":{"line":11,"column":5}},"3":{"start":{"line":10,"column":8},"end":{"line":10,"column":null}},"4":{"start":{"line":13,"column":20},"end":{"line":28,"column":6}},"5":{"start":{"line":29,"column":4},"end":{"line":29,"column":null}},"6":{"start":{"line":32,"column":33},"end":{"line":49,"column":1}},"7":{"start":{"line":33,"column":21},"end":{"line":47,"column":6}},"8":{"start":{"line":48,"column":4},"end":{"line":48,"column":null}},"9":{"start":{"line":51,"column":29},"end":{"line":68,"column":1}},"10":{"start":{"line":52,"column":20},"end":{"line":54,"column":6}},"11":{"start":{"line":56,"column":4},"end":{"line":58,"column":5}},"12":{"start":{"line":57,"column":8},"end":{"line":57,"column":null}},"13":{"start":{"line":60,"column":4},"end":{"line":62,"column":5}},"14":{"start":{"line":61,"column":8},"end":{"line":61,"column":null}},"15":{"start":{"line":64,"column":4},"end":{"line":66,"column":null}},"16":{"start":{"line":67,"column":4},"end":{"line":67,"column":null}}},"fnMap":{"0":{"name":"(anonymous_0)","decl":{"start":{"line":3,"column":29},"end":{"line":3,"column":34}},"loc":{"start":{"line":3,"column":89},"end":{"line":30,"column":1}}},"1":{"name":"(anonymous_1)","decl":{"start":{"line":32,"column":33},"end":{"line":32,"column":38}},"loc":{"start":{"line":32,"column":58},"end":{"line":49,"column":1}}},"2":{"name":"(anonymous_2)","decl":{"start":{"line":51,"column":29},"end":{"line":51,"column":34}},"loc":{"start":{"line":51,"column":68},"end":{"line":68,"column":1}}}},"branchMap":{"0":{"loc":{"start":{"line":9,"column":4},"end":{"line":11,"column":5}},"type":"if","locations":[{"start":{"line":9,"column":4},"end":{"line":11,"column":5}},{"start":{},"end":{}}]},"1":{"loc":{"start":{"line":56,"column":4},"end":{"line":58,"column":5}},"type":"if","locations":[{"start":{"line":56,"column":4},"end":{"line":58,"column":5}},{"start":{},"end":{}}]},"2":{"loc":{"start":{"line":60,"column":4},"end":{"line":62,"column":5}},"type":"if","locations":[{"start":{"line":60,"column":4},"end":{"line":62,"column":5}},{"start":{},"end":{}}]}},"s":{"0":4,"1":2,"2":2,"3":1,"4":1,"5":1,"6":4,"7":1,"8":1,"9":4,"10":3,"11":3,"12":1,"13":2,"14":1,"15":1,"16":1},"f":{"0":2,"1":1,"2":3},"b":{"0":[1,1],"1":[1,2],"2":[1,1]}},"D:\\SoftWare\\OnlyJs\\Backend\\backend-projects\\blog-api\\src\\controllers\\comment.ts":{"path":"D:\\SoftWare\\OnlyJs\\Backend\\backend-projects\\blog-api\\src\\controllers\\comment.ts","statementMap":{"0":{"start":{"line":12,"column":22},"end":{"line":28,"column":1}},"1":{"start":{"line":13,"column":4},"end":{"line":27,"column":5}},"2":{"start":{"line":14,"column":27},"end":{"line":14,"column":69}},"3":{"start":{"line":15,"column":28},"end":{"line":15,"column":57}},"4":{"start":{"line":17,"column":8},"end":{"line":21,"column":9}},"5":{"start":{"line":18,"column":12},"end":{"line":20,"column":null}},"6":{"start":{"line":23,"column":24},"end":{"line":23,"column":73}},"7":{"start":{"line":24,"column":8},"end":{"line":24,"column":null}},"8":{"start":{"line":26,"column":8},"end":{"line":26,"column":null}},"9":{"start":{"line":30,"column":25},"end":{"line":39,"column":1}},"10":{"start":{"line":31,"column":4},"end":{"line":38,"column":5}},"11":{"start":{"line":32,"column":27},"end":{"line":32,"column":69}},"12":{"start":{"line":34,"column":25},"end":{"line":34,"column":56}},"13":{"start":{"line":35,"column":8},"end":{"line":35,"column":null}},"14":{"start":{"line":37,"column":8},"end":{"line":37,"column":null}},"15":{"start":{"line":41,"column":22},"end":{"line":57,"column":1}},"16":{"start":{"line":42,"column":4},"end":{"line":56,"column":5}},"17":{"start":{"line":43,"column":23},"end":{"line":43,"column":65}},"18":{"start":{"line":45,"column":23},"end":{"line":45,"column":59}},"19":{"start":{"line":47,"column":8},"end":{"line":47,"column":null}},"20":{"start":{"line":49,"column":8},"end":{"line":51,"column":9}},"21":{"start":{"line":50,"column":12},"end":{"line":50,"column":null}},"22":{"start":{"line":52,"column":8},"end":{"line":54,"column":9}},"23":{"start":{"line":53,"column":12},"end":{"line":53,"column":null}},"24":{"start":{"line":55,"column":8},"end":{"line":55,"column":null}}},"fnMap":{"0":{"name":"(anonymous_0)","decl":{"start":{"line":12,"column":22},"end":{"line":12,"column":27}},"loc":{"start":{"line":12,"column":60},"end":{"line":28,"column":1}}},"1":{"name":"(anonymous_1)","decl":{"start":{"line":30,"column":25},"end":{"line":30,"column":30}},"loc":{"start":{"line":30,"column":63},"end":{"line":39,"column":1}}},"2":{"name":"(anonymous_2)","decl":{"start":{"line":41,"column":22},"end":{"line":41,"column":27}},"loc":{"start":{"line":41,"column":60},"end":{"line":57,"column":1}}}},"branchMap":{"0":{"loc":{"start":{"line":17,"column":8},"end":{"line":21,"column":9}},"type":"if","locations":[{"start":{"line":17,"column":8},"end":{"line":21,"column":9}},{"start":{},"end":{}}]},"1":{"loc":{"start":{"line":17,"column":11},"end":{"line":17,"column":48}},"type":"binary-expr","locations":[{"start":{"line":17,"column":11},"end":{"line":17,"column":19}},{"start":{"line":17,"column":23},"end":{"line":17,"column":48}}]},"2":{"loc":{"start":{"line":49,"column":8},"end":{"line":51,"column":9}},"type":"if","locations":[{"start":{"line":49,"column":8},"end":{"line":51,"column":9}},{"start":{},"end":{}}]},"3":{"loc":{"start":{"line":52,"column":8},"end":{"line":54,"column":9}},"type":"if","locations":[{"start":{"line":52,"column":8},"end":{"line":54,"column":9}},{"start":{},"end":{}}]}},"s":{"0":3,"1":0,"2":0,"3":0,"4":0,"5":0,"6":0,"7":0,"8":0,"9":3,"10":0,"11":0,"12":0,"13":0,"14":0,"15":3,"16":0,"17":0,"18":0,"19":0,"20":0,"21":0,"22":0,"23":0,"24":0},"f":{"0":0,"1":0,"2":0},"b":{"0":[0,0],"1":[0,0],"2":[0,0],"3":[0,0]}},"D:\\SoftWare\\OnlyJs\\Backend\\backend-projects\\blog-api\\src\\routes\\comment.ts":{"path":"D:\\SoftWare\\OnlyJs\\Backend\\backend-projects\\blog-api\\src\\routes\\comment.ts","statementMap":{"0":{"start":{"line":5,"column":15},"end":{"line":5,"column":31}},"1":{"start":{"line":7,"column":0},"end":{"line":7,"column":48}},"2":{"start":{"line":8,"column":0},"end":{"line":8,"column":60}},"3":{"start":{"line":9,"column":0},"end":{"line":9,"column":53}}},"fnMap":{},"branchMap":{},"s":{"0":3,"1":3,"2":3,"3":3},"f":{},"b":{}},"D:\\SoftWare\\OnlyJs\\Backend\\backend-projects\\blog-api\\src\\app.ts":{"path":"D:\\SoftWare\\OnlyJs\\Backend\\backend-projects\\blog-api\\src\\app.ts","statementMap":{"0":{"start":{"line":8,"column":0},"end":{"line":8,"column":80}},"1":{"start":{"line":10,"column":12},"end":{"line":10,"column":21}},"2":{"start":{"line":12,"column":0},"end":{"line":12,"column":null}},"3":{"start":{"line":13,"column":0},"end":{"line":13,"column":null}},"4":{"start":{"line":14,"column":0},"end":{"line":14,"column":null}},"5":{"start":{"line":16,"column":0},"end":{"line":16,"column":33}},"6":{"start":{"line":17,"column":0},"end":{"line":17,"column":34}},"7":{"start":{"line":18,"column":0},"end":{"line":18,"column":40}},"8":{"start":{"line":20,"column":0},"end":{"line":25,"column":null}},"9":{"start":{"line":21,"column":4},"end":{"line":24,"column":null}},"10":{"start":{"line":27,"column":0},"end":{"line":30,"column":null}},"11":{"start":{"line":28,"column":4},"end":{"line":29,"column":null}},"12":{"start":{"line":32,"column":0},"end":{"line":43,"column":null}},"13":{"start":{"line":33,"column":19},"end":{"line":33,"column":54}},"14":{"start":{"line":36,"column":4},"end":{"line":38,"column":5}},"15":{"start":{"line":37,"column":8},"end":{"line":37,"column":33}},"16":{"start":{"line":40,"column":4},"end":{"line":42,"column":null}}},"fnMap":{"0":{"name":"(anonymous_0)","decl":{"start":{"line":20,"column":13},"end":{"line":20,"column":14}},"loc":{"start":{"line":20,"column":26},"end":{"line":25,"column":1}}},"1":{"name":"(anonymous_1)","decl":{"start":{"line":27,"column":8},"end":{"line":27,"column":9}},"loc":{"start":{"line":27,"column":21},"end":{"line":30,"column":1}}},"2":{"name":"(anonymous_2)","decl":{"start":{"line":32,"column":8},"end":{"line":32,"column":9}},"loc":{"start":{"line":32,"column":70},"end":{"line":43,"column":1}}}},"branchMap":{"0":{"loc":{"start":{"line":8,"column":22},"end":{"line":8,"column":76}},"type":"cond-expr","locations":[{"start":{"line":8,"column":56},"end":{"line":8,"column":67}},{"start":{"line":8,"column":70},"end":{"line":8,"column":76}}]},"1":{"loc":{"start":{"line":33,"column":19},"end":{"line":33,"column":54}},"type":"binary-expr","locations":[{"start":{"line":33,"column":19},"end":{"line":33,"column":29}},{"start":{"line":33,"column":33},"end":{"line":33,"column":47}},{"start":{"line":33,"column":51},"end":{"line":33,"column":54}}]},"2":{"loc":{"start":{"line":36,"column":4},"end":{"line":38,"column":5}},"type":"if","locations":[{"start":{"line":36,"column":4},"end":{"line":38,"column":5}},{"start":{},"end":{}}]},"3":{"loc":{"start":{"line":41,"column":15},"end":{"line":41,"column":67}},"type":"cond-expr","locations":[{"start":{"line":41,"column":31},"end":{"line":41,"column":53}},{"start":{"line":41,"column":56},"end":{"line":41,"column":67}}]}},"s":{"0":3,"1":3,"2":3,"3":3,"4":3,"5":3,"6":3,"7":3,"8":3,"9":0,"10":3,"11":1,"12":3,"13":2,"14":2,"15":0,"16":2},"f":{"0":0,"1":1,"2":2},"b":{"0":[3,0],"1":[2,0,0],"2":[0,2],"3":[0,2]}}}}
