{"D:\\SoftWare\\OnlyJs\\Backend\\backend-projects\\blog-api\\src\\app.ts": {"path":"D:\\SoftWare\\OnlyJs\\Backend\\backend-projects\\blog-api\\src\\app.ts","statementMap":{"0":{"start":{"line":8,"column":0},"end":{"line":8,"column":80}},"1":{"start":{"line":10,"column":12},"end":{"line":10,"column":21}},"2":{"start":{"line":12,"column":0},"end":{"line":12,"column":null}},"3":{"start":{"line":13,"column":0},"end":{"line":13,"column":null}},"4":{"start":{"line":14,"column":0},"end":{"line":14,"column":null}},"5":{"start":{"line":16,"column":0},"end":{"line":16,"column":33}},"6":{"start":{"line":17,"column":0},"end":{"line":17,"column":34}},"7":{"start":{"line":18,"column":0},"end":{"line":18,"column":40}},"8":{"start":{"line":20,"column":0},"end":{"line":25,"column":null}},"9":{"start":{"line":21,"column":4},"end":{"line":24,"column":null}},"10":{"start":{"line":27,"column":0},"end":{"line":30,"column":null}},"11":{"start":{"line":28,"column":4},"end":{"line":29,"column":null}},"12":{"start":{"line":32,"column":0},"end":{"line":43,"column":null}},"13":{"start":{"line":33,"column":19},"end":{"line":33,"column":54}},"14":{"start":{"line":36,"column":4},"end":{"line":38,"column":5}},"15":{"start":{"line":37,"column":8},"end":{"line":37,"column":33}},"16":{"start":{"line":40,"column":4},"end":{"line":42,"column":null}}},"fnMap":{"0":{"name":"(anonymous_0)","decl":{"start":{"line":20,"column":13},"end":{"line":20,"column":14}},"loc":{"start":{"line":20,"column":26},"end":{"line":25,"column":1}}},"1":{"name":"(anonymous_1)","decl":{"start":{"line":27,"column":8},"end":{"line":27,"column":9}},"loc":{"start":{"line":27,"column":21},"end":{"line":30,"column":1}}},"2":{"name":"(anonymous_2)","decl":{"start":{"line":32,"column":8},"end":{"line":32,"column":9}},"loc":{"start":{"line":32,"column":70},"end":{"line":43,"column":1}}}},"branchMap":{"0":{"loc":{"start":{"line":8,"column":22},"end":{"line":8,"column":76}},"type":"cond-expr","locations":[{"start":{"line":8,"column":56},"end":{"line":8,"column":67}},{"start":{"line":8,"column":70},"end":{"line":8,"column":76}}]},"1":{"loc":{"start":{"line":33,"column":19},"end":{"line":33,"column":54}},"type":"binary-expr","locations":[{"start":{"line":33,"column":19},"end":{"line":33,"column":29}},{"start":{"line":33,"column":33},"end":{"line":33,"column":47}},{"start":{"line":33,"column":51},"end":{"line":33,"column":54}}]},"2":{"loc":{"start":{"line":36,"column":4},"end":{"line":38,"column":5}},"type":"if","locations":[{"start":{"line":36,"column":4},"end":{"line":38,"column":5}},{"start":{},"end":{}}]},"3":{"loc":{"start":{"line":41,"column":15},"end":{"line":41,"column":67}},"type":"cond-expr","locations":[{"start":{"line":41,"column":31},"end":{"line":41,"column":53}},{"start":{"line":41,"column":56},"end":{"line":41,"column":67}}]}},"s":{"0":0,"1":0,"2":0,"3":0,"4":0,"5":0,"6":0,"7":0,"8":0,"9":0,"10":0,"11":0,"12":0,"13":0,"14":0,"15":0,"16":0},"f":{"0":0,"1":0,"2":0},"b":{"0":[0,0],"1":[0,0,0],"2":[0,0],"3":[0,0]}}
,"D:\\SoftWare\\OnlyJs\\Backend\\backend-projects\\blog-api\\src\\config\\database.ts": {"path":"D:\\SoftWare\\OnlyJs\\Backend\\backend-projects\\blog-api\\src\\config\\database.ts","statementMap":{"0":{"start":{"line":3,"column":15},"end":{"line":6,"column":2}},"1":{"start":{"line":8,"column":0},"end":{"line":10,"column":3}},"2":{"start":{"line":9,"column":4},"end":{"line":9,"column":null}}},"fnMap":{"0":{"name":"(anonymous_0)","decl":{"start":{"line":8,"column":25},"end":{"line":8,"column":30}},"loc":{"start":{"line":8,"column":36},"end":{"line":10,"column":1}}}},"branchMap":{"0":{"loc":{"start":{"line":4,"column":9},"end":{"line":4,"column":88}},"type":"cond-expr","locations":[{"start":{"line":4,"column":50},"end":{"line":4,"column":76}},{"start":{"line":4,"column":79},"end":{"line":4,"column":88}}]}},"s":{"0":0,"1":0,"2":0},"f":{"0":0},"b":{"0":[0,0]}}
,"D:\\SoftWare\\OnlyJs\\Backend\\backend-projects\\blog-api\\src\\controllers\\auth.ts": {"path":"D:\\SoftWare\\OnlyJs\\Backend\\backend-projects\\blog-api\\src\\controllers\\auth.ts","statementMap":{"0":{"start":{"line":7,"column":24},"end":{"line":52,"column":1}},"1":{"start":{"line":8,"column":4},"end":{"line":51,"column":5}},"2":{"start":{"line":9,"column":41},"end":{"line":9,"column":49}},"3":{"start":{"line":11,"column":8},"end":{"line":15,"column":9}},"4":{"start":{"line":12,"column":12},"end":{"line":14,"column":null}},"5":{"start":{"line":16,"column":8},"end":{"line":20,"column":9}},"6":{"start":{"line":17,"column":12},"end":{"line":19,"column":null}},"7":{"start":{"line":22,"column":8},"end":{"line":26,"column":9}},"8":{"start":{"line":23,"column":12},"end":{"line":25,"column":null}},"9":{"start":{"line":28,"column":21},"end":{"line":28,"column":63}},"10":{"start":{"line":30,"column":8},"end":{"line":32,"column":9}},"11":{"start":{"line":31,"column":12},"end":{"line":31,"column":81}},"12":{"start":{"line":34,"column":22},"end":{"line":37,"column":null}},"13":{"start":{"line":40,"column":8},"end":{"line":44,"column":null}},"14":{"start":{"line":46,"column":8},"end":{"line":48,"column":9}},"15":{"start":{"line":47,"column":12},"end":{"line":47,"column":null}},"16":{"start":{"line":50,"column":8},"end":{"line":50,"column":null}},"17":{"start":{"line":55,"column":21},"end":{"line":101,"column":1}},"18":{"start":{"line":56,"column":4},"end":{"line":100,"column":5}},"19":{"start":{"line":57,"column":36},"end":{"line":57,"column":44}},"20":{"start":{"line":59,"column":8},"end":{"line":63,"column":9}},"21":{"start":{"line":60,"column":12},"end":{"line":62,"column":null}},"22":{"start":{"line":65,"column":21},"end":{"line":65,"column":48}},"23":{"start":{"line":67,"column":8},"end":{"line":71,"column":9}},"24":{"start":{"line":68,"column":12},"end":{"line":70,"column":null}},"25":{"start":{"line":73,"column":32},"end":{"line":73,"column":77}},"26":{"start":{"line":75,"column":8},"end":{"line":79,"column":9}},"27":{"start":{"line":76,"column":12},"end":{"line":78,"column":null}},"28":{"start":{"line":81,"column":8},"end":{"line":83,"column":9}},"29":{"start":{"line":82,"column":12},"end":{"line":82,"column":81}},"30":{"start":{"line":85,"column":22},"end":{"line":88,"column":null}},"31":{"start":{"line":91,"column":54},"end":{"line":91,"column":58}},"32":{"start":{"line":93,"column":8},"end":{"line":97,"column":null}},"33":{"start":{"line":99,"column":8},"end":{"line":99,"column":null}},"34":{"start":{"line":103,"column":26},"end":{"line":112,"column":1}},"35":{"start":{"line":104,"column":4},"end":{"line":111,"column":5}},"36":{"start":{"line":105,"column":8},"end":{"line":108,"column":null}},"37":{"start":{"line":110,"column":8},"end":{"line":110,"column":null}}},"fnMap":{"0":{"name":"(anonymous_0)","decl":{"start":{"line":7,"column":24},"end":{"line":7,"column":29}},"loc":{"start":{"line":7,"column":62},"end":{"line":52,"column":1}}},"1":{"name":"(anonymous_1)","decl":{"start":{"line":55,"column":21},"end":{"line":55,"column":26}},"loc":{"start":{"line":55,"column":59},"end":{"line":101,"column":1}}},"2":{"name":"(anonymous_2)","decl":{"start":{"line":103,"column":26},"end":{"line":103,"column":31}},"loc":{"start":{"line":103,"column":64},"end":{"line":112,"column":1}}}},"branchMap":{"0":{"loc":{"start":{"line":11,"column":8},"end":{"line":15,"column":9}},"type":"if","locations":[{"start":{"line":11,"column":8},"end":{"line":15,"column":9}},{"start":{},"end":{}}]},"1":{"loc":{"start":{"line":16,"column":8},"end":{"line":20,"column":9}},"type":"if","locations":[{"start":{"line":16,"column":8},"end":{"line":20,"column":9}},{"start":{},"end":{}}]},"2":{"loc":{"start":{"line":22,"column":8},"end":{"line":26,"column":9}},"type":"if","locations":[{"start":{"line":22,"column":8},"end":{"line":26,"column":9}},{"start":{},"end":{}}]},"3":{"loc":{"start":{"line":22,"column":11},"end":{"line":22,"column":42}},"type":"binary-expr","locations":[{"start":{"line":22,"column":11},"end":{"line":22,"column":16}},{"start":{"line":22,"column":20},"end":{"line":22,"column":42}}]},"4":{"loc":{"start":{"line":30,"column":8},"end":{"line":32,"column":9}},"type":"if","locations":[{"start":{"line":30,"column":8},"end":{"line":32,"column":9}},{"start":{},"end":{}}]},"5":{"loc":{"start":{"line":46,"column":8},"end":{"line":48,"column":9}},"type":"if","locations":[{"start":{"line":46,"column":8},"end":{"line":48,"column":9}},{"start":{},"end":{}}]},"6":{"loc":{"start":{"line":46,"column":11},"end":{"line":46,"column":78}},"type":"binary-expr","locations":[{"start":{"line":46,"column":11},"end":{"line":46,"column":52}},{"start":{"line":46,"column":56},"end":{"line":46,"column":78}}]},"7":{"loc":{"start":{"line":59,"column":8},"end":{"line":63,"column":9}},"type":"if","locations":[{"start":{"line":59,"column":8},"end":{"line":63,"column":9}},{"start":{},"end":{}}]},"8":{"loc":{"start":{"line":59,"column":11},"end":{"line":59,"column":31}},"type":"binary-expr","locations":[{"start":{"line":59,"column":11},"end":{"line":59,"column":17}},{"start":{"line":59,"column":22},"end":{"line":59,"column":31}}]},"9":{"loc":{"start":{"line":67,"column":8},"end":{"line":71,"column":9}},"type":"if","locations":[{"start":{"line":67,"column":8},"end":{"line":71,"column":9}},{"start":{},"end":{}}]},"10":{"loc":{"start":{"line":75,"column":8},"end":{"line":79,"column":9}},"type":"if","locations":[{"start":{"line":75,"column":8},"end":{"line":79,"column":9}},{"start":{},"end":{}}]},"11":{"loc":{"start":{"line":81,"column":8},"end":{"line":83,"column":9}},"type":"if","locations":[{"start":{"line":81,"column":8},"end":{"line":83,"column":9}},{"start":{},"end":{}}]}},"s":{"0":0,"1":0,"2":0,"3":0,"4":0,"5":0,"6":0,"7":0,"8":0,"9":0,"10":0,"11":0,"12":0,"13":0,"14":0,"15":0,"16":0,"17":0,"18":0,"19":0,"20":0,"21":0,"22":0,"23":0,"24":0,"25":0,"26":0,"27":0,"28":0,"29":0,"30":0,"31":0,"32":0,"33":0,"34":0,"35":0,"36":0,"37":0},"f":{"0":0,"1":0,"2":0},"b":{"0":[0,0],"1":[0,0],"2":[0,0],"3":[0,0],"4":[0,0],"5":[0,0],"6":[0,0],"7":[0,0],"8":[0,0],"9":[0,0],"10":[0,0],"11":[0,0]}}
,"D:\\SoftWare\\OnlyJs\\Backend\\backend-projects\\blog-api\\src\\controllers\\comment.ts": {"path":"D:\\SoftWare\\OnlyJs\\Backend\\backend-projects\\blog-api\\src\\controllers\\comment.ts","statementMap":{"0":{"start":{"line":12,"column":22},"end":{"line":28,"column":1}},"1":{"start":{"line":13,"column":4},"end":{"line":27,"column":5}},"2":{"start":{"line":14,"column":27},"end":{"line":14,"column":69}},"3":{"start":{"line":15,"column":28},"end":{"line":15,"column":57}},"4":{"start":{"line":17,"column":8},"end":{"line":21,"column":9}},"5":{"start":{"line":18,"column":12},"end":{"line":20,"column":null}},"6":{"start":{"line":23,"column":24},"end":{"line":23,"column":73}},"7":{"start":{"line":24,"column":8},"end":{"line":24,"column":null}},"8":{"start":{"line":26,"column":8},"end":{"line":26,"column":null}},"9":{"start":{"line":30,"column":25},"end":{"line":39,"column":1}},"10":{"start":{"line":31,"column":4},"end":{"line":38,"column":5}},"11":{"start":{"line":32,"column":27},"end":{"line":32,"column":69}},"12":{"start":{"line":34,"column":25},"end":{"line":34,"column":56}},"13":{"start":{"line":35,"column":8},"end":{"line":35,"column":null}},"14":{"start":{"line":37,"column":8},"end":{"line":37,"column":null}},"15":{"start":{"line":41,"column":22},"end":{"line":57,"column":1}},"16":{"start":{"line":42,"column":4},"end":{"line":56,"column":5}},"17":{"start":{"line":43,"column":23},"end":{"line":43,"column":65}},"18":{"start":{"line":45,"column":23},"end":{"line":45,"column":59}},"19":{"start":{"line":47,"column":8},"end":{"line":47,"column":null}},"20":{"start":{"line":49,"column":8},"end":{"line":51,"column":9}},"21":{"start":{"line":50,"column":12},"end":{"line":50,"column":null}},"22":{"start":{"line":52,"column":8},"end":{"line":54,"column":9}},"23":{"start":{"line":53,"column":12},"end":{"line":53,"column":null}},"24":{"start":{"line":55,"column":8},"end":{"line":55,"column":null}}},"fnMap":{"0":{"name":"(anonymous_0)","decl":{"start":{"line":12,"column":22},"end":{"line":12,"column":27}},"loc":{"start":{"line":12,"column":60},"end":{"line":28,"column":1}}},"1":{"name":"(anonymous_1)","decl":{"start":{"line":30,"column":25},"end":{"line":30,"column":30}},"loc":{"start":{"line":30,"column":63},"end":{"line":39,"column":1}}},"2":{"name":"(anonymous_2)","decl":{"start":{"line":41,"column":22},"end":{"line":41,"column":27}},"loc":{"start":{"line":41,"column":60},"end":{"line":57,"column":1}}}},"branchMap":{"0":{"loc":{"start":{"line":17,"column":8},"end":{"line":21,"column":9}},"type":"if","locations":[{"start":{"line":17,"column":8},"end":{"line":21,"column":9}},{"start":{},"end":{}}]},"1":{"loc":{"start":{"line":17,"column":11},"end":{"line":17,"column":48}},"type":"binary-expr","locations":[{"start":{"line":17,"column":11},"end":{"line":17,"column":19}},{"start":{"line":17,"column":23},"end":{"line":17,"column":48}}]},"2":{"loc":{"start":{"line":49,"column":8},"end":{"line":51,"column":9}},"type":"if","locations":[{"start":{"line":49,"column":8},"end":{"line":51,"column":9}},{"start":{},"end":{}}]},"3":{"loc":{"start":{"line":52,"column":8},"end":{"line":54,"column":9}},"type":"if","locations":[{"start":{"line":52,"column":8},"end":{"line":54,"column":9}},{"start":{},"end":{}}]}},"s":{"0":0,"1":0,"2":0,"3":0,"4":0,"5":0,"6":0,"7":0,"8":0,"9":0,"10":0,"11":0,"12":0,"13":0,"14":0,"15":0,"16":0,"17":0,"18":0,"19":0,"20":0,"21":0,"22":0,"23":0,"24":0},"f":{"0":0,"1":0,"2":0},"b":{"0":[0,0],"1":[0,0],"2":[0,0],"3":[0,0]}}
,"D:\\SoftWare\\OnlyJs\\Backend\\backend-projects\\blog-api\\src\\controllers\\post.ts": {"path":"D:\\SoftWare\\OnlyJs\\Backend\\backend-projects\\blog-api\\src\\controllers\\post.ts","statementMap":{"0":{"start":{"line":17,"column":22},"end":{"line":47,"column":1}},"1":{"start":{"line":18,"column":2},"end":{"line":46,"column":3}},"2":{"start":{"line":19,"column":42},"end":{"line":19,"column":50}},"3":{"start":{"line":21,"column":4},"end":{"line":25,"column":5}},"4":{"start":{"line":22,"column":6},"end":{"line":24,"column":9}},"5":{"start":{"line":27,"column":4},"end":{"line":31,"column":5}},"6":{"start":{"line":28,"column":6},"end":{"line":30,"column":9}},"7":{"start":{"line":33,"column":17},"end":{"line":37,"column":6}},"8":{"start":{"line":39,"column":4},"end":{"line":42,"column":7}},"9":{"start":{"line":45,"column":4},"end":{"line":45,"column":61}},"10":{"start":{"line":49,"column":22},"end":{"line":83,"column":1}},"11":{"start":{"line":50,"column":2},"end":{"line":82,"column":3}},"12":{"start":{"line":51,"column":52},"end":{"line":51,"column":61}},"13":{"start":{"line":53,"column":20},"end":{"line":53,"column":44}},"14":{"start":{"line":54,"column":21},"end":{"line":54,"column":46}},"15":{"start":{"line":56,"column":4},"end":{"line":60,"column":5}},"16":{"start":{"line":57,"column":6},"end":{"line":59,"column":9}},"17":{"start":{"line":62,"column":17},"end":{"line":62,"column":41}},"18":{"start":{"line":63,"column":17},"end":{"line":63,"column":25}},"19":{"start":{"line":65,"column":25},"end":{"line":65,"column":39}},"20":{"start":{"line":67,"column":4},"end":{"line":69,"column":5}},"21":{"start":{"line":68,"column":6},"end":{"line":68,"column":47}},"22":{"start":{"line":71,"column":18},"end":{"line":71,"column":44}},"23":{"start":{"line":73,"column":4},"end":{"line":78,"column":7}},"24":{"start":{"line":81,"column":4},"end":{"line":81,"column":61}},"25":{"start":{"line":85,"column":22},"end":{"line":104,"column":1}},"26":{"start":{"line":86,"column":2},"end":{"line":103,"column":3}},"27":{"start":{"line":87,"column":19},"end":{"line":87,"column":29}},"28":{"start":{"line":88,"column":18},"end":{"line":88,"column":30}},"29":{"start":{"line":90,"column":4},"end":{"line":92,"column":5}},"30":{"start":{"line":91,"column":6},"end":{"line":91,"column":66}},"31":{"start":{"line":94,"column":17},"end":{"line":94,"column":48}},"32":{"start":{"line":96,"column":4},"end":{"line":96,"column":35}},"33":{"start":{"line":99,"column":4},"end":{"line":101,"column":5}},"34":{"start":{"line":100,"column":6},"end":{"line":100,"column":60}},"35":{"start":{"line":102,"column":4},"end":{"line":102,"column":61}},"36":{"start":{"line":107,"column":22},"end":{"line":133,"column":1}},"37":{"start":{"line":108,"column":2},"end":{"line":132,"column":3}},"38":{"start":{"line":109,"column":19},"end":{"line":109,"column":29}},"39":{"start":{"line":110,"column":42},"end":{"line":110,"column":50}},"40":{"start":{"line":112,"column":42},"end":{"line":112,"column":44}},"41":{"start":{"line":113,"column":4},"end":{"line":113,"column":54}},"42":{"start":{"line":113,"column":29},"end":{"line":113,"column":54}},"43":{"start":{"line":114,"column":4},"end":{"line":114,"column":60}},"44":{"start":{"line":114,"column":31},"end":{"line":114,"column":60}},"45":{"start":{"line":115,"column":4},"end":{"line":115,"column":66}},"46":{"start":{"line":115,"column":33},"end":{"line":115,"column":66}},"47":{"start":{"line":117,"column":17},"end":{"line":117,"column":72}},"48":{"start":{"line":119,"column":4},"end":{"line":122,"column":7}},"49":{"start":{"line":125,"column":4},"end":{"line":127,"column":5}},"50":{"start":{"line":126,"column":6},"end":{"line":126,"column":60}},"51":{"start":{"line":128,"column":4},"end":{"line":130,"column":5}},"52":{"start":{"line":129,"column":6},"end":{"line":129,"column":60}},"53":{"start":{"line":131,"column":4},"end":{"line":131,"column":61}},"54":{"start":{"line":138,"column":22},"end":{"line":155,"column":1}},"55":{"start":{"line":139,"column":2},"end":{"line":154,"column":3}},"56":{"start":{"line":140,"column":19},"end":{"line":140,"column":29}},"57":{"start":{"line":142,"column":19},"end":{"line":142,"column":62}},"58":{"start":{"line":144,"column":4},"end":{"line":144,"column":33}},"59":{"start":{"line":147,"column":4},"end":{"line":149,"column":5}},"60":{"start":{"line":148,"column":6},"end":{"line":148,"column":60}},"61":{"start":{"line":150,"column":4},"end":{"line":152,"column":5}},"62":{"start":{"line":151,"column":6},"end":{"line":151,"column":60}},"63":{"start":{"line":153,"column":4},"end":{"line":153,"column":61}}},"fnMap":{"0":{"name":"(anonymous_0)","decl":{"start":{"line":17,"column":22},"end":{"line":17,"column":27}},"loc":{"start":{"line":17,"column":60},"end":{"line":47,"column":1}}},"1":{"name":"(anonymous_1)","decl":{"start":{"line":49,"column":22},"end":{"line":49,"column":27}},"loc":{"start":{"line":49,"column":60},"end":{"line":83,"column":1}}},"2":{"name":"(anonymous_2)","decl":{"start":{"line":85,"column":22},"end":{"line":85,"column":27}},"loc":{"start":{"line":85,"column":60},"end":{"line":104,"column":1}}},"3":{"name":"(anonymous_3)","decl":{"start":{"line":107,"column":22},"end":{"line":107,"column":27}},"loc":{"start":{"line":107,"column":59},"end":{"line":133,"column":1}}},"4":{"name":"(anonymous_4)","decl":{"start":{"line":138,"column":22},"end":{"line":138,"column":27}},"loc":{"start":{"line":138,"column":60},"end":{"line":155,"column":1}}}},"branchMap":{"0":{"loc":{"start":{"line":21,"column":4},"end":{"line":25,"column":5}},"type":"if","locations":[{"start":{"line":21,"column":4},"end":{"line":25,"column":5}},{"start":{},"end":{}}]},"1":{"loc":{"start":{"line":21,"column":8},"end":{"line":21,"column":41}},"type":"binary-expr","locations":[{"start":{"line":21,"column":8},"end":{"line":21,"column":14}},{"start":{"line":21,"column":18},"end":{"line":21,"column":41}}]},"2":{"loc":{"start":{"line":27,"column":4},"end":{"line":31,"column":5}},"type":"if","locations":[{"start":{"line":27,"column":4},"end":{"line":31,"column":5}},{"start":{},"end":{}}]},"3":{"loc":{"start":{"line":27,"column":8},"end":{"line":27,"column":46}},"type":"binary-expr","locations":[{"start":{"line":27,"column":8},"end":{"line":27,"column":16}},{"start":{"line":27,"column":20},"end":{"line":27,"column":46}}]},"4":{"loc":{"start":{"line":36,"column":17},"end":{"line":36,"column":35}},"type":"binary-expr","locations":[{"start":{"line":36,"column":17},"end":{"line":36,"column":26}},{"start":{"line":36,"column":30},"end":{"line":36,"column":35}}]},"5":{"loc":{"start":{"line":51,"column":12},"end":{"line":51,"column":22}},"type":"default-arg","locations":[{"start":{"line":51,"column":19},"end":{"line":51,"column":22}}]},"6":{"loc":{"start":{"line":51,"column":24},"end":{"line":51,"column":36}},"type":"default-arg","locations":[{"start":{"line":51,"column":32},"end":{"line":51,"column":36}}]},"7":{"loc":{"start":{"line":56,"column":4},"end":{"line":60,"column":5}},"type":"if","locations":[{"start":{"line":56,"column":4},"end":{"line":60,"column":5}},{"start":{},"end":{}}]},"8":{"loc":{"start":{"line":56,"column":8},"end":{"line":56,"column":72}},"type":"binary-expr","locations":[{"start":{"line":56,"column":8},"end":{"line":56,"column":22}},{"start":{"line":56,"column":26},"end":{"line":56,"column":37}},{"start":{"line":56,"column":41},"end":{"line":56,"column":56}},{"start":{"line":56,"column":60},"end":{"line":56,"column":72}}]},"9":{"loc":{"start":{"line":67,"column":4},"end":{"line":69,"column":5}},"type":"if","locations":[{"start":{"line":67,"column":4},"end":{"line":69,"column":5}},{"start":{},"end":{}}]},"10":{"loc":{"start":{"line":90,"column":4},"end":{"line":92,"column":5}},"type":"if","locations":[{"start":{"line":90,"column":4},"end":{"line":92,"column":5}},{"start":{},"end":{}}]},"11":{"loc":{"start":{"line":99,"column":4},"end":{"line":101,"column":5}},"type":"if","locations":[{"start":{"line":99,"column":4},"end":{"line":101,"column":5}},{"start":{},"end":{}}]},"12":{"loc":{"start":{"line":99,"column":8},"end":{"line":99,"column":68}},"type":"binary-expr","locations":[{"start":{"line":99,"column":8},"end":{"line":99,"column":30}},{"start":{"line":99,"column":34},"end":{"line":99,"column":68}}]},"13":{"loc":{"start":{"line":113,"column":4},"end":{"line":113,"column":54}},"type":"if","locations":[{"start":{"line":113,"column":4},"end":{"line":113,"column":54}},{"start":{},"end":{}}]},"14":{"loc":{"start":{"line":114,"column":4},"end":{"line":114,"column":60}},"type":"if","locations":[{"start":{"line":114,"column":4},"end":{"line":114,"column":60}},{"start":{},"end":{}}]},"15":{"loc":{"start":{"line":115,"column":4},"end":{"line":115,"column":66}},"type":"if","locations":[{"start":{"line":115,"column":4},"end":{"line":115,"column":66}},{"start":{},"end":{}}]},"16":{"loc":{"start":{"line":125,"column":4},"end":{"line":127,"column":5}},"type":"if","locations":[{"start":{"line":125,"column":4},"end":{"line":127,"column":5}},{"start":{},"end":{}}]},"17":{"loc":{"start":{"line":125,"column":8},"end":{"line":125,"column":68}},"type":"binary-expr","locations":[{"start":{"line":125,"column":8},"end":{"line":125,"column":30}},{"start":{"line":125,"column":34},"end":{"line":125,"column":68}}]},"18":{"loc":{"start":{"line":128,"column":4},"end":{"line":130,"column":5}},"type":"if","locations":[{"start":{"line":128,"column":4},"end":{"line":130,"column":5}},{"start":{},"end":{}}]},"19":{"loc":{"start":{"line":128,"column":8},"end":{"line":128,"column":72}},"type":"binary-expr","locations":[{"start":{"line":128,"column":8},"end":{"line":128,"column":30}},{"start":{"line":128,"column":34},"end":{"line":128,"column":72}}]},"20":{"loc":{"start":{"line":147,"column":4},"end":{"line":149,"column":5}},"type":"if","locations":[{"start":{"line":147,"column":4},"end":{"line":149,"column":5}},{"start":{},"end":{}}]},"21":{"loc":{"start":{"line":147,"column":8},"end":{"line":147,"column":68}},"type":"binary-expr","locations":[{"start":{"line":147,"column":8},"end":{"line":147,"column":30}},{"start":{"line":147,"column":34},"end":{"line":147,"column":68}}]},"22":{"loc":{"start":{"line":150,"column":4},"end":{"line":152,"column":5}},"type":"if","locations":[{"start":{"line":150,"column":4},"end":{"line":152,"column":5}},{"start":{},"end":{}}]},"23":{"loc":{"start":{"line":150,"column":8},"end":{"line":150,"column":72}},"type":"binary-expr","locations":[{"start":{"line":150,"column":8},"end":{"line":150,"column":30}},{"start":{"line":150,"column":34},"end":{"line":150,"column":72}}]}},"s":{"0":0,"1":0,"2":0,"3":0,"4":0,"5":0,"6":0,"7":0,"8":0,"9":0,"10":0,"11":0,"12":0,"13":0,"14":0,"15":0,"16":0,"17":0,"18":0,"19":0,"20":0,"21":0,"22":0,"23":0,"24":0,"25":0,"26":0,"27":0,"28":0,"29":0,"30":0,"31":0,"32":0,"33":0,"34":0,"35":0,"36":0,"37":0,"38":0,"39":0,"40":0,"41":0,"42":0,"43":0,"44":0,"45":0,"46":0,"47":0,"48":0,"49":0,"50":0,"51":0,"52":0,"53":0,"54":0,"55":0,"56":0,"57":0,"58":0,"59":0,"60":0,"61":0,"62":0,"63":0},"f":{"0":0,"1":0,"2":0,"3":0,"4":0},"b":{"0":[0,0],"1":[0,0],"2":[0,0],"3":[0,0],"4":[0,0],"5":[0],"6":[0],"7":[0,0],"8":[0,0,0,0],"9":[0,0],"10":[0,0],"11":[0,0],"12":[0,0],"13":[0,0],"14":[0,0],"15":[0,0],"16":[0,0],"17":[0,0],"18":[0,0],"19":[0,0],"20":[0,0],"21":[0,0],"22":[0,0],"23":[0,0]}}
,"D:\\SoftWare\\OnlyJs\\Backend\\backend-projects\\blog-api\\src\\middlewares\\auth.ts": {"path":"D:\\SoftWare\\OnlyJs\\Backend\\backend-projects\\blog-api\\src\\middlewares\\auth.ts","statementMap":{"0":{"start":{"line":19,"column":28},"end":{"line":50,"column":1}},"1":{"start":{"line":20,"column":4},"end":{"line":49,"column":5}},"2":{"start":{"line":21,"column":27},"end":{"line":21,"column":52}},"3":{"start":{"line":23,"column":8},"end":{"line":28,"column":9}},"4":{"start":{"line":24,"column":12},"end":{"line":26,"column":15}},"5":{"start":{"line":27,"column":12},"end":{"line":27,"column":19}},"6":{"start":{"line":30,"column":22},"end":{"line":30,"column":45}},"7":{"start":{"line":32,"column":24},"end":{"line":32,"column":75}},"8":{"start":{"line":34,"column":21},"end":{"line":34,"column":70}},"9":{"start":{"line":35,"column":8},"end":{"line":35,"column":24}},"10":{"start":{"line":36,"column":8},"end":{"line":36,"column":15}},"11":{"start":{"line":38,"column":8},"end":{"line":42,"column":9}},"12":{"start":{"line":39,"column":12},"end":{"line":41,"column":null}},"13":{"start":{"line":43,"column":8},"end":{"line":47,"column":9}},"14":{"start":{"line":44,"column":12},"end":{"line":46,"column":null}},"15":{"start":{"line":48,"column":8},"end":{"line":48,"column":null}}},"fnMap":{"0":{"name":"(anonymous_0)","decl":{"start":{"line":19,"column":28},"end":{"line":19,"column":33}},"loc":{"start":{"line":19,"column":86},"end":{"line":50,"column":1}}}},"branchMap":{"0":{"loc":{"start":{"line":23,"column":8},"end":{"line":28,"column":9}},"type":"if","locations":[{"start":{"line":23,"column":8},"end":{"line":28,"column":9}},{"start":{},"end":{}}]},"1":{"loc":{"start":{"line":23,"column":12},"end":{"line":23,"column":60}},"type":"binary-expr","locations":[{"start":{"line":23,"column":12},"end":{"line":23,"column":23}},{"start":{"line":23,"column":27},"end":{"line":23,"column":60}}]},"2":{"loc":{"start":{"line":38,"column":8},"end":{"line":42,"column":9}},"type":"if","locations":[{"start":{"line":38,"column":8},"end":{"line":42,"column":9}},{"start":{},"end":{}}]},"3":{"loc":{"start":{"line":43,"column":8},"end":{"line":47,"column":9}},"type":"if","locations":[{"start":{"line":43,"column":8},"end":{"line":47,"column":9}},{"start":{},"end":{}}]}},"s":{"0":0,"1":0,"2":0,"3":0,"4":0,"5":0,"6":0,"7":0,"8":0,"9":0,"10":0,"11":0,"12":0,"13":0,"14":0,"15":0},"f":{"0":0},"b":{"0":[0,0],"1":[0,0],"2":[0,0],"3":[0,0]}}
,"D:\\SoftWare\\OnlyJs\\Backend\\backend-projects\\blog-api\\src\\routes\\auth.ts": {"path":"D:\\SoftWare\\OnlyJs\\Backend\\backend-projects\\blog-api\\src\\routes\\auth.ts","statementMap":{"0":{"start":{"line":5,"column":15},"end":{"line":5,"column":31}},"1":{"start":{"line":7,"column":0},"end":{"line":7,"column":35}},"2":{"start":{"line":8,"column":0},"end":{"line":8,"column":29}},"3":{"start":{"line":9,"column":0},"end":{"line":9,"column":49}}},"fnMap":{},"branchMap":{},"s":{"0":0,"1":0,"2":0,"3":0},"f":{},"b":{}}
,"D:\\SoftWare\\OnlyJs\\Backend\\backend-projects\\blog-api\\src\\routes\\comment.ts": {"path":"D:\\SoftWare\\OnlyJs\\Backend\\backend-projects\\blog-api\\src\\routes\\comment.ts","statementMap":{"0":{"start":{"line":5,"column":15},"end":{"line":5,"column":31}},"1":{"start":{"line":7,"column":0},"end":{"line":7,"column":48}},"2":{"start":{"line":8,"column":0},"end":{"line":8,"column":60}},"3":{"start":{"line":9,"column":0},"end":{"line":9,"column":53}}},"fnMap":{},"branchMap":{},"s":{"0":0,"1":0,"2":0,"3":0},"f":{},"b":{}}
,"D:\\SoftWare\\OnlyJs\\Backend\\backend-projects\\blog-api\\src\\routes\\post.ts": {"path":"D:\\SoftWare\\OnlyJs\\Backend\\backend-projects\\blog-api\\src\\routes\\post.ts","statementMap":{"0":{"start":{"line":11,"column":15},"end":{"line":11,"column":31}},"1":{"start":{"line":13,"column":0},"end":{"line":13,"column":24}},"2":{"start":{"line":14,"column":0},"end":{"line":14,"column":27}},"3":{"start":{"line":16,"column":0},"end":{"line":16,"column":39}},"4":{"start":{"line":17,"column":0},"end":{"line":17,"column":41}},"5":{"start":{"line":18,"column":0},"end":{"line":18,"column":44}}},"fnMap":{},"branchMap":{},"s":{"0":0,"1":0,"2":0,"3":0,"4":0,"5":0},"f":{},"b":{}}
,"D:\\SoftWare\\OnlyJs\\Backend\\backend-projects\\blog-api\\src\\services\\comment.ts": {"path":"D:\\SoftWare\\OnlyJs\\Backend\\backend-projects\\blog-api\\src\\services\\comment.ts","statementMap":{"0":{"start":{"line":3,"column":29},"end":{"line":30,"column":1}},"1":{"start":{"line":5,"column":17},"end":{"line":7,"column":6}},"2":{"start":{"line":9,"column":4},"end":{"line":11,"column":5}},"3":{"start":{"line":10,"column":8},"end":{"line":10,"column":null}},"4":{"start":{"line":13,"column":20},"end":{"line":28,"column":6}},"5":{"start":{"line":29,"column":4},"end":{"line":29,"column":null}},"6":{"start":{"line":32,"column":33},"end":{"line":49,"column":1}},"7":{"start":{"line":33,"column":21},"end":{"line":47,"column":6}},"8":{"start":{"line":48,"column":4},"end":{"line":48,"column":null}},"9":{"start":{"line":51,"column":29},"end":{"line":68,"column":1}},"10":{"start":{"line":52,"column":20},"end":{"line":54,"column":6}},"11":{"start":{"line":56,"column":4},"end":{"line":58,"column":5}},"12":{"start":{"line":57,"column":8},"end":{"line":57,"column":null}},"13":{"start":{"line":60,"column":4},"end":{"line":62,"column":5}},"14":{"start":{"line":61,"column":8},"end":{"line":61,"column":null}},"15":{"start":{"line":64,"column":4},"end":{"line":66,"column":null}},"16":{"start":{"line":67,"column":4},"end":{"line":67,"column":null}}},"fnMap":{"0":{"name":"(anonymous_0)","decl":{"start":{"line":3,"column":29},"end":{"line":3,"column":34}},"loc":{"start":{"line":3,"column":89},"end":{"line":30,"column":1}}},"1":{"name":"(anonymous_1)","decl":{"start":{"line":32,"column":33},"end":{"line":32,"column":38}},"loc":{"start":{"line":32,"column":58},"end":{"line":49,"column":1}}},"2":{"name":"(anonymous_2)","decl":{"start":{"line":51,"column":29},"end":{"line":51,"column":34}},"loc":{"start":{"line":51,"column":68},"end":{"line":68,"column":1}}}},"branchMap":{"0":{"loc":{"start":{"line":9,"column":4},"end":{"line":11,"column":5}},"type":"if","locations":[{"start":{"line":9,"column":4},"end":{"line":11,"column":5}},{"start":{},"end":{}}]},"1":{"loc":{"start":{"line":56,"column":4},"end":{"line":58,"column":5}},"type":"if","locations":[{"start":{"line":56,"column":4},"end":{"line":58,"column":5}},{"start":{},"end":{}}]},"2":{"loc":{"start":{"line":60,"column":4},"end":{"line":62,"column":5}},"type":"if","locations":[{"start":{"line":60,"column":4},"end":{"line":62,"column":5}},{"start":{},"end":{}}]}},"s":{"0":0,"1":0,"2":0,"3":0,"4":0,"5":0,"6":0,"7":0,"8":0,"9":0,"10":0,"11":0,"12":0,"13":0,"14":0,"15":0,"16":0},"f":{"0":0,"1":0,"2":0},"b":{"0":[0,0],"1":[0,0],"2":[0,0]}}
,"D:\\SoftWare\\OnlyJs\\Backend\\backend-projects\\blog-api\\src\\services\\post.ts": {"path":"D:\\SoftWare\\OnlyJs\\Backend\\backend-projects\\blog-api\\src\\services\\post.ts","statementMap":{"0":{"start":{"line":18,"column":26},"end":{"line":54,"column":1}},"1":{"start":{"line":19,"column":49},"end":{"line":19,"column":57}},"2":{"start":{"line":21,"column":17},"end":{"line":21,"column":31}},"3":{"start":{"line":23,"column":25},"end":{"line":25,"column":6}},"4":{"start":{"line":27,"column":4},"end":{"line":32,"column":5}},"5":{"start":{"line":28,"column":27},"end":{"line":28,"column":50}},"6":{"start":{"line":29,"column":8},"end":{"line":29,"column":35}},"7":{"start":{"line":31,"column":8},"end":{"line":31,"column":null}},"8":{"start":{"line":34,"column":17},"end":{"line":51,"column":6}},"9":{"start":{"line":53,"column":4},"end":{"line":53,"column":16}},"10":{"start":{"line":56,"column":27},"end":{"line":87,"column":1}},"11":{"start":{"line":57,"column":17},"end":{"line":81,"column":6}},"12":{"start":{"line":83,"column":4},"end":{"line":85,"column":5}},"13":{"start":{"line":84,"column":8},"end":{"line":84,"column":null}},"14":{"start":{"line":86,"column":4},"end":{"line":86,"column":16}},"15":{"start":{"line":89,"column":29},"end":{"line":107,"column":1}},"16":{"start":{"line":90,"column":17},"end":{"line":101,"column":6}},"17":{"start":{"line":103,"column":4},"end":{"line":105,"column":5}},"18":{"start":{"line":104,"column":8},"end":{"line":104,"column":null}},"19":{"start":{"line":106,"column":4},"end":{"line":106,"column":16}},"20":{"start":{"line":116,"column":27},"end":{"line":148,"column":1}},"21":{"start":{"line":117,"column":56},"end":{"line":117,"column":63}},"22":{"start":{"line":119,"column":23},"end":{"line":119,"column":25}},"23":{"start":{"line":121,"column":4},"end":{"line":123,"column":5}},"24":{"start":{"line":122,"column":8},"end":{"line":122,"column":36}},"25":{"start":{"line":125,"column":4},"end":{"line":127,"column":5}},"26":{"start":{"line":126,"column":8},"end":{"line":126,"column":34}},"27":{"start":{"line":129,"column":18},"end":{"line":145,"column":6}},"28":{"start":{"line":147,"column":4},"end":{"line":147,"column":17}},"29":{"start":{"line":150,"column":26},"end":{"line":180,"column":1}},"30":{"start":{"line":151,"column":15},"end":{"line":151,"column":62}},"31":{"start":{"line":153,"column":2},"end":{"line":155,"column":3}},"32":{"start":{"line":154,"column":4},"end":{"line":154,"column":38}},"33":{"start":{"line":157,"column":2},"end":{"line":159,"column":3}},"34":{"start":{"line":158,"column":4},"end":{"line":158,"column":56}},"35":{"start":{"line":161,"column":2},"end":{"line":163,"column":3}},"36":{"start":{"line":162,"column":4},"end":{"line":162,"column":48}},"37":{"start":{"line":165,"column":22},"end":{"line":177,"column":4}},"38":{"start":{"line":179,"column":2},"end":{"line":179,"column":21}},"39":{"start":{"line":182,"column":26},"end":{"line":196,"column":1}},"40":{"start":{"line":183,"column":15},"end":{"line":183,"column":62}},"41":{"start":{"line":185,"column":2},"end":{"line":187,"column":3}},"42":{"start":{"line":186,"column":4},"end":{"line":186,"column":38}},"43":{"start":{"line":189,"column":2},"end":{"line":191,"column":3}},"44":{"start":{"line":190,"column":4},"end":{"line":190,"column":56}},"45":{"start":{"line":193,"column":2},"end":{"line":193,"column":46}},"46":{"start":{"line":195,"column":2},"end":{"line":195,"column":54}},"47":{"start":{"line":198,"column":32},"end":{"line":200,"column":1}},"48":{"start":{"line":199,"column":2},"end":{"line":199,"column":47}}},"fnMap":{"0":{"name":"(anonymous_0)","decl":{"start":{"line":18,"column":26},"end":{"line":18,"column":31}},"loc":{"start":{"line":18,"column":79},"end":{"line":54,"column":1}}},"1":{"name":"(anonymous_1)","decl":{"start":{"line":56,"column":27},"end":{"line":56,"column":32}},"loc":{"start":{"line":56,"column":48},"end":{"line":87,"column":1}}},"2":{"name":"(anonymous_2)","decl":{"start":{"line":89,"column":29},"end":{"line":89,"column":34}},"loc":{"start":{"line":89,"column":52},"end":{"line":107,"column":1}}},"3":{"name":"(anonymous_3)","decl":{"start":{"line":116,"column":27},"end":{"line":116,"column":32}},"loc":{"start":{"line":116,"column":70},"end":{"line":148,"column":1}}},"4":{"name":"(anonymous_4)","decl":{"start":{"line":150,"column":26},"end":{"line":150,"column":31}},"loc":{"start":{"line":150,"column":93},"end":{"line":180,"column":1}}},"5":{"name":"(anonymous_5)","decl":{"start":{"line":182,"column":26},"end":{"line":182,"column":31}},"loc":{"start":{"line":182,"column":65},"end":{"line":196,"column":1}}},"6":{"name":"(anonymous_6)","decl":{"start":{"line":198,"column":32},"end":{"line":198,"column":37}},"loc":{"start":{"line":198,"column":93},"end":{"line":200,"column":1}}}},"branchMap":{"0":{"loc":{"start":{"line":19,"column":28},"end":{"line":19,"column":45}},"type":"default-arg","locations":[{"start":{"line":19,"column":40},"end":{"line":19,"column":45}}]},"1":{"loc":{"start":{"line":27,"column":4},"end":{"line":32,"column":5}},"type":"if","locations":[{"start":{"line":27,"column":4},"end":{"line":32,"column":5}},{"start":{"line":30,"column":11},"end":{"line":32,"column":5}}]},"2":{"loc":{"start":{"line":83,"column":4},"end":{"line":85,"column":5}},"type":"if","locations":[{"start":{"line":83,"column":4},"end":{"line":85,"column":5}},{"start":{},"end":{}}]},"3":{"loc":{"start":{"line":103,"column":4},"end":{"line":105,"column":5}},"type":"if","locations":[{"start":{"line":103,"column":4},"end":{"line":105,"column":5}},{"start":{},"end":{}}]},"4":{"loc":{"start":{"line":116,"column":34},"end":{"line":116,"column":66}},"type":"default-arg","locations":[{"start":{"line":116,"column":64},"end":{"line":116,"column":66}}]},"5":{"loc":{"start":{"line":117,"column":12},"end":{"line":117,"column":20}},"type":"default-arg","locations":[{"start":{"line":117,"column":19},"end":{"line":117,"column":20}}]},"6":{"loc":{"start":{"line":117,"column":22},"end":{"line":117,"column":31}},"type":"default-arg","locations":[{"start":{"line":117,"column":29},"end":{"line":117,"column":31}}]},"7":{"loc":{"start":{"line":121,"column":4},"end":{"line":123,"column":5}},"type":"if","locations":[{"start":{"line":121,"column":4},"end":{"line":123,"column":5}},{"start":{},"end":{}}]},"8":{"loc":{"start":{"line":125,"column":4},"end":{"line":127,"column":5}},"type":"if","locations":[{"start":{"line":125,"column":4},"end":{"line":127,"column":5}},{"start":{},"end":{}}]},"9":{"loc":{"start":{"line":153,"column":2},"end":{"line":155,"column":3}},"type":"if","locations":[{"start":{"line":153,"column":2},"end":{"line":155,"column":3}},{"start":{},"end":{}}]},"10":{"loc":{"start":{"line":157,"column":2},"end":{"line":159,"column":3}},"type":"if","locations":[{"start":{"line":157,"column":2},"end":{"line":159,"column":3}},{"start":{},"end":{}}]},"11":{"loc":{"start":{"line":161,"column":2},"end":{"line":163,"column":3}},"type":"if","locations":[{"start":{"line":161,"column":2},"end":{"line":163,"column":3}},{"start":{},"end":{}}]},"12":{"loc":{"start":{"line":185,"column":2},"end":{"line":187,"column":3}},"type":"if","locations":[{"start":{"line":185,"column":2},"end":{"line":187,"column":3}},{"start":{},"end":{}}]},"13":{"loc":{"start":{"line":189,"column":2},"end":{"line":191,"column":3}},"type":"if","locations":[{"start":{"line":189,"column":2},"end":{"line":191,"column":3}},{"start":{},"end":{}}]},"14":{"loc":{"start":{"line":198,"column":57},"end":{"line":198,"column":89}},"type":"default-arg","locations":[{"start":{"line":198,"column":87},"end":{"line":198,"column":89}}]}},"s":{"0":0,"1":0,"2":0,"3":0,"4":0,"5":0,"6":0,"7":0,"8":0,"9":0,"10":0,"11":0,"12":0,"13":0,"14":0,"15":0,"16":0,"17":0,"18":0,"19":0,"20":0,"21":0,"22":0,"23":0,"24":0,"25":0,"26":0,"27":0,"28":0,"29":0,"30":0,"31":0,"32":0,"33":0,"34":0,"35":0,"36":0,"37":0,"38":0,"39":0,"40":0,"41":0,"42":0,"43":0,"44":0,"45":0,"46":0,"47":0,"48":0},"f":{"0":0,"1":0,"2":0,"3":0,"4":0,"5":0,"6":0},"b":{"0":[0],"1":[0,0],"2":[0,0],"3":[0,0],"4":[0],"5":[0],"6":[0],"7":[0,0],"8":[0,0],"9":[0,0],"10":[0,0],"11":[0,0],"12":[0,0],"13":[0,0],"14":[0]}}
,"D:\\SoftWare\\OnlyJs\\Backend\\backend-projects\\blog-api\\src\\services\\user.ts": {"path":"D:\\SoftWare\\OnlyJs\\Backend\\backend-projects\\blog-api\\src\\services\\user.ts","statementMap":{"0":{"start":{"line":16,"column":26},"end":{"line":46,"column":1}},"1":{"start":{"line":17,"column":36},"end":{"line":17,"column":44}},"2":{"start":{"line":19,"column":25},"end":{"line":21,"column":6}},"3":{"start":{"line":23,"column":4},"end":{"line":25,"column":5}},"4":{"start":{"line":24,"column":8},"end":{"line":24,"column":null}},"5":{"start":{"line":27,"column":27},"end":{"line":27,"column":58}},"6":{"start":{"line":29,"column":17},"end":{"line":43,"column":6}},"7":{"start":{"line":45,"column":4},"end":{"line":45,"column":16}},"8":{"start":{"line":48,"column":27},"end":{"line":64,"column":1}},"9":{"start":{"line":49,"column":17},"end":{"line":58,"column":6}},"10":{"start":{"line":60,"column":4},"end":{"line":62,"column":5}},"11":{"start":{"line":61,"column":8},"end":{"line":61,"column":null}},"12":{"start":{"line":63,"column":4},"end":{"line":63,"column":16}},"13":{"start":{"line":66,"column":30},"end":{"line":80,"column":1}},"14":{"start":{"line":67,"column":17},"end":{"line":77,"column":6}},"15":{"start":{"line":79,"column":4},"end":{"line":79,"column":16}},"16":{"start":{"line":82,"column":25},"end":{"line":107,"column":1}},"17":{"start":{"line":83,"column":25},"end":{"line":85,"column":6}},"18":{"start":{"line":87,"column":4},"end":{"line":89,"column":5}},"19":{"start":{"line":88,"column":8},"end":{"line":88,"column":42}},"20":{"start":{"line":91,"column":4},"end":{"line":93,"column":5}},"21":{"start":{"line":92,"column":8},"end":{"line":92,"column":73}},"22":{"start":{"line":95,"column":17},"end":{"line":105,"column":6}},"23":{"start":{"line":106,"column":4},"end":{"line":106,"column":16}},"24":{"start":{"line":109,"column":26},"end":{"line":122,"column":1}},"25":{"start":{"line":110,"column":16},"end":{"line":112,"column":6}},"26":{"start":{"line":114,"column":4},"end":{"line":116,"column":5}},"27":{"start":{"line":115,"column":8},"end":{"line":115,"column":null}},"28":{"start":{"line":118,"column":4},"end":{"line":120,"column":null}},"29":{"start":{"line":121,"column":4},"end":{"line":121,"column":56}},"30":{"start":{"line":129,"column":27},"end":{"line":147,"column":1}},"31":{"start":{"line":130,"column":36},"end":{"line":130,"column":43}},"32":{"start":{"line":132,"column":18},"end":{"line":145,"column":6}},"33":{"start":{"line":146,"column":4},"end":{"line":146,"column":17}}},"fnMap":{"0":{"name":"(anonymous_0)","decl":{"start":{"line":16,"column":26},"end":{"line":16,"column":31}},"loc":{"start":{"line":16,"column":61},"end":{"line":46,"column":1}}},"1":{"name":"(anonymous_1)","decl":{"start":{"line":48,"column":27},"end":{"line":48,"column":32}},"loc":{"start":{"line":48,"column":48},"end":{"line":64,"column":1}}},"2":{"name":"(anonymous_2)","decl":{"start":{"line":66,"column":30},"end":{"line":66,"column":35}},"loc":{"start":{"line":66,"column":54},"end":{"line":80,"column":1}}},"3":{"name":"(anonymous_3)","decl":{"start":{"line":82,"column":25},"end":{"line":82,"column":30}},"loc":{"start":{"line":82,"column":74},"end":{"line":107,"column":1}}},"4":{"name":"(anonymous_4)","decl":{"start":{"line":109,"column":26},"end":{"line":109,"column":31}},"loc":{"start":{"line":109,"column":47},"end":{"line":122,"column":1}}},"5":{"name":"(anonymous_5)","decl":{"start":{"line":129,"column":27},"end":{"line":129,"column":32}},"loc":{"start":{"line":129,"column":70},"end":{"line":147,"column":1}}}},"branchMap":{"0":{"loc":{"start":{"line":23,"column":4},"end":{"line":25,"column":5}},"type":"if","locations":[{"start":{"line":23,"column":4},"end":{"line":25,"column":5}},{"start":{},"end":{}}]},"1":{"loc":{"start":{"line":60,"column":4},"end":{"line":62,"column":5}},"type":"if","locations":[{"start":{"line":60,"column":4},"end":{"line":62,"column":5}},{"start":{},"end":{}}]},"2":{"loc":{"start":{"line":87,"column":4},"end":{"line":89,"column":5}},"type":"if","locations":[{"start":{"line":87,"column":4},"end":{"line":89,"column":5}},{"start":{},"end":{}}]},"3":{"loc":{"start":{"line":91,"column":4},"end":{"line":93,"column":5}},"type":"if","locations":[{"start":{"line":91,"column":4},"end":{"line":93,"column":5}},{"start":{},"end":{}}]},"4":{"loc":{"start":{"line":114,"column":4},"end":{"line":116,"column":5}},"type":"if","locations":[{"start":{"line":114,"column":4},"end":{"line":116,"column":5}},{"start":{},"end":{}}]},"5":{"loc":{"start":{"line":129,"column":34},"end":{"line":129,"column":66}},"type":"default-arg","locations":[{"start":{"line":129,"column":64},"end":{"line":129,"column":66}}]},"6":{"loc":{"start":{"line":130,"column":12},"end":{"line":130,"column":20}},"type":"default-arg","locations":[{"start":{"line":130,"column":19},"end":{"line":130,"column":20}}]},"7":{"loc":{"start":{"line":130,"column":22},"end":{"line":130,"column":31}},"type":"default-arg","locations":[{"start":{"line":130,"column":29},"end":{"line":130,"column":31}}]}},"s":{"0":0,"1":0,"2":0,"3":0,"4":0,"5":0,"6":0,"7":0,"8":0,"9":0,"10":0,"11":0,"12":0,"13":0,"14":0,"15":0,"16":0,"17":0,"18":0,"19":0,"20":0,"21":0,"22":0,"23":0,"24":0,"25":0,"26":0,"27":0,"28":0,"29":0,"30":0,"31":0,"32":0,"33":0},"f":{"0":0,"1":0,"2":0,"3":0,"4":0,"5":0},"b":{"0":[0,0],"1":[0,0],"2":[0,0],"3":[0,0],"4":[0,0],"5":[0],"6":[0],"7":[0]}}
,"D:\\SoftWare\\OnlyJs\\Backend\\backend-projects\\blog-api\\src\\utils\\formatters.ts": {"path":"D:\\SoftWare\\OnlyJs\\Backend\\backend-projects\\blog-api\\src\\utils\\formatters.ts","statementMap":{"0":{"start":{"line":3,"column":23},"end":{"line":14,"column":1}},"1":{"start":{"line":4,"column":4},"end":{"line":6,"column":5}},"2":{"start":{"line":5,"column":8},"end":{"line":5,"column":18}},"3":{"start":{"line":8,"column":4},"end":{"line":13,"column":29}},"4":{"start":{"line":17,"column":24},"end":{"line":27,"column":1}},"5":{"start":{"line":18,"column":4},"end":{"line":20,"column":5}},"6":{"start":{"line":19,"column":8},"end":{"line":19,"column":20}},"7":{"start":{"line":22,"column":4},"end":{"line":24,"column":5}},"8":{"start":{"line":23,"column":8},"end":{"line":23,"column":20}},"9":{"start":{"line":26,"column":4},"end":{"line":26,"column":null}},"10":{"start":{"line":30,"column":26},"end":{"line":36,"column":1}},"11":{"start":{"line":31,"column":4},"end":{"line":33,"column":5}},"12":{"start":{"line":32,"column":8},"end":{"line":32,"column":18}},"13":{"start":{"line":35,"column":4},"end":{"line":35,"column":70}},"14":{"start":{"line":39,"column":26},"end":{"line":47,"column":1}},"15":{"start":{"line":40,"column":4},"end":{"line":42,"column":5}},"16":{"start":{"line":41,"column":8},"end":{"line":41,"column":null}},"17":{"start":{"line":44,"column":48},"end":{"line":44,"column":97}},"18":{"start":{"line":45,"column":26},"end":{"line":45,"column":67}},"19":{"start":{"line":46,"column":4},"end":{"line":46,"column":null}}},"fnMap":{"0":{"name":"(anonymous_0)","decl":{"start":{"line":3,"column":23},"end":{"line":3,"column":24}},"loc":{"start":{"line":3,"column":48},"end":{"line":14,"column":1}}},"1":{"name":"(anonymous_1)","decl":{"start":{"line":17,"column":24},"end":{"line":17,"column":25}},"loc":{"start":{"line":17,"column":66},"end":{"line":27,"column":1}}},"2":{"name":"(anonymous_2)","decl":{"start":{"line":30,"column":26},"end":{"line":30,"column":27}},"loc":{"start":{"line":30,"column":63},"end":{"line":36,"column":1}}},"3":{"name":"(anonymous_3)","decl":{"start":{"line":39,"column":26},"end":{"line":39,"column":27}},"loc":{"start":{"line":39,"column":49},"end":{"line":47,"column":1}}}},"branchMap":{"0":{"loc":{"start":{"line":4,"column":4},"end":{"line":6,"column":5}},"type":"if","locations":[{"start":{"line":4,"column":4},"end":{"line":6,"column":5}},{"start":{},"end":{}}]},"1":{"loc":{"start":{"line":4,"column":7},"end":{"line":4,"column":40}},"type":"binary-expr","locations":[{"start":{"line":4,"column":7},"end":{"line":4,"column":12}},{"start":{"line":4,"column":16},"end":{"line":4,"column":40}}]},"2":{"loc":{"start":{"line":17,"column":39},"end":{"line":17,"column":54}},"type":"default-arg","locations":[{"start":{"line":17,"column":51},"end":{"line":17,"column":54}}]},"3":{"loc":{"start":{"line":18,"column":4},"end":{"line":20,"column":5}},"type":"if","locations":[{"start":{"line":18,"column":4},"end":{"line":20,"column":5}},{"start":{},"end":{}}]},"4":{"loc":{"start":{"line":18,"column":7},"end":{"line":18,"column":40}},"type":"binary-expr","locations":[{"start":{"line":18,"column":7},"end":{"line":18,"column":12}},{"start":{"line":18,"column":16},"end":{"line":18,"column":40}}]},"5":{"loc":{"start":{"line":22,"column":4},"end":{"line":24,"column":5}},"type":"if","locations":[{"start":{"line":22,"column":4},"end":{"line":24,"column":5}},{"start":{},"end":{}}]},"6":{"loc":{"start":{"line":31,"column":4},"end":{"line":33,"column":5}},"type":"if","locations":[{"start":{"line":31,"column":4},"end":{"line":33,"column":5}},{"start":{},"end":{}}]},"7":{"loc":{"start":{"line":31,"column":7},"end":{"line":31,"column":40}},"type":"binary-expr","locations":[{"start":{"line":31,"column":7},"end":{"line":31,"column":12}},{"start":{"line":31,"column":16},"end":{"line":31,"column":40}}]},"8":{"loc":{"start":{"line":40,"column":4},"end":{"line":42,"column":5}},"type":"if","locations":[{"start":{"line":40,"column":4},"end":{"line":42,"column":5}},{"start":{},"end":{}}]},"9":{"loc":{"start":{"line":40,"column":7},"end":{"line":40,"column":64}},"type":"binary-expr","locations":[{"start":{"line":40,"column":7},"end":{"line":40,"column":12}},{"start":{"line":40,"column":16},"end":{"line":40,"column":39}},{"start":{"line":40,"column":43},"end":{"line":40,"column":64}}]}},"s":{"0":2,"1":18,"2":4,"3":14,"4":2,"5":10,"6":3,"7":7,"8":3,"9":4,"10":2,"11":8,"12":4,"13":4,"14":2,"15":5,"16":4,"17":1,"18":1,"19":1},"f":{"0":18,"1":10,"2":8,"3":5},"b":{"0":[4,14],"1":[18,15],"2":[4],"3":[3,7],"4":[10,8],"5":[3,4],"6":[4,4],"7":[8,5],"8":[4,1],"9":[5,3,2]}}
,"D:\\SoftWare\\OnlyJs\\Backend\\backend-projects\\blog-api\\src\\utils\\validators.ts": {"path":"D:\\SoftWare\\OnlyJs\\Backend\\backend-projects\\blog-api\\src\\utils\\validators.ts","statementMap":{"0":{"start":{"line":3,"column":29},"end":{"line":10,"column":1}},"1":{"start":{"line":4,"column":4},"end":{"line":6,"column":5}},"2":{"start":{"line":5,"column":8},"end":{"line":5,"column":21}},"3":{"start":{"line":8,"column":23},"end":{"line":8,"column":51}},"4":{"start":{"line":9,"column":4},"end":{"line":9,"column":34}},"5":{"start":{"line":13,"column":32},"end":{"line":27,"column":1}},"6":{"start":{"line":14,"column":4},"end":{"line":16,"column":5}},"7":{"start":{"line":15,"column":8},"end":{"line":15,"column":null}},"8":{"start":{"line":18,"column":4},"end":{"line":20,"column":5}},"9":{"start":{"line":19,"column":8},"end":{"line":19,"column":21}},"10":{"start":{"line":22,"column":25},"end":{"line":22,"column":47}},"11":{"start":{"line":23,"column":25},"end":{"line":23,"column":47}},"12":{"start":{"line":24,"column":22},"end":{"line":24,"column":44}},"13":{"start":{"line":26,"column":4},"end":{"line":26,"column":53}},"14":{"start":{"line":30,"column":23},"end":{"line":43,"column":1}},"15":{"start":{"line":32,"column":4},"end":{"line":34,"column":5}},"16":{"start":{"line":33,"column":8},"end":{"line":33,"column":null}},"17":{"start":{"line":37,"column":4},"end":{"line":39,"column":5}},"18":{"start":{"line":38,"column":8},"end":{"line":38,"column":null}},"19":{"start":{"line":42,"column":4},"end":{"line":42,"column":35}},"20":{"start":{"line":46,"column":30},"end":{"line":53,"column":1}},"21":{"start":{"line":47,"column":4},"end":{"line":49,"column":5}},"22":{"start":{"line":48,"column":8},"end":{"line":48,"column":null}},"23":{"start":{"line":51,"column":19},"end":{"line":51,"column":36}},"24":{"start":{"line":52,"column":4},"end":{"line":52,"column":42}},"25":{"start":{"line":55,"column":32},"end":{"line":57,"column":1}},"26":{"start":{"line":56,"column":4},"end":{"line":56,"column":43}}},"fnMap":{"0":{"name":"(anonymous_0)","decl":{"start":{"line":3,"column":29},"end":{"line":3,"column":30}},"loc":{"start":{"line":3,"column":53},"end":{"line":10,"column":1}}},"1":{"name":"(anonymous_1)","decl":{"start":{"line":13,"column":32},"end":{"line":13,"column":33}},"loc":{"start":{"line":13,"column":59},"end":{"line":27,"column":1}}},"2":{"name":"(anonymous_2)","decl":{"start":{"line":30,"column":23},"end":{"line":30,"column":24}},"loc":{"start":{"line":30,"column":45},"end":{"line":43,"column":1}}},"3":{"name":"(anonymous_3)","decl":{"start":{"line":46,"column":30},"end":{"line":46,"column":31}},"loc":{"start":{"line":46,"column":78},"end":{"line":53,"column":1}}},"4":{"name":"(anonymous_4)","decl":{"start":{"line":55,"column":32},"end":{"line":55,"column":33}},"loc":{"start":{"line":55,"column":62},"end":{"line":57,"column":1}}}},"branchMap":{"0":{"loc":{"start":{"line":4,"column":4},"end":{"line":6,"column":5}},"type":"if","locations":[{"start":{"line":4,"column":4},"end":{"line":6,"column":5}},{"start":{},"end":{}}]},"1":{"loc":{"start":{"line":4,"column":7},"end":{"line":4,"column":42}},"type":"binary-expr","locations":[{"start":{"line":4,"column":7},"end":{"line":4,"column":13}},{"start":{"line":4,"column":17},"end":{"line":4,"column":42}}]},"2":{"loc":{"start":{"line":14,"column":4},"end":{"line":16,"column":5}},"type":"if","locations":[{"start":{"line":14,"column":4},"end":{"line":16,"column":5}},{"start":{},"end":{}}]},"3":{"loc":{"start":{"line":14,"column":7},"end":{"line":14,"column":48}},"type":"binary-expr","locations":[{"start":{"line":14,"column":7},"end":{"line":14,"column":16}},{"start":{"line":14,"column":20},"end":{"line":14,"column":48}}]},"4":{"loc":{"start":{"line":18,"column":4},"end":{"line":20,"column":5}},"type":"if","locations":[{"start":{"line":18,"column":4},"end":{"line":20,"column":5}},{"start":{},"end":{}}]},"5":{"loc":{"start":{"line":26,"column":11},"end":{"line":26,"column":52}},"type":"binary-expr","locations":[{"start":{"line":26,"column":11},"end":{"line":26,"column":23}},{"start":{"line":26,"column":27},"end":{"line":26,"column":39}},{"start":{"line":26,"column":43},"end":{"line":26,"column":52}}]},"6":{"loc":{"start":{"line":32,"column":4},"end":{"line":34,"column":5}},"type":"if","locations":[{"start":{"line":32,"column":4},"end":{"line":34,"column":5}},{"start":{},"end":{}}]},"7":{"loc":{"start":{"line":32,"column":7},"end":{"line":32,"column":40}},"type":"binary-expr","locations":[{"start":{"line":32,"column":7},"end":{"line":32,"column":19}},{"start":{"line":32,"column":23},"end":{"line":32,"column":40}}]},"8":{"loc":{"start":{"line":37,"column":4},"end":{"line":39,"column":5}},"type":"if","locations":[{"start":{"line":37,"column":4},"end":{"line":39,"column":5}},{"start":{},"end":{}}]},"9":{"loc":{"start":{"line":47,"column":4},"end":{"line":49,"column":5}},"type":"if","locations":[{"start":{"line":47,"column":4},"end":{"line":49,"column":5}},{"start":{},"end":{}}]},"10":{"loc":{"start":{"line":47,"column":7},"end":{"line":47,"column":38}},"type":"binary-expr","locations":[{"start":{"line":47,"column":7},"end":{"line":47,"column":11}},{"start":{"line":47,"column":15},"end":{"line":47,"column":38}}]},"11":{"loc":{"start":{"line":52,"column":11},"end":{"line":52,"column":41}},"type":"binary-expr","locations":[{"start":{"line":52,"column":11},"end":{"line":52,"column":24}},{"start":{"line":52,"column":28},"end":{"line":52,"column":41}}]}},"s":{"0":3,"1":22,"2":6,"3":16,"4":16,"5":3,"6":30,"7":6,"8":24,"9":4,"10":20,"11":20,"12":20,"13":20,"14":3,"15":23,"16":5,"17":18,"18":2,"19":16,"20":3,"21":34,"22":9,"23":25,"24":25,"25":3,"26":15},"f":{"0":22,"1":30,"2":23,"3":34,"4":15},"b":{"0":[6,16],"1":[22,19],"2":[6,24],"3":[30,26],"4":[4,20],"5":[20,16,13],"6":[5,18],"7":[23,20],"8":[2,16],"9":[9,25],"10":[34,28],"11":[25,17]}}
}
