TN:
SF:src\app.ts
FN:20,(anonymous_0)
FN:27,(anonymous_1)
FN:32,(anonymous_2)
FNF:3
FNH:0
FNDA:0,(anonymous_0)
FNDA:0,(anonymous_1)
FNDA:0,(anonymous_2)
DA:8,0
DA:10,0
DA:12,0
DA:13,0
DA:14,0
DA:16,0
DA:17,0
DA:18,0
DA:20,0
DA:21,0
DA:27,0
DA:28,0
DA:32,0
DA:33,0
DA:36,0
DA:37,0
DA:40,0
LF:17
LH:0
BRDA:8,0,0,0
BRDA:8,0,1,0
BRDA:33,1,0,0
BRDA:33,1,1,0
BRDA:33,1,2,0
BRDA:36,2,0,0
BRDA:36,2,1,0
BRDA:41,3,0,0
BRDA:41,3,1,0
BRF:9
BRH:0
end_of_record
TN:
SF:src\config\database.ts
FN:8,(anonymous_0)
FNF:1
FNH:0
FNDA:0,(anonymous_0)
DA:3,0
DA:8,0
DA:9,0
LF:3
LH:0
BRDA:4,0,0,0
BRDA:4,0,1,0
BRF:2
BRH:0
end_of_record
TN:
SF:src\controllers\auth.ts
FN:7,(anonymous_0)
FN:55,(anonymous_1)
FN:103,(anonymous_2)
FNF:3
FNH:0
FNDA:0,(anonymous_0)
FNDA:0,(anonymous_1)
FNDA:0,(anonymous_2)
DA:7,0
DA:8,0
DA:9,0
DA:11,0
DA:12,0
DA:16,0
DA:17,0
DA:22,0
DA:23,0
DA:28,0
DA:30,0
DA:31,0
DA:34,0
DA:40,0
DA:46,0
DA:47,0
DA:50,0
DA:55,0
DA:56,0
DA:57,0
DA:59,0
DA:60,0
DA:65,0
DA:67,0
DA:68,0
DA:73,0
DA:75,0
DA:76,0
DA:81,0
DA:82,0
DA:85,0
DA:91,0
DA:93,0
DA:99,0
DA:103,0
DA:104,0
DA:105,0
DA:110,0
LF:38
LH:0
BRDA:11,0,0,0
BRDA:11,0,1,0
BRDA:16,1,0,0
BRDA:16,1,1,0
BRDA:22,2,0,0
BRDA:22,2,1,0
BRDA:22,3,0,0
BRDA:22,3,1,0
BRDA:30,4,0,0
BRDA:30,4,1,0
BRDA:46,5,0,0
BRDA:46,5,1,0
BRDA:46,6,0,0
BRDA:46,6,1,0
BRDA:59,7,0,0
BRDA:59,7,1,0
BRDA:59,8,0,0
BRDA:59,8,1,0
BRDA:67,9,0,0
BRDA:67,9,1,0
BRDA:75,10,0,0
BRDA:75,10,1,0
BRDA:81,11,0,0
BRDA:81,11,1,0
BRF:24
BRH:0
end_of_record
TN:
SF:src\controllers\comment.ts
FN:12,(anonymous_0)
FN:30,(anonymous_1)
FN:41,(anonymous_2)
FNF:3
FNH:0
FNDA:0,(anonymous_0)
FNDA:0,(anonymous_1)
FNDA:0,(anonymous_2)
DA:12,0
DA:13,0
DA:14,0
DA:15,0
DA:17,0
DA:18,0
DA:23,0
DA:24,0
DA:26,0
DA:30,0
DA:31,0
DA:32,0
DA:34,0
DA:35,0
DA:37,0
DA:41,0
DA:42,0
DA:43,0
DA:45,0
DA:47,0
DA:49,0
DA:50,0
DA:52,0
DA:53,0
DA:55,0
LF:25
LH:0
BRDA:17,0,0,0
BRDA:17,0,1,0
BRDA:17,1,0,0
BRDA:17,1,1,0
BRDA:49,2,0,0
BRDA:49,2,1,0
BRDA:52,3,0,0
BRDA:52,3,1,0
BRF:8
BRH:0
end_of_record
TN:
SF:src\controllers\post.ts
FN:17,(anonymous_0)
FN:49,(anonymous_1)
FN:85,(anonymous_2)
FN:107,(anonymous_3)
FN:138,(anonymous_4)
FNF:5
FNH:0
FNDA:0,(anonymous_0)
FNDA:0,(anonymous_1)
FNDA:0,(anonymous_2)
FNDA:0,(anonymous_3)
FNDA:0,(anonymous_4)
DA:17,0
DA:18,0
DA:19,0
DA:21,0
DA:22,0
DA:27,0
DA:28,0
DA:33,0
DA:39,0
DA:45,0
DA:49,0
DA:50,0
DA:51,0
DA:53,0
DA:54,0
DA:56,0
DA:57,0
DA:62,0
DA:63,0
DA:65,0
DA:67,0
DA:68,0
DA:71,0
DA:73,0
DA:81,0
DA:85,0
DA:86,0
DA:87,0
DA:88,0
DA:90,0
DA:91,0
DA:94,0
DA:96,0
DA:99,0
DA:100,0
DA:102,0
DA:107,0
DA:108,0
DA:109,0
DA:110,0
DA:112,0
DA:113,0
DA:114,0
DA:115,0
DA:117,0
DA:119,0
DA:125,0
DA:126,0
DA:128,0
DA:129,0
DA:131,0
DA:138,0
DA:139,0
DA:140,0
DA:142,0
DA:144,0
DA:147,0
DA:148,0
DA:150,0
DA:151,0
DA:153,0
LF:61
LH:0
BRDA:21,0,0,0
BRDA:21,0,1,0
BRDA:21,1,0,0
BRDA:21,1,1,0
BRDA:27,2,0,0
BRDA:27,2,1,0
BRDA:27,3,0,0
BRDA:27,3,1,0
BRDA:36,4,0,0
BRDA:36,4,1,0
BRDA:51,5,0,0
BRDA:51,6,0,0
BRDA:56,7,0,0
BRDA:56,7,1,0
BRDA:56,8,0,0
BRDA:56,8,1,0
BRDA:56,8,2,0
BRDA:56,8,3,0
BRDA:67,9,0,0
BRDA:67,9,1,0
BRDA:90,10,0,0
BRDA:90,10,1,0
BRDA:99,11,0,0
BRDA:99,11,1,0
BRDA:99,12,0,0
BRDA:99,12,1,0
BRDA:113,13,0,0
BRDA:113,13,1,0
BRDA:114,14,0,0
BRDA:114,14,1,0
BRDA:115,15,0,0
BRDA:115,15,1,0
BRDA:125,16,0,0
BRDA:125,16,1,0
BRDA:125,17,0,0
BRDA:125,17,1,0
BRDA:128,18,0,0
BRDA:128,18,1,0
BRDA:128,19,0,0
BRDA:128,19,1,0
BRDA:147,20,0,0
BRDA:147,20,1,0
BRDA:147,21,0,0
BRDA:147,21,1,0
BRDA:150,22,0,0
BRDA:150,22,1,0
BRDA:150,23,0,0
BRDA:150,23,1,0
BRF:48
BRH:0
end_of_record
TN:
SF:src\middlewares\auth.ts
FN:19,(anonymous_0)
FNF:1
FNH:0
FNDA:0,(anonymous_0)
DA:19,0
DA:20,0
DA:21,0
DA:23,0
DA:24,0
DA:27,0
DA:30,0
DA:32,0
DA:34,0
DA:35,0
DA:36,0
DA:38,0
DA:39,0
DA:43,0
DA:44,0
DA:48,0
LF:16
LH:0
BRDA:23,0,0,0
BRDA:23,0,1,0
BRDA:23,1,0,0
BRDA:23,1,1,0
BRDA:38,2,0,0
BRDA:38,2,1,0
BRDA:43,3,0,0
BRDA:43,3,1,0
BRF:8
BRH:0
end_of_record
TN:
SF:src\routes\auth.ts
FNF:0
FNH:0
DA:5,0
DA:7,0
DA:8,0
DA:9,0
LF:4
LH:0
BRF:0
BRH:0
end_of_record
TN:
SF:src\routes\comment.ts
FNF:0
FNH:0
DA:5,0
DA:7,0
DA:8,0
DA:9,0
LF:4
LH:0
BRF:0
BRH:0
end_of_record
TN:
SF:src\routes\post.ts
FNF:0
FNH:0
DA:11,0
DA:13,0
DA:14,0
DA:16,0
DA:17,0
DA:18,0
LF:6
LH:0
BRF:0
BRH:0
end_of_record
TN:
SF:src\services\comment.ts
FN:3,(anonymous_0)
FN:32,(anonymous_1)
FN:51,(anonymous_2)
FNF:3
FNH:0
FNDA:0,(anonymous_0)
FNDA:0,(anonymous_1)
FNDA:0,(anonymous_2)
DA:3,0
DA:5,0
DA:9,0
DA:10,0
DA:13,0
DA:29,0
DA:32,0
DA:33,0
DA:48,0
DA:51,0
DA:52,0
DA:56,0
DA:57,0
DA:60,0
DA:61,0
DA:64,0
DA:67,0
LF:17
LH:0
BRDA:9,0,0,0
BRDA:9,0,1,0
BRDA:56,1,0,0
BRDA:56,1,1,0
BRDA:60,2,0,0
BRDA:60,2,1,0
BRF:6
BRH:0
end_of_record
TN:
SF:src\services\post.ts
FN:18,(anonymous_0)
FN:56,(anonymous_1)
FN:89,(anonymous_2)
FN:116,(anonymous_3)
FN:150,(anonymous_4)
FN:182,(anonymous_5)
FN:198,(anonymous_6)
FNF:7
FNH:0
FNDA:0,(anonymous_0)
FNDA:0,(anonymous_1)
FNDA:0,(anonymous_2)
FNDA:0,(anonymous_3)
FNDA:0,(anonymous_4)
FNDA:0,(anonymous_5)
FNDA:0,(anonymous_6)
DA:18,0
DA:19,0
DA:21,0
DA:23,0
DA:27,0
DA:28,0
DA:29,0
DA:31,0
DA:34,0
DA:53,0
DA:56,0
DA:57,0
DA:83,0
DA:84,0
DA:86,0
DA:89,0
DA:90,0
DA:103,0
DA:104,0
DA:106,0
DA:116,0
DA:117,0
DA:119,0
DA:121,0
DA:122,0
DA:125,0
DA:126,0
DA:129,0
DA:147,0
DA:150,0
DA:151,0
DA:153,0
DA:154,0
DA:157,0
DA:158,0
DA:161,0
DA:162,0
DA:165,0
DA:179,0
DA:182,0
DA:183,0
DA:185,0
DA:186,0
DA:189,0
DA:190,0
DA:193,0
DA:195,0
DA:198,0
DA:199,0
LF:49
LH:0
BRDA:19,0,0,0
BRDA:27,1,0,0
BRDA:27,1,1,0
BRDA:83,2,0,0
BRDA:83,2,1,0
BRDA:103,3,0,0
BRDA:103,3,1,0
BRDA:116,4,0,0
BRDA:117,5,0,0
BRDA:117,6,0,0
BRDA:121,7,0,0
BRDA:121,7,1,0
BRDA:125,8,0,0
BRDA:125,8,1,0
BRDA:153,9,0,0
BRDA:153,9,1,0
BRDA:157,10,0,0
BRDA:157,10,1,0
BRDA:161,11,0,0
BRDA:161,11,1,0
BRDA:185,12,0,0
BRDA:185,12,1,0
BRDA:189,13,0,0
BRDA:189,13,1,0
BRDA:198,14,0,0
BRF:25
BRH:0
end_of_record
TN:
SF:src\services\user.ts
FN:16,(anonymous_0)
FN:48,(anonymous_1)
FN:66,(anonymous_2)
FN:82,(anonymous_3)
FN:109,(anonymous_4)
FN:129,(anonymous_5)
FNF:6
FNH:0
FNDA:0,(anonymous_0)
FNDA:0,(anonymous_1)
FNDA:0,(anonymous_2)
FNDA:0,(anonymous_3)
FNDA:0,(anonymous_4)
FNDA:0,(anonymous_5)
DA:16,0
DA:17,0
DA:19,0
DA:23,0
DA:24,0
DA:27,0
DA:29,0
DA:45,0
DA:48,0
DA:49,0
DA:60,0
DA:61,0
DA:63,0
DA:66,0
DA:67,0
DA:79,0
DA:82,0
DA:83,0
DA:87,0
DA:88,0
DA:91,0
DA:92,0
DA:95,0
DA:106,0
DA:109,0
DA:110,0
DA:114,0
DA:115,0
DA:118,0
DA:121,0
DA:129,0
DA:130,0
DA:132,0
DA:146,0
LF:34
LH:0
BRDA:23,0,0,0
BRDA:23,0,1,0
BRDA:60,1,0,0
BRDA:60,1,1,0
BRDA:87,2,0,0
BRDA:87,2,1,0
BRDA:91,3,0,0
BRDA:91,3,1,0
BRDA:114,4,0,0
BRDA:114,4,1,0
BRDA:129,5,0,0
BRDA:130,6,0,0
BRDA:130,7,0,0
BRF:13
BRH:0
end_of_record
TN:
SF:src\utils\formatters.ts
FN:3,(anonymous_0)
FN:17,(anonymous_1)
FN:30,(anonymous_2)
FN:39,(anonymous_3)
FNF:4
FNH:4
FNDA:18,(anonymous_0)
FNDA:10,(anonymous_1)
FNDA:8,(anonymous_2)
FNDA:5,(anonymous_3)
DA:3,2
DA:4,18
DA:5,4
DA:8,14
DA:17,2
DA:18,10
DA:19,3
DA:22,7
DA:23,3
DA:26,4
DA:30,2
DA:31,8
DA:32,4
DA:35,4
DA:39,2
DA:40,5
DA:41,4
DA:44,1
DA:45,1
DA:46,1
LF:20
LH:20
BRDA:4,0,0,4
BRDA:4,0,1,14
BRDA:4,1,0,18
BRDA:4,1,1,15
BRDA:17,2,0,4
BRDA:18,3,0,3
BRDA:18,3,1,7
BRDA:18,4,0,10
BRDA:18,4,1,8
BRDA:22,5,0,3
BRDA:22,5,1,4
BRDA:31,6,0,4
BRDA:31,6,1,4
BRDA:31,7,0,8
BRDA:31,7,1,5
BRDA:40,8,0,4
BRDA:40,8,1,1
BRDA:40,9,0,5
BRDA:40,9,1,3
BRDA:40,9,2,2
BRF:20
BRH:20
end_of_record
TN:
SF:src\utils\validators.ts
FN:3,(anonymous_0)
FN:13,(anonymous_1)
FN:30,(anonymous_2)
FN:46,(anonymous_3)
FN:55,(anonymous_4)
FNF:5
FNH:5
FNDA:22,(anonymous_0)
FNDA:30,(anonymous_1)
FNDA:23,(anonymous_2)
FNDA:34,(anonymous_3)
FNDA:15,(anonymous_4)
DA:3,3
DA:4,22
DA:5,6
DA:8,16
DA:9,16
DA:13,3
DA:14,30
DA:15,6
DA:18,24
DA:19,4
DA:22,20
DA:23,20
DA:24,20
DA:26,20
DA:30,3
DA:32,23
DA:33,5
DA:37,18
DA:38,2
DA:42,16
DA:46,3
DA:47,34
DA:48,9
DA:51,25
DA:52,25
DA:55,3
DA:56,15
LF:27
LH:27
BRDA:4,0,0,6
BRDA:4,0,1,16
BRDA:4,1,0,22
BRDA:4,1,1,19
BRDA:14,2,0,6
BRDA:14,2,1,24
BRDA:14,3,0,30
BRDA:14,3,1,26
BRDA:18,4,0,4
BRDA:18,4,1,20
BRDA:26,5,0,20
BRDA:26,5,1,16
BRDA:26,5,2,13
BRDA:32,6,0,5
BRDA:32,6,1,18
BRDA:32,7,0,23
BRDA:32,7,1,20
BRDA:37,8,0,2
BRDA:37,8,1,16
BRDA:47,9,0,9
BRDA:47,9,1,25
BRDA:47,10,0,34
BRDA:47,10,1,28
BRDA:52,11,0,25
BRDA:52,11,1,17
BRF:25
BRH:25
end_of_record
